#
# There is insufficient memory for the Java Runtime Environment to continue.
# Native memory allocation (malloc) failed to allocate 688016 bytes. Error detail: Chunk::new
# Possible reasons:
#   The system is out of physical RAM or swap space
#   This process is running with CompressedOops enabled, and the Java Heap may be blocking the growth of the native heap
# Possible solutions:
#   Reduce memory load on the system
#   Increase physical memory or swap space
#   Check if swap backing store is full
#   Decrease Java heap size (-Xmx/-Xms)
#   Decrease number of Java threads
#   Decrease Java thread stack sizes (-Xss)
#   Set larger code cache with -XX:ReservedCodeCacheSize=
#   JVM is running with Unscaled Compressed Oops mode in which the Java heap is
#     placed in the first 4GB address space. The Java Heap base address is the
#     maximum limit for the native heap growth. Please use -XX:HeapBaseMinAddress
#     to set the Java Heap base and to place the Java Heap above 4GB virtual address.
# This output file may be truncated or incomplete.
#
#  Out of Memory Error (arena.cpp:168), pid=5740, tid=6268
#
# JRE version: OpenJDK Runtime Environment (21.0.9) (build 21.0.9+-14787801-b1163.94)
# Java VM: OpenJDK 64-Bit Server VM (21.0.9+-14787801-b1163.94, mixed mode, tiered, compressed oops, compressed class ptrs, g1 gc, windows-amd64)
# No core dump will be written. Minidumps are not enabled by default on client versions of Windows
#

---------------  S U M M A R Y ------------

Command Line: --add-opens=java.base/java.lang=ALL-UNNAMED --add-opens=java.base/java.lang.invoke=ALL-UNNAMED --add-opens=java.base/java.util=ALL-UNNAMED --add-opens=java.prefs/java.util.prefs=ALL-UNNAMED --add-exports=jdk.compiler/com.sun.tools.javac.api=ALL-UNNAMED --add-exports=jdk.compiler/com.sun.tools.javac.util=ALL-UNNAMED --add-opens=java.base/java.util=ALL-UNNAMED --add-opens=java.prefs/java.util.prefs=ALL-UNNAMED --add-opens=java.base/java.nio.charset=ALL-UNNAMED --add-opens=java.base/java.net=ALL-UNNAMED --add-opens=java.base/java.util.concurrent.atomic=ALL-UNNAMED --add-opens=java.xml/javax.xml.namespace=ALL-UNNAMED -Xmx2048m -Dfile.encoding=UTF-8 -Duser.country=US -Duser.language=en -Duser.variant -javaagent:C:\Users\ACER\.gradle\wrapper\dists\gradle-8.11.1-bin\bpt9gzteqjrbo1mjrsomdt32c\gradle-8.11.1\lib\agents\gradle-instrumentation-agent-8.11.1.jar org.gradle.launcher.daemon.bootstrap.GradleDaemon 8.11.1

Host: Intel(R) Core(TM) i5-7200U CPU @ 2.50GHz, 4 cores, 7G,  Windows 10 , 64 bit Build 19041 (10.0.19041.5915)
Time: Thu Apr 16 18:06:29 2026 SE Asia Standard Time elapsed time: 22.075335 seconds (0d 0h 0m 22s)

---------------  T H R E A D  ---------------

Current thread (0x00000252cc037e40):  JavaThread "C2 CompilerThread0" daemon [_thread_in_native, id=6268, stack(0x000000cf55000000,0x000000cf55100000) (1024K)]


Current CompileTask:
C2:22075 4323   !   4       java.lang.ClassLoader::loadClass (121 bytes)

Stack: [0x000000cf55000000,0x000000cf55100000]
Native frames: (J=compiled Java code, j=interpreted, Vv=VM code, C=native code)
V  [jvm.dll+0x6d6c99]
V  [jvm.dll+0x866b83]
V  [jvm.dll+0x8691ae]
V  [jvm.dll+0x869893]
V  [jvm.dll+0x280776]
V  [jvm.dll+0xc07cd]
V  [jvm.dll+0xc0d03]
V  [jvm.dll+0x2f5a10]
V  [jvm.dll+0x5ff9a9]
V  [jvm.dll+0x252572]
V  [jvm.dll+0x24aa34]
V  [jvm.dll+0x24892e]
V  [jvm.dll+0x1c7344]
V  [jvm.dll+0x2581ae]
V  [jvm.dll+0x2566f6]
V  [jvm.dll+0x3f48a6]
V  [jvm.dll+0x80f118]
V  [jvm.dll+0x6d54ed]
C  [ucrtbase.dll+0x21bb2]
C  [KERNEL32.DLL+0x17374]
C  [ntdll.dll+0x4cc91]


---------------  P R O C E S S  ---------------

Threads class SMR info:
_java_thread_list=0x00000252cdb2eb10, length=36, elements={
0x00000252aec223d0, 0x00000252cc0145d0, 0x00000252cc0534a0, 0x00000252cc019d80,
0x00000252cc01a7e0, 0x00000252cc035fe0, 0x00000252cc036650, 0x00000252cc0370b0,
0x00000252cc037e40, 0x00000252cc0ba640, 0x00000252cc3aa7c0, 0x00000252cc26c030,
0x00000252ccfd9ef0, 0x00000252cc7f0930, 0x00000252ce837590, 0x00000252cd426740,
0x00000252ce2b3d10, 0x00000252cd571260, 0x00000252ce0a8430, 0x00000252ce0a7da0,
0x00000252ce0ab220, 0x00000252ce0a8ac0, 0x00000252ce0a97e0, 0x00000252ce0aab90,
0x00000252ce0a9150, 0x00000252ce0aa500, 0x00000252d0145ed0, 0x00000252d01423c0,
0x00000252d0142a50, 0x00000252d0143770, 0x00000252d0146560, 0x00000252d01430e0,
0x00000252d01416a0, 0x00000252d013fc60, 0x00000252d01402f0, 0x00000252d0145840
}

Java Threads: ( => current thread )
  0x00000252aec223d0 JavaThread "main"                              [_thread_blocked, id=11056, stack(0x000000cf54100000,0x000000cf54200000) (1024K)]
  0x00000252cc0145d0 JavaThread "Common-Cleaner"             daemon [_thread_blocked, id=13432, stack(0x000000cf54900000,0x000000cf54a00000) (1024K)]
  0x00000252cc0534a0 JavaThread "Reference Handler"          daemon [_thread_blocked, id=4472, stack(0x000000cf54a00000,0x000000cf54b00000) (1024K)]
  0x00000252cc019d80 JavaThread "Finalizer"                  daemon [_thread_blocked, id=6272, stack(0x000000cf54b00000,0x000000cf54c00000) (1024K)]
  0x00000252cc01a7e0 JavaThread "Signal Dispatcher"          daemon [_thread_blocked, id=2732, stack(0x000000cf54c00000,0x000000cf54d00000) (1024K)]
  0x00000252cc035fe0 JavaThread "Attach Listener"            daemon [_thread_blocked, id=3668, stack(0x000000cf54d00000,0x000000cf54e00000) (1024K)]
  0x00000252cc036650 JavaThread "Service Thread"             daemon [_thread_blocked, id=5012, stack(0x000000cf54e00000,0x000000cf54f00000) (1024K)]
  0x00000252cc0370b0 JavaThread "Monitor Deflation Thread"   daemon [_thread_blocked, id=6556, stack(0x000000cf54f00000,0x000000cf55000000) (1024K)]
=>0x00000252cc037e40 JavaThread "C2 CompilerThread0"         daemon [_thread_in_native, id=6268, stack(0x000000cf55000000,0x000000cf55100000) (1024K)]
  0x00000252cc0ba640 JavaThread "C1 CompilerThread0"         daemon [_thread_in_native, id=2412, stack(0x000000cf55100000,0x000000cf55200000) (1024K)]
  0x00000252cc3aa7c0 JavaThread "Notification Thread"        daemon [_thread_blocked, id=10056, stack(0x000000cf55200000,0x000000cf55300000) (1024K)]
  0x00000252cc26c030 JavaThread "Daemon health stats"               [_thread_blocked, id=9924, stack(0x000000cf55500000,0x000000cf55600000) (1024K)]
  0x00000252ccfd9ef0 JavaThread "Incoming local TCP Connector on port 52524"        [_thread_in_native, id=1100, stack(0x000000cf55800000,0x000000cf55900000) (1024K)]
  0x00000252cc7f0930 JavaThread "Daemon periodic checks"            [_thread_blocked, id=788, stack(0x000000cf55900000,0x000000cf55a00000) (1024K)]
  0x00000252ce837590 JavaThread "Daemon"                            [_thread_blocked, id=8392, stack(0x000000cf55a00000,0x000000cf55b00000) (1024K)]
  0x00000252cd426740 JavaThread "Handler for socket connection from /127.0.0.1:52524 to /127.0.0.1:52525"        [_thread_in_native, id=1052, stack(0x000000cf55b00000,0x000000cf55c00000) (1024K)]
  0x00000252ce2b3d10 JavaThread "Cancel handler"                    [_thread_blocked, id=10452, stack(0x000000cf55c00000,0x000000cf55d00000) (1024K)]
  0x00000252cd571260 JavaThread "Daemon worker"                     [_thread_blocked, id=13836, stack(0x000000cf55d00000,0x000000cf55e00000) (1024K)]
  0x00000252ce0a8430 JavaThread "Asynchronous log dispatcher for DefaultDaemonConnection: socket connection from /127.0.0.1:52524 to /127.0.0.1:52525"        [_thread_blocked, id=11540, stack(0x000000cf55e00000,0x000000cf55f00000) (1024K)]
  0x00000252ce0a7da0 JavaThread "Stdin handler"                     [_thread_blocked, id=9888, stack(0x000000cf55f00000,0x000000cf56000000) (1024K)]
  0x00000252ce0ab220 JavaThread "Daemon client event forwarder"        [_thread_blocked, id=13628, stack(0x000000cf56000000,0x000000cf56100000) (1024K)]
  0x00000252ce0a8ac0 JavaThread "Cache worker for journal cache (C:\Users\ACER\.gradle\caches\journal-1)"        [_thread_blocked, id=7652, stack(0x000000cf56100000,0x000000cf56200000) (1024K)]
  0x00000252ce0a97e0 JavaThread "File lock request listener"        [_thread_in_native, id=4844, stack(0x000000cf56200000,0x000000cf56300000) (1024K)]
  0x00000252ce0aab90 JavaThread "Cache worker for file hash cache (C:\Users\ACER\.gradle\caches\8.11.1\fileHashes)"        [_thread_blocked, id=6536, stack(0x000000cf56300000,0x000000cf56400000) (1024K)]
  0x00000252ce0a9150 JavaThread "Cache worker for file content cache (C:\Users\ACER\.gradle\caches\8.11.1\fileContent)"        [_thread_blocked, id=7028, stack(0x000000cf55700000,0x000000cf55800000) (1024K)]
  0x00000252ce0aa500 JavaThread "Cache worker for file hash cache (E:\Mobile Ck\MobileApp\.gradle\8.11.1\fileHashes)"        [_thread_blocked, id=2868, stack(0x000000cf56400000,0x000000cf56500000) (1024K)]
  0x00000252d0145ed0 JavaThread "Cache worker for Build Output Cleanup Cache (E:\Mobile Ck\MobileApp\.gradle\buildOutputCleanup)"        [_thread_blocked, id=2072, stack(0x000000cf56500000,0x000000cf56600000) (1024K)]
  0x00000252d01423c0 JavaThread "File watcher server"        daemon [_thread_in_native, id=4420, stack(0x000000cf56600000,0x000000cf56700000) (1024K)]
  0x00000252d0142a50 JavaThread "File watcher consumer"      daemon [_thread_blocked, id=7368, stack(0x000000cf56700000,0x000000cf56800000) (1024K)]
  0x00000252d0143770 JavaThread "jar transforms"                    [_thread_blocked, id=1552, stack(0x000000cf56800000,0x000000cf56900000) (1024K)]
  0x00000252d0146560 JavaThread "jar transforms Thread 2"           [_thread_blocked, id=32, stack(0x000000cf56900000,0x000000cf56a00000) (1024K)]
  0x00000252d01430e0 JavaThread "jar transforms Thread 3"           [_thread_blocked, id=5968, stack(0x000000cf56a00000,0x000000cf56b00000) (1024K)]
  0x00000252d01416a0 JavaThread "jar transforms Thread 4"           [_thread_blocked, id=3980, stack(0x000000cf56b00000,0x000000cf56c00000) (1024K)]
  0x00000252d013fc60 JavaThread "Cache worker for checksums cache (E:\Mobile Ck\MobileApp\.gradle\8.11.1\checksums)"        [_thread_blocked, id=3336, stack(0x000000cf56c00000,0x000000cf56d00000) (1024K)]
  0x00000252d01402f0 JavaThread "Cache worker for cache directory md-rule (C:\Users\ACER\.gradle\caches\8.11.1\md-rule)"        [_thread_blocked, id=11500, stack(0x000000cf56d00000,0x000000cf56e00000) (1024K)]
  0x00000252d0145840 JavaThread "Cache worker for cache directory md-supplier (C:\Users\ACER\.gradle\caches\8.11.1\md-supplier)"        [_thread_blocked, id=13212, stack(0x000000cf56e00000,0x000000cf56f00000) (1024K)]
Total: 36

Other Threads:
  0x00000252c7d43520 VMThread "VM Thread"                           [id=9384, stack(0x000000cf54800000,0x000000cf54900000) (1024K)]
  0x00000252c7cabdd0 WatcherThread "VM Periodic Task Thread"        [id=4520, stack(0x000000cf54700000,0x000000cf54800000) (1024K)]
  0x00000252aecee000 WorkerThread "GC Thread#0"                     [id=6252, stack(0x000000cf54200000,0x000000cf54300000) (1024K)]
  0x00000252cc5c0ff0 WorkerThread "GC Thread#1"                     [id=192, stack(0x000000cf55300000,0x000000cf55400000) (1024K)]
  0x00000252cc33c9c0 WorkerThread "GC Thread#2"                     [id=4604, stack(0x000000cf55400000,0x000000cf55500000) (1024K)]
  0x00000252cd3dc3c0 WorkerThread "GC Thread#3"                     [id=13540, stack(0x000000cf55600000,0x000000cf55700000) (1024K)]
  0x00000252b0f29030 ConcurrentGCThread "G1 Main Marker"            [id=6756, stack(0x000000cf54300000,0x000000cf54400000) (1024K)]
  0x00000252b0f2b000 WorkerThread "G1 Conc#0"                       [id=11680, stack(0x000000cf54400000,0x000000cf54500000) (1024K)]
  0x00000252b0f8e1d0 ConcurrentGCThread "G1 Refine#0"               [id=13920, stack(0x000000cf54500000,0x000000cf54600000) (1024K)]
  0x00000252c7b844d0 ConcurrentGCThread "G1 Service"                [id=3096, stack(0x000000cf54600000,0x000000cf54700000) (1024K)]
Total: 10

Threads with active compile tasks:
C2 CompilerThread0  22136 4323   !   4       java.lang.ClassLoader::loadClass (121 bytes)
C1 CompilerThread0  22136 4341   !   3       java.net.URL::<init> (543 bytes)
Total: 2

VM state: at safepoint (normal execution)

VM Mutex/Monitor currently owned by a thread:  ([mutex/lock_event])
[0x00007ffd84588690] Threads_lock - owner thread: 0x00000252c7d43520
[0x00007ffd84588790] Heap_lock - owner thread: 0x00000252b0f29030

Heap address: 0x0000000080000000, size: 2048 MB, Compressed Oops mode: 32-bit

CDS archive(s) not mapped
Compressed class space mapped at: 0x0000000100000000-0x0000000140000000, reserved size: 1073741824
Narrow klass base: 0x0000000000000000, Narrow klass shift: 3, Narrow klass range: 0x140000000

GC Precious Log:
 CardTable entry size: 512
 Card Set container configuration: InlinePtr #cards 5 size 8 Array Of Cards #cards 12 size 40 Howl #buckets 4 coarsen threshold 1843 Howl Bitmap #cards 512 size 80 coarsen threshold 460 Card regions per heap region 1 cards per card region 2048
 CPUs: 4 total, 4 available
 Memory: 8060M
 Large Page Support: Disabled
 NUMA Support: Disabled
 Compressed Oops: Enabled (32-bit)
 Heap Region Size: 1M
 Heap Min Capacity: 8M
 Heap Initial Capacity: 126M
 Heap Max Capacity: 2G
 Pre-touch: Disabled
 Parallel Workers: 4
 Concurrent Workers: 1
 Concurrent Refinement Workers: 4
 Periodic GC: Disabled

Heap:
 garbage-first heap   total 84992K, used 56443K [0x0000000080000000, 0x0000000100000000)
  region size 1024K, 5 young (5120K), 3 survivors (3072K)
 Metaspace       used 44169K, committed 45376K, reserved 1114112K
  class space    used 6394K, committed 6976K, reserved 1048576K

Heap Regions: E=young(eden), S=young(survivor), O=old, HS=humongous(starts), HC=humongous(continues), CS=collection set, F=free, TAMS=top-at-mark-start, PB=parsable bottom
|   0|0x0000000080000000, 0x0000000080100000, 0x0000000080100000|100%| O|  |TAMS 0x0000000080100000| PB 0x0000000080100000| Untracked 
|   1|0x0000000080100000, 0x0000000080200000, 0x0000000080200000|100%|HS|  |TAMS 0x0000000080200000| PB 0x0000000080100000| Complete 
|   2|0x0000000080200000, 0x0000000080300000, 0x0000000080300000|100%|HC|  |TAMS 0x0000000080300000| PB 0x0000000080200000| Complete 
|   3|0x0000000080300000, 0x0000000080400000, 0x0000000080400000|100%|HC|  |TAMS 0x0000000080400000| PB 0x0000000080300000| Complete 
|   4|0x0000000080400000, 0x0000000080500000, 0x0000000080500000|100%|HS|  |TAMS 0x0000000080500000| PB 0x0000000080400000| Complete 
|   5|0x0000000080500000, 0x0000000080600000, 0x0000000080600000|100%| O|  |TAMS 0x0000000080600000| PB 0x0000000080600000| Untracked 
|   6|0x0000000080600000, 0x0000000080700000, 0x0000000080700000|100%| O|  |TAMS 0x0000000080700000| PB 0x0000000080700000| Updating 
|   7|0x0000000080700000, 0x0000000080700000, 0x0000000080800000|  0%| F|  |TAMS 0x0000000080700000| PB 0x0000000080700000| Untracked 
|   8|0x0000000080800000, 0x0000000080900000, 0x0000000080900000|100%| O|  |TAMS 0x0000000080900000| PB 0x0000000080900000| Untracked 
|   9|0x0000000080900000, 0x0000000080a00000, 0x0000000080a00000|100%| O|  |TAMS 0x0000000080a00000| PB 0x0000000080a00000| Untracked 
|  10|0x0000000080a00000, 0x0000000080b00000, 0x0000000080b00000|100%| O|  |TAMS 0x0000000080b00000| PB 0x0000000080b00000| Untracked 
|  11|0x0000000080b00000, 0x0000000080c00000, 0x0000000080c00000|100%| O|  |TAMS 0x0000000080c00000| PB 0x0000000080c00000| Untracked 
|  12|0x0000000080c00000, 0x0000000080d00000, 0x0000000080d00000|100%| O|  |TAMS 0x0000000080d00000| PB 0x0000000080d00000| Untracked 
|  13|0x0000000080d00000, 0x0000000080e00000, 0x0000000080e00000|100%| O|  |TAMS 0x0000000080e00000| PB 0x0000000080e00000| Untracked 
|  14|0x0000000080e00000, 0x0000000080f00000, 0x0000000080f00000|100%| O|  |TAMS 0x0000000080f00000| PB 0x0000000080f00000| Untracked 
|  15|0x0000000080f00000, 0x0000000081000000, 0x0000000081000000|100%| O|  |TAMS 0x0000000081000000| PB 0x0000000081000000| Untracked 
|  16|0x0000000081000000, 0x0000000081100000, 0x0000000081100000|100%| O|  |TAMS 0x0000000081100000| PB 0x0000000081100000| Untracked 
|  17|0x0000000081100000, 0x0000000081200000, 0x0000000081200000|100%| O|  |TAMS 0x0000000081200000| PB 0x0000000081200000| Untracked 
|  18|0x0000000081200000, 0x0000000081300000, 0x0000000081300000|100%| O|  |TAMS 0x0000000081300000| PB 0x0000000081300000| Untracked 
|  19|0x0000000081300000, 0x0000000081400000, 0x0000000081400000|100%| O|  |TAMS 0x0000000081400000| PB 0x0000000081400000| Untracked 
|  20|0x0000000081400000, 0x0000000081500000, 0x0000000081500000|100%|HS|  |TAMS 0x0000000081500000| PB 0x0000000081400000| Complete 
|  21|0x0000000081500000, 0x0000000081600000, 0x0000000081600000|100%|HC|  |TAMS 0x0000000081600000| PB 0x0000000081500000| Complete 
|  22|0x0000000081600000, 0x0000000081700000, 0x0000000081700000|100%| O|  |TAMS 0x0000000081700000| PB 0x0000000081700000| Untracked 
|  23|0x0000000081700000, 0x0000000081800000, 0x0000000081800000|100%|HS|  |TAMS 0x0000000081800000| PB 0x0000000081700000| Complete 
|  24|0x0000000081800000, 0x0000000081900000, 0x0000000081900000|100%|HS|  |TAMS 0x0000000081900000| PB 0x0000000081800000| Complete 
|  25|0x0000000081900000, 0x0000000081a00000, 0x0000000081a00000|100%|HC|  |TAMS 0x0000000081a00000| PB 0x0000000081900000| Complete 
|  26|0x0000000081a00000, 0x0000000081b00000, 0x0000000081b00000|100%|HS|  |TAMS 0x0000000081b00000| PB 0x0000000081a00000| Complete 
|  27|0x0000000081b00000, 0x0000000081c00000, 0x0000000081c00000|100%| O|  |TAMS 0x0000000081c00000| PB 0x0000000081c00000| Updating 
|  28|0x0000000081c00000, 0x0000000081d00000, 0x0000000081d00000|100%| O|  |TAMS 0x0000000081d00000| PB 0x0000000081d00000| Updating 
|  29|0x0000000081d00000, 0x0000000081e00000, 0x0000000081e00000|100%|HS|  |TAMS 0x0000000081e00000| PB 0x0000000081d00000| Complete 
|  30|0x0000000081e00000, 0x0000000081f00000, 0x0000000081f00000|100%|HC|  |TAMS 0x0000000081f00000| PB 0x0000000081e00000| Complete 
|  31|0x0000000081f00000, 0x0000000082000000, 0x0000000082000000|100%|HC|  |TAMS 0x0000000082000000| PB 0x0000000081f00000| Complete 
|  32|0x0000000082000000, 0x0000000082100000, 0x0000000082100000|100%|HC|  |TAMS 0x0000000082100000| PB 0x0000000082000000| Complete 
|  33|0x0000000082100000, 0x0000000082200000, 0x0000000082200000|100%|HC|  |TAMS 0x0000000082200000| PB 0x0000000082100000| Complete 
|  34|0x0000000082200000, 0x0000000082300000, 0x0000000082300000|100%|HC|  |TAMS 0x0000000082300000| PB 0x0000000082200000| Complete 
|  35|0x0000000082300000, 0x0000000082400000, 0x0000000082400000|100%| O|  |TAMS 0x0000000082400000| PB 0x0000000082400000| Updating 
|  36|0x0000000082400000, 0x0000000082500000, 0x0000000082500000|100%|HS|  |TAMS 0x0000000082500000| PB 0x0000000082400000| Complete 
|  37|0x0000000082500000, 0x0000000082600000, 0x0000000082600000|100%|HC|  |TAMS 0x0000000082600000| PB 0x0000000082500000| Complete 
|  38|0x0000000082600000, 0x0000000082700000, 0x0000000082700000|100%|HC|  |TAMS 0x0000000082700000| PB 0x0000000082600000| Complete 
|  39|0x0000000082700000, 0x0000000082800000, 0x0000000082800000|100%|HC|  |TAMS 0x0000000082800000| PB 0x0000000082700000| Complete 
|  40|0x0000000082800000, 0x0000000082900000, 0x0000000082900000|100%|HC|  |TAMS 0x0000000082900000| PB 0x0000000082800000| Complete 
|  41|0x0000000082900000, 0x0000000082a00000, 0x0000000082a00000|100%|HC|  |TAMS 0x0000000082a00000| PB 0x0000000082900000| Complete 
|  42|0x0000000082a00000, 0x0000000082b00000, 0x0000000082b00000|100%| O|  |TAMS 0x0000000082b00000| PB 0x0000000082b00000| Untracked 
|  43|0x0000000082b00000, 0x0000000082c00000, 0x0000000082c00000|100%| O|  |TAMS 0x0000000082c00000| PB 0x0000000082c00000| Untracked 
|  44|0x0000000082c00000, 0x0000000082d00000, 0x0000000082d00000|100%| O|  |TAMS 0x0000000082d00000| PB 0x0000000082d00000| Untracked 
|  45|0x0000000082d00000, 0x0000000082e00000, 0x0000000082e00000|100%| O|  |TAMS 0x0000000082e00000| PB 0x0000000082e00000| Untracked 
|  46|0x0000000082e00000, 0x0000000082ea76f8, 0x0000000082f00000| 65%| O|  |TAMS 0x0000000082ea76f8| PB 0x0000000082ea76f8| Updating 
|  47|0x0000000082f00000, 0x0000000082f00000, 0x0000000083000000|  0%| F|  |TAMS 0x0000000082f00000| PB 0x0000000082f00000| Untracked 
|  48|0x0000000083000000, 0x0000000083000000, 0x0000000083100000|  0%| F|  |TAMS 0x0000000083000000| PB 0x0000000083000000| Untracked 
|  49|0x0000000083100000, 0x0000000083100000, 0x0000000083200000|  0%| F|  |TAMS 0x0000000083100000| PB 0x0000000083100000| Untracked 
|  50|0x0000000083200000, 0x0000000083200000, 0x0000000083300000|  0%| F|  |TAMS 0x0000000083200000| PB 0x0000000083200000| Untracked 
|  51|0x0000000083300000, 0x0000000083300000, 0x0000000083400000|  0%| F|  |TAMS 0x0000000083300000| PB 0x0000000083300000| Untracked 
|  52|0x0000000083400000, 0x0000000083400000, 0x0000000083500000|  0%| F|  |TAMS 0x0000000083400000| PB 0x0000000083400000| Untracked 
|  53|0x0000000083500000, 0x0000000083577810, 0x0000000083600000| 46%| S|CS|TAMS 0x0000000083500000| PB 0x0000000083500000| Complete 
|  54|0x0000000083600000, 0x0000000083700000, 0x0000000083700000|100%| S|CS|TAMS 0x0000000083600000| PB 0x0000000083600000| Complete 
|  55|0x0000000083700000, 0x0000000083800000, 0x0000000083800000|100%| S|CS|TAMS 0x0000000083700000| PB 0x0000000083700000| Complete 
|  56|0x0000000083800000, 0x0000000083800000, 0x0000000083900000|  0%| F|  |TAMS 0x0000000083800000| PB 0x0000000083800000| Untracked 
|  57|0x0000000083900000, 0x0000000083900000, 0x0000000083a00000|  0%| F|  |TAMS 0x0000000083900000| PB 0x0000000083900000| Untracked 
|  58|0x0000000083a00000, 0x0000000083a00000, 0x0000000083b00000|  0%| F|  |TAMS 0x0000000083a00000| PB 0x0000000083a00000| Untracked 
|  59|0x0000000083b00000, 0x0000000083b00000, 0x0000000083c00000|  0%| F|  |TAMS 0x0000000083b00000| PB 0x0000000083b00000| Untracked 
|  60|0x0000000083c00000, 0x0000000083c00000, 0x0000000083d00000|  0%| F|  |TAMS 0x0000000083c00000| PB 0x0000000083c00000| Untracked 
|  61|0x0000000083d00000, 0x0000000083d00000, 0x0000000083e00000|  0%| F|  |TAMS 0x0000000083d00000| PB 0x0000000083d00000| Untracked 
|  62|0x0000000083e00000, 0x0000000083e00000, 0x0000000083f00000|  0%| F|  |TAMS 0x0000000083e00000| PB 0x0000000083e00000| Untracked 
|  63|0x0000000083f00000, 0x0000000083f00000, 0x0000000084000000|  0%| F|  |TAMS 0x0000000083f00000| PB 0x0000000083f00000| Untracked 
|  64|0x0000000084000000, 0x0000000084000000, 0x0000000084100000|  0%| F|  |TAMS 0x0000000084000000| PB 0x0000000084000000| Untracked 
|  65|0x0000000084100000, 0x0000000084100000, 0x0000000084200000|  0%| F|  |TAMS 0x0000000084100000| PB 0x0000000084100000| Untracked 
|  66|0x0000000084200000, 0x0000000084200000, 0x0000000084300000|  0%| F|  |TAMS 0x0000000084200000| PB 0x0000000084200000| Untracked 
|  67|0x0000000084300000, 0x0000000084300000, 0x0000000084400000|  0%| F|  |TAMS 0x0000000084300000| PB 0x0000000084300000| Untracked 
|  68|0x0000000084400000, 0x0000000084400000, 0x0000000084500000|  0%| F|  |TAMS 0x0000000084400000| PB 0x0000000084400000| Untracked 
|  69|0x0000000084500000, 0x0000000084500000, 0x0000000084600000|  0%| F|  |TAMS 0x0000000084500000| PB 0x0000000084500000| Untracked 
|  70|0x0000000084600000, 0x0000000084600000, 0x0000000084700000|  0%| F|  |TAMS 0x0000000084600000| PB 0x0000000084600000| Untracked 
|  71|0x0000000084700000, 0x0000000084700000, 0x0000000084800000|  0%| F|  |TAMS 0x0000000084700000| PB 0x0000000084700000| Untracked 
|  72|0x0000000084800000, 0x0000000084800000, 0x0000000084900000|  0%| F|  |TAMS 0x0000000084800000| PB 0x0000000084800000| Untracked 
|  73|0x0000000084900000, 0x0000000084900000, 0x0000000084a00000|  0%| F|  |TAMS 0x0000000084900000| PB 0x0000000084900000| Untracked 
| 108|0x0000000086c00000, 0x0000000086c00000, 0x0000000086d00000|  0%| F|  |TAMS 0x0000000086c00000| PB 0x0000000086c00000| Untracked 
| 109|0x0000000086d00000, 0x0000000086dbb800, 0x0000000086e00000| 73%| E|  |TAMS 0x0000000086d00000| PB 0x0000000086d00000| Complete 
| 125|0x0000000087d00000, 0x0000000087e00000, 0x0000000087e00000|100%| E|CS|TAMS 0x0000000087d00000| PB 0x0000000087d00000| Complete 
|2042|0x00000000ffa00000, 0x00000000ffb00000, 0x00000000ffb00000|100%| O|  |TAMS 0x00000000ffb00000| PB 0x00000000ffb00000| Updating 
|2043|0x00000000ffb00000, 0x00000000ffc00000, 0x00000000ffc00000|100%| O|  |TAMS 0x00000000ffc00000| PB 0x00000000ffc00000| Untracked 
|2044|0x00000000ffc00000, 0x00000000ffd00000, 0x00000000ffd00000|100%| O|  |TAMS 0x00000000ffd00000| PB 0x00000000ffd00000| Untracked 
|2045|0x00000000ffd00000, 0x00000000ffe00000, 0x00000000ffe00000|100%| O|  |TAMS 0x00000000ffe00000| PB 0x00000000ffe00000| Untracked 
|2046|0x00000000ffe00000, 0x00000000fff00000, 0x00000000fff00000|100%| O|  |TAMS 0x00000000fff00000| PB 0x00000000fff00000| Updating 
|2047|0x00000000fff00000, 0x0000000100000000, 0x0000000100000000|100%| O|  |TAMS 0x0000000100000000| PB 0x0000000100000000| Untracked 

Card table byte_map: [0x00000252c3430000,0x00000252c3830000] _byte_map_base: 0x00000252c3030000

Marking Bits: (CMBitMap*) 0x00000252aecee4b0
 Bits: [0x00000252c3830000, 0x00000252c5830000)

Polling page: 0x00000252aebe0000

Metaspace:

Usage:
  Non-class:     36.89 MB used.
      Class:      6.24 MB used.
       Both:     43.13 MB used.

Virtual space:
  Non-class space:       64.00 MB reserved,      37.50 MB ( 59%) committed,  1 nodes.
      Class space:        1.00 GB reserved,       6.81 MB ( <1%) committed,  1 nodes.
             Both:        1.06 GB reserved,      44.31 MB (  4%) committed. 

Chunk freelists:
   Non-Class:  10.03 MB
       Class:  9.06 MB
        Both:  19.09 MB

MaxMetaspaceSize: unlimited
CompressedClassSpaceSize: 1.00 GB
Initial GC threshold: 21.00 MB
Current GC threshold: 58.69 MB
CDS: off
 - commit_granule_bytes: 65536.
 - commit_granule_words: 8192.
 - virtual_space_node_default_size: 8388608.
 - enlarge_chunks_in_place: 1.
 - use_allocation_guard: 0.


Internal statistics:

num_allocs_failed_limit: 6.
num_arena_births: 2308.
num_arena_deaths: 0.
num_vsnodes_births: 2.
num_vsnodes_deaths: 0.
num_space_committed: 709.
num_space_uncommitted: 0.
num_chunks_returned_to_freelist: 6.
num_chunks_taken_from_freelist: 4061.
num_chunk_merges: 6.
num_chunk_splits: 2559.
num_chunks_enlarged: 1512.
num_inconsistent_stats: 0.

CodeHeap 'non-profiled nmethods': size=120000Kb used=2152Kb max_used=2380Kb free=117847Kb
 bounds [0x00000252bbb00000, 0x00000252bbd70000, 0x00000252c3030000]
CodeHeap 'profiled nmethods': size=120000Kb used=7024Kb max_used=7540Kb free=112975Kb
 bounds [0x00000252b4030000, 0x00000252b4790000, 0x00000252bb560000]
CodeHeap 'non-nmethods': size=5760Kb used=1421Kb max_used=1475Kb free=4338Kb
 bounds [0x00000252bb560000, 0x00000252bb7d0000, 0x00000252bbb00000]
CodeCache: size=245760Kb, used=10597Kb, max_used=11395Kb, free=235160Kb
 total_blobs=4241, nmethods=3647, adapters=497, full_count=0
Compilation: enabled, stopped_count=0, restarted_count=0

Compilation events (20 events):
Event: 21.905 Thread 0x00000252cc0ba640 4329       3       jdk.internal.loader.URLClassPath$JarLoader::findResource (18 bytes)
Event: 21.905 Thread 0x00000252cc0ba640 nmethod 4329 0x00000252b4784090 code [0x00000252b4784260, 0x00000252b47844c0]
Event: 21.906 Thread 0x00000252cc0ba640 4330       3       java.lang.Character::isJavaIdentifierPart (9 bytes)
Event: 21.906 Thread 0x00000252cc0ba640 nmethod 4330 0x00000252b4784590 code [0x00000252b4784740, 0x00000252b4784930]
Event: 21.906 Thread 0x00000252cc0ba640 4331       3       java.lang.CharacterDataLatin1::isJavaIdentifierPart (20 bytes)
Event: 21.906 Thread 0x00000252cc0ba640 nmethod 4331 0x00000252b4784a10 code [0x00000252b4784bc0, 0x00000252b4784db8]
Event: 21.907 Thread 0x00000252cc0ba640 4333   !   3       java.net.URLClassLoader$1::run (81 bytes)
Event: 21.909 Thread 0x00000252cc0ba640 nmethod 4333 0x00000252b4784f10 code [0x00000252b47852e0, 0x00000252b47868f0]
Event: 21.910 Thread 0x00000252cc0ba640 4334  s    3       jdk.internal.loader.Resource::cachedInputStream (20 bytes)
Event: 21.910 Thread 0x00000252cc0ba640 nmethod 4334 0x00000252b4787190 code [0x00000252b4787340, 0x00000252b4787668]
Event: 21.921 Thread 0x00000252cc0ba640 4336   !   3       jdk.internal.reflect.MethodHandleAccessorFactory::newConstructorAccessor (84 bytes)
Event: 21.927 Thread 0x00000252cc0ba640 nmethod 4336 0x00000252b4787710 code [0x00000252b4787a60, 0x00000252b4788c80]
Event: 21.931 Thread 0x00000252cc0ba640 4337       3       java.lang.invoke.MemberName::<init> (78 bytes)
Event: 21.931 Thread 0x00000252cc0ba640 nmethod 4337 0x00000252b4789510 code [0x00000252b4789740, 0x00000252b478a0c8]
Event: 21.936 Thread 0x00000252cc0ba640 4338       3       java.lang.Class::arrayContentsEq (70 bytes)
Event: 21.937 Thread 0x00000252cc0ba640 nmethod 4338 0x00000252b478a390 code [0x00000252b478a580, 0x00000252b478a9a8]
Event: 21.937 Thread 0x00000252cc0ba640 4339       3       java.lang.Class::getPackageName (81 bytes)
Event: 21.938 Thread 0x00000252cc0ba640 nmethod 4339 0x00000252b478ab10 code [0x00000252b478adc0, 0x00000252b478b808]
Event: 21.943 Thread 0x00000252cc0ba640 4340   !   2       jdk.internal.loader.Resource::getBytes (244 bytes)
Event: 21.945 Thread 0x00000252cc0ba640 nmethod 4340 0x00000252b478bc10 code [0x00000252b478bea0, 0x00000252b478c8f0]

GC Heap History (20 events):
Event: 3.355 GC heap before
{Heap before GC invocations=1 (full 0):
 garbage-first heap   total 129024K, used 26624K [0x0000000080000000, 0x0000000100000000)
  region size 1024K, 26 young (26624K), 1 survivors (1024K)
 Metaspace       used 8433K, committed 8576K, reserved 1114112K
  class space    used 766K, committed 832K, reserved 1048576K
}
Event: 3.359 GC heap after
{Heap after GC invocations=2 (full 0):
 garbage-first heap   total 129024K, used 4128K [0x0000000080000000, 0x0000000100000000)
  region size 1024K, 4 young (4096K), 4 survivors (4096K)
 Metaspace       used 8433K, committed 8576K, reserved 1114112K
  class space    used 766K, committed 832K, reserved 1048576K
}
Event: 4.443 GC heap before
{Heap before GC invocations=2 (full 0):
 garbage-first heap   total 129024K, used 78880K [0x0000000080000000, 0x0000000100000000)
  region size 1024K, 75 young (76800K), 4 survivors (4096K)
 Metaspace       used 12530K, committed 12672K, reserved 1114112K
  class space    used 1351K, committed 1408K, reserved 1048576K
}
Event: 4.451 GC heap after
{Heap after GC invocations=3 (full 0):
 garbage-first heap   total 129024K, used 11783K [0x0000000080000000, 0x0000000100000000)
  region size 1024K, 9 young (9216K), 9 survivors (9216K)
 Metaspace       used 12530K, committed 12672K, reserved 1114112K
  class space    used 1351K, committed 1408K, reserved 1048576K
}
Event: 6.509 GC heap before
{Heap before GC invocations=3 (full 0):
 garbage-first heap   total 129024K, used 81415K [0x0000000080000000, 0x0000000100000000)
  region size 1024K, 75 young (76800K), 9 survivors (9216K)
 Metaspace       used 17115K, committed 17408K, reserved 1114112K
  class space    used 1972K, committed 2112K, reserved 1048576K
}
Event: 6.568 GC heap after
{Heap after GC invocations=4 (full 0):
 garbage-first heap   total 129024K, used 18551K [0x0000000080000000, 0x0000000100000000)
  region size 1024K, 10 young (10240K), 10 survivors (10240K)
 Metaspace       used 17115K, committed 17408K, reserved 1114112K
  class space    used 1972K, committed 2112K, reserved 1048576K
}
Event: 7.185 GC heap before
{Heap before GC invocations=4 (full 0):
 garbage-first heap   total 129024K, used 33911K [0x0000000080000000, 0x0000000100000000)
  region size 1024K, 26 young (26624K), 10 survivors (10240K)
 Metaspace       used 21230K, committed 21504K, reserved 1114112K
  class space    used 2521K, committed 2688K, reserved 1048576K
}
Event: 7.194 GC heap after
{Heap after GC invocations=5 (full 0):
 garbage-first heap   total 129024K, used 20226K [0x0000000080000000, 0x0000000100000000)
  region size 1024K, 2 young (2048K), 2 survivors (2048K)
 Metaspace       used 21230K, committed 21504K, reserved 1114112K
  class space    used 2521K, committed 2688K, reserved 1048576K
}
Event: 8.900 GC heap before
{Heap before GC invocations=6 (full 0):
 garbage-first heap   total 68608K, used 67330K [0x0000000080000000, 0x0000000100000000)
  region size 1024K, 49 young (50176K), 2 survivors (2048K)
 Metaspace       used 29343K, committed 29824K, reserved 1114112K
  class space    used 3858K, committed 4096K, reserved 1048576K
}
Event: 8.968 GC heap after
{Heap after GC invocations=7 (full 0):
 garbage-first heap   total 73728K, used 22707K [0x0000000080000000, 0x0000000100000000)
  region size 1024K, 5 young (5120K), 5 survivors (5120K)
 Metaspace       used 29343K, committed 29824K, reserved 1114112K
  class space    used 3858K, committed 4096K, reserved 1048576K
}
Event: 13.666 GC heap before
{Heap before GC invocations=7 (full 0):
 garbage-first heap   total 73728K, used 61619K [0x0000000080000000, 0x0000000100000000)
  region size 1024K, 43 young (44032K), 5 survivors (5120K)
 Metaspace       used 34725K, committed 35520K, reserved 1114112K
  class space    used 4826K, committed 5184K, reserved 1048576K
}
Event: 13.675 GC heap after
{Heap after GC invocations=8 (full 0):
 garbage-first heap   total 73728K, used 25265K [0x0000000080000000, 0x0000000100000000)
  region size 1024K, 6 young (6144K), 6 survivors (6144K)
 Metaspace       used 34725K, committed 35520K, reserved 1114112K
  class space    used 4826K, committed 5184K, reserved 1048576K
}
Event: 15.115 GC heap before
{Heap before GC invocations=8 (full 0):
 garbage-first heap   total 73728K, used 37553K [0x0000000080000000, 0x0000000100000000)
  region size 1024K, 12 young (12288K), 6 survivors (6144K)
 Metaspace       used 35204K, committed 35968K, reserved 1114112K
  class space    used 4904K, committed 5248K, reserved 1048576K
}
Event: 15.123 GC heap after
{Heap after GC invocations=9 (full 0):
 garbage-first heap   total 73728K, used 35643K [0x0000000080000000, 0x0000000100000000)
  region size 1024K, 5 young (5120K), 5 survivors (5120K)
 Metaspace       used 35204K, committed 35968K, reserved 1114112K
  class space    used 4904K, committed 5248K, reserved 1048576K
}
Event: 20.229 GC heap before
{Heap before GC invocations=10 (full 0):
 garbage-first heap   total 73728K, used 72507K [0x0000000080000000, 0x0000000100000000)
  region size 1024K, 32 young (32768K), 5 survivors (5120K)
 Metaspace       used 38087K, committed 38976K, reserved 1114112K
  class space    used 5335K, committed 5760K, reserved 1048576K
}
Event: 20.239 GC heap after
{Heap after GC invocations=11 (full 0):
 garbage-first heap   total 84992K, used 52224K [0x0000000080000000, 0x0000000100000000)
  region size 1024K, 5 young (5120K), 5 survivors (5120K)
 Metaspace       used 38087K, committed 38976K, reserved 1114112K
  class space    used 5335K, committed 5760K, reserved 1048576K
}
Event: 21.280 GC heap before
{Heap before GC invocations=11 (full 0):
 garbage-first heap   total 84992K, used 74752K [0x0000000080000000, 0x0000000100000000)
  region size 1024K, 27 young (27648K), 5 survivors (5120K)
 Metaspace       used 40763K, committed 41856K, reserved 1114112K
  class space    used 5814K, committed 6336K, reserved 1048576K
}
Event: 21.284 GC heap after
{Heap after GC invocations=12 (full 0):
 garbage-first heap   total 84992K, used 54083K [0x0000000080000000, 0x0000000100000000)
  region size 1024K, 2 young (2048K), 2 survivors (2048K)
 Metaspace       used 40763K, committed 41856K, reserved 1114112K
  class space    used 5814K, committed 6336K, reserved 1048576K
}
Event: 21.922 GC heap before
{Heap before GC invocations=12 (full 0):
 garbage-first heap   total 84992K, used 75587K [0x0000000080000000, 0x0000000100000000)
  region size 1024K, 23 young (23552K), 2 survivors (2048K)
 Metaspace       used 43986K, committed 45184K, reserved 1114112K
  class space    used 6365K, committed 6976K, reserved 1048576K
}
Event: 21.926 GC heap after
{Heap after GC invocations=13 (full 0):
 garbage-first heap   total 84992K, used 55419K [0x0000000080000000, 0x0000000100000000)
  region size 1024K, 3 young (3072K), 3 survivors (3072K)
 Metaspace       used 43986K, committed 45184K, reserved 1114112K
  class space    used 6365K, committed 6976K, reserved 1048576K
}

Dll operation events (3 events):
Event: 0.015 Loaded shared library E:\Android-Studio\jbr\bin\java.dll
Event: 0.037 Loaded shared library E:\Android-Studio\jbr\bin\zip.dll
Event: 3.507 Loaded shared library E:\Android-Studio\jbr\bin\verify.dll

Deoptimization events (20 events):
Event: 21.849 Thread 0x00000252cd571260 DEOPT PACKING pc=0x00000252bbd0c390 sp=0x000000cf55df8e60
Event: 21.849 Thread 0x00000252cd571260 DEOPT UNPACKING pc=0x00000252bb5b43a2 sp=0x000000cf55df8d60 mode 2
Event: 21.849 Thread 0x00000252cd571260 Uncommon trap: trap_request=0xffffffde fr.pc=0x00000252bbb96424 relative=0x0000000000001144
Event: 21.849 Thread 0x00000252cd571260 Uncommon trap: reason=class_check action=maybe_recompile pc=0x00000252bbb96424 method=jdk.internal.loader.URLClassPath.getLoader(I)Ljdk/internal/loader/URLClassPath$Loader; @ 88 c2
Event: 21.849 Thread 0x00000252cd571260 DEOPT PACKING pc=0x00000252bbb96424 sp=0x000000cf55df9120
Event: 21.849 Thread 0x00000252cd571260 DEOPT UNPACKING pc=0x00000252bb5b43a2 sp=0x000000cf55df9100 mode 2
Event: 21.849 Thread 0x00000252cd571260 Uncommon trap: trap_request=0xffffffde fr.pc=0x00000252bbb9f0a8 relative=0x00000000000000e8
Event: 21.849 Thread 0x00000252cd571260 Uncommon trap: reason=class_check action=maybe_recompile pc=0x00000252bbb9f0a8 method=jdk.internal.loader.URLClassPath.getResource(Ljava/lang/String;Z)Ljdk/internal/loader/Resource; @ 53 c2
Event: 21.849 Thread 0x00000252cd571260 DEOPT PACKING pc=0x00000252bbb9f0a8 sp=0x000000cf55df91d0
Event: 21.849 Thread 0x00000252cd571260 DEOPT UNPACKING pc=0x00000252bb5b43a2 sp=0x000000cf55df9150 mode 2
Event: 21.851 Thread 0x00000252cd571260 DEOPT PACKING pc=0x00000252b404d954 sp=0x000000cf55df9220
Event: 21.851 Thread 0x00000252cd571260 DEOPT UNPACKING pc=0x00000252bb5b4b42 sp=0x000000cf55df8798 mode 0
Event: 21.853 Thread 0x00000252cd571260 Uncommon trap: trap_request=0xffffff45 fr.pc=0x00000252bbc85198 relative=0x00000000000000f8
Event: 21.853 Thread 0x00000252cd571260 Uncommon trap: reason=unstable_if action=reinterpret pc=0x00000252bbc85198 method=java.lang.ClassLoader.getClassLoadingLock(Ljava/lang/String;)Ljava/lang/Object; @ 6 c2
Event: 21.853 Thread 0x00000252cd571260 DEOPT PACKING pc=0x00000252bbc85198 sp=0x000000cf55df78a0
Event: 21.853 Thread 0x00000252cd571260 DEOPT UNPACKING pc=0x00000252bb5b43a2 sp=0x000000cf55df7830 mode 2
Event: 21.854 Thread 0x00000252cd571260 Uncommon trap: trap_request=0xffffff45 fr.pc=0x00000252bbcda678 relative=0x0000000000000958
Event: 21.854 Thread 0x00000252cd571260 Uncommon trap: reason=unstable_if action=reinterpret pc=0x00000252bbcda678 method=java.lang.Class.getPackageName()Ljava/lang/String; @ 55 c2
Event: 21.854 Thread 0x00000252cd571260 DEOPT PACKING pc=0x00000252bbcda678 sp=0x000000cf55df8fb0
Event: 21.854 Thread 0x00000252cd571260 DEOPT UNPACKING pc=0x00000252bb5b43a2 sp=0x000000cf55df8f80 mode 2

Classes loaded (20 events):
Event: 21.847 Loading class jdk/internal/loader/URLClassPath$FileLoader
Event: 21.848 Loading class jdk/internal/loader/URLClassPath$FileLoader done
Event: 21.850 Loading class jdk/internal/loader/URLClassPath$FileLoader$1
Event: 21.850 Loading class jdk/internal/loader/URLClassPath$FileLoader$1 done
Event: 21.865 Loading class java/beans/Transient
Event: 21.865 Loading class java/beans/Transient done
Event: 21.874 Loading class java/util/stream/IntPipeline$1
Event: 21.874 Loading class java/util/stream/IntPipeline$1 done
Event: 21.874 Loading class java/util/stream/IntPipeline$1$1
Event: 21.874 Loading class java/util/stream/Sink$ChainedInt
Event: 21.874 Loading class java/util/stream/Sink$OfInt
Event: 21.875 Loading class java/util/stream/Sink$OfInt done
Event: 21.875 Loading class java/util/stream/Sink$ChainedInt done
Event: 21.875 Loading class java/util/stream/IntPipeline$1$1 done
Event: 21.887 Loading class java/lang/IllegalAccessError
Event: 21.887 Loading class java/lang/IllegalAccessError done
Event: 21.891 Loading class java/lang/Process
Event: 21.891 Loading class java/lang/Process done
Event: 21.891 Loading class java/lang/ProcessBuilder
Event: 21.892 Loading class java/lang/ProcessBuilder done

Classes unloaded (0 events):
No events

Classes redefined (0 events):
No events

Internal exceptions (20 events):
Event: 21.375 Thread 0x00000252cd571260 Exception <a 'sun/nio/fs/WindowsException'{0x0000000086cef3d8}> (0x0000000086cef3d8) 
thrown [s\src\hotspot\share\prims\jni.cpp, line 537]
Event: 21.415 Thread 0x00000252cd571260 Exception <a 'java/lang/NoSuchMethodError'{0x000000008482d3a8}: 'java.lang.Object java.lang.invoke.DirectMethodHandle$Holder.newInvokeSpecial(java.lang.Object, java.lang.Object, java.lang.Object, java.lang.Object, java.lang.Object, java.lang.Object, java.lang.Object, java.lang.Object, java.lang.Object, java.lang.Object, java.lang.Object, java.lang.Object)'> (0x000000008482d3a8) 
thrown [s\src\hotspot\share\interpreter\linkResolver.cpp, line 784]
Event: 21.415 Thread 0x00000252cd571260 Exception <a 'java/lang/NoSuchMethodError'{0x0000000084832b28}: 'java.lang.Object java.lang.invoke.Invokers$Holder.linkToTargetMethod(java.lang.Object, java.lang.Object, java.lang.Object, java.lang.Object, java.lang.Object, java.lang.Object, java.lang.Object, java.lang.Object, java.lang.Object, java.lang.Object, java.lang.Object, java.lang.Object)'> (0x0000000084832b28) 
thrown [s\src\hotspot\share\interpreter\linkResolver.cpp, line 784]
Event: 21.430 Thread 0x00000252cd571260 Exception <a 'sun/nio/fs/WindowsException'{0x00000000848966d8}> (0x00000000848966d8) 
thrown [s\src\hotspot\share\prims\jni.cpp, line 537]
Event: 21.432 Thread 0x00000252cd571260 Exception <a 'java/lang/NoSuchMethodError'{0x000000008489be10}: 'java.lang.Object java.lang.invoke.DirectMethodHandle$Holder.newInvokeSpecial(java.lang.Object, java.lang.Object, java.lang.Object, java.lang.Object, java.lang.Object, java.lang.Object, java.lang.Object, java.lang.Object, java.lang.Object, java.lang.Object, java.lang.Object, java.lang.Object, java.lang.Object, java.lang.Object, java.lang.Object)'> (0x000000008489be10) 
thrown [s\src\hotspot\share\interpreter\linkResolver.cpp, line 784]
Event: 21.433 Thread 0x00000252cd571260 Exception <a 'java/lang/NoSuchMethodError'{0x00000000848a24a0}: 'java.lang.Object java.lang.invoke.DirectMethodHandle$Holder.invokeSpecial(java.lang.Object, java.lang.Object, java.lang.Object, java.lang.Object, java.lang.Object, java.lang.Object, java.lang.Object, java.lang.Object, java.lang.Object, java.lang.Object, java.lang.Object, java.lang.Object, java.lang.Object, java.lang.Object, java.lang.Object, java.lang.Object)'> (0x00000000848a24a0) 
thrown [s\src\hotspot\share\interpreter\linkResolver.cpp, li
Event: 21.433 Thread 0x00000252cd571260 Exception <a 'java/lang/NoSuchMethodError'{0x00000000848a79d0}: 'java.lang.Object java.lang.invoke.DelegatingMethodHandle$Holder.reinvoke_L(java.lang.Object, java.lang.Object, java.lang.Object, java.lang.Object, java.lang.Object, java.lang.Object, java.lang.Object, java.lang.Object, java.lang.Object, java.lang.Object, java.lang.Object, java.lang.Object, java.lang.Object, java.lang.Object, java.lang.Object)'> (0x00000000848a79d0) 
thrown [s\src\hotspot\share\interpreter\linkResolver.cpp, line 784]
Event: 21.467 Thread 0x00000252cd571260 Exception <a 'java/lang/NoSuchMethodError'{0x000000008460f980}: 'java.lang.Object java.lang.invoke.DelegatingMethodHandle$Holder.reinvoke_L(java.lang.Object, java.lang.Object, java.lang.Object, java.lang.Object, java.lang.Object, java.lang.Object, java.lang.Object, java.lang.Object, java.lang.Object, java.lang.Object, java.lang.Object, java.lang.Object, java.lang.Object, java.lang.Object, java.lang.Object, java.lang.Object, java.lang.Object, java.lang.Object, java.lang.Object, java.lang.Object, java.lang.O
Event: 21.482 Thread 0x00000252cd571260 Exception <a 'java/lang/NoSuchMethodError'{0x00000000846f0260}: 'java.lang.Object java.lang.invoke.DirectMethodHandle$Holder.invokeStatic(java.lang.Object, java.lang.Object, java.lang.Object, java.lang.Object, java.lang.Object, java.lang.Object, java.lang.Object, java.lang.Object, java.lang.Object, java.lang.Object, java.lang.Object, java.lang.Object, java.lang.Object, java.lang.Object, java.lang.Object, java.lang.Object, java.lang.Object, java.lang.Object, java.lang.Object, java.lang.Object, java.lang.Obj
Event: 21.486 Thread 0x00000252cd571260 Exception <a 'java/lang/NoSuchMethodError'{0x0000000084525478}: 'java.lang.Object java.lang.invoke.DirectMethodHandle$Holder.invokeStatic(java.lang.Object, java.lang.Object, java.lang.Object, java.lang.Object, java.lang.Object, java.lang.Object, java.lang.Object, java.lang.Object, java.lang.Object, java.lang.Object, java.lang.Object, java.lang.Object, java.lang.Object, java.lang.Object, java.lang.Object, java.lang.Object, java.lang.Object, java.lang.Object, java.lang.Object, java.lang.Object, java.lang.Obj
Event: 21.489 Thread 0x00000252cd571260 Exception <a 'java/lang/NoSuchMethodError'{0x000000008455c808}: 'java.lang.Object java.lang.invoke.DirectMethodHandle$Holder.invokeStatic(java.lang.Object, java.lang.Object, java.lang.Object, java.lang.Object, java.lang.Object, java.lang.Object, java.lang.Object, java.lang.Object, java.lang.Object, java.lang.Object, java.lang.Object, java.lang.Object, java.lang.Object, java.lang.Object, java.lang.Object, java.lang.Object, java.lang.Object, java.lang.Object, java.lang.Object, java.lang.Object, java.lang.Obj
Event: 21.503 Thread 0x00000252cd571260 Exception <a 'java/lang/NoSuchMethodError'{0x0000000084402728}: 'java.lang.Object java.lang.invoke.DirectMethodHandle$Holder.newInvokeSpecial(java.lang.Object, java.lang.Object, java.lang.Object, java.lang.Object, java.lang.Object, java.lang.Object, java.lang.Object, java.lang.Object, java.lang.Object, java.lang.Object, java.lang.Object, java.lang.Object, java.lang.Object, java.lang.Object, java.lang.Object, java.lang.Object, java.lang.Object, java.lang.Object, java.lang.Object)'> (0x0000000084402728) 
thr
Event: 21.504 Thread 0x00000252cd571260 Exception <a 'java/lang/NoSuchMethodError'{0x0000000084409418}: 'java.lang.Object java.lang.invoke.DirectMethodHandle$Holder.invokeSpecial(java.lang.Object, java.lang.Object, java.lang.Object, java.lang.Object, java.lang.Object, java.lang.Object, java.lang.Object, java.lang.Object, java.lang.Object, java.lang.Object, java.lang.Object, java.lang.Object, java.lang.Object, java.lang.Object, java.lang.Object, java.lang.Object, java.lang.Object, java.lang.Object, java.lang.Object, java.lang.Object)'> (0x0000000
Event: 21.505 Thread 0x00000252cd571260 Exception <a 'java/lang/NoSuchMethodError'{0x000000008440ef88}: 'java.lang.Object java.lang.invoke.DelegatingMethodHandle$Holder.reinvoke_L(java.lang.Object, java.lang.Object, java.lang.Object, java.lang.Object, java.lang.Object, java.lang.Object, java.lang.Object, java.lang.Object, java.lang.Object, java.lang.Object, java.lang.Object, java.lang.Object, java.lang.Object, java.lang.Object, java.lang.Object, java.lang.Object, java.lang.Object, java.lang.Object, java.lang.Object)'> (0x000000008440ef88) 
throw
Event: 21.719 Thread 0x00000252cd571260 Exception <a 'java/lang/IncompatibleClassChangeError'{0x0000000083ff5b00}: Found class java.lang.Object, but interface was expected> (0x0000000083ff5b00) 
thrown [s\src\hotspot\share\interpreter\linkResolver.cpp, line 851]
Event: 21.763 Thread 0x00000252cd571260 Exception <a 'java/lang/NoSuchMethodError'{0x0000000083d61f20}: 'java.lang.Object java.lang.invoke.DirectMethodHandle$Holder.invokeVirtual(java.lang.Object, java.lang.Object, int)'> (0x0000000083d61f20) 
thrown [s\src\hotspot\share\interpreter\linkResolver.cpp, line 784]
Event: 21.768 Thread 0x00000252cd571260 Exception <a 'java/lang/NoSuchMethodError'{0x0000000083d96158}: 'void java.lang.invoke.DirectMethodHandle$Holder.invokeStatic(java.lang.Object, java.lang.Object, java.lang.Object, int)'> (0x0000000083d96158) 
thrown [s\src\hotspot\share\interpreter\linkResolver.cpp, line 784]
Event: 21.845 Thread 0x00000252cd571260 Exception <a 'java/lang/NoSuchMethodError'{0x0000000083bd7390}: 'void java.lang.invoke.DirectMethodHandle$Holder.invokeInterface(java.lang.Object, java.lang.Object, java.lang.Object, java.lang.Object, java.lang.Object, java.lang.Object, java.lang.Object)'> (0x0000000083bd7390) 
thrown [s\src\hotspot\share\interpreter\linkResolver.cpp, line 784]
Event: 21.846 Thread 0x00000252cd571260 Exception <a 'java/lang/NoSuchMethodError'{0x0000000083bdbf58}: 'void java.lang.invoke.DelegatingMethodHandle$Holder.reinvoke_L(java.lang.Object, java.lang.Object, java.lang.Object, java.lang.Object, java.lang.Object, java.lang.Object, java.lang.Object)'> (0x0000000083bdbf58) 
thrown [s\src\hotspot\share\interpreter\linkResolver.cpp, line 784]
Event: 21.895 Thread 0x00000252cd571260 Exception <a 'java/lang/NoSuchMethodError'{0x00000000839fa6c8}: 'java.lang.Object java.lang.invoke.DirectMethodHandle$Holder.invokeSpecial(java.lang.Object, java.lang.Object, java.lang.Object, int, java.lang.Object, java.lang.Object)'> (0x00000000839fa6c8) 
thrown [s\src\hotspot\share\interpreter\linkResolver.cpp, line 784]

ZGC Phase Switch (0 events):
No events

VM Operations (20 events):
Event: 19.382 Executing VM operation: Cleanup
Event: 19.397 Executing VM operation: Cleanup done
Event: 20.120 Executing VM operation: HandshakeAllThreads (Deoptimize)
Event: 20.120 Executing VM operation: HandshakeAllThreads (Deoptimize) done
Event: 20.229 Executing VM operation: G1CollectForAllocation (G1 Evacuation Pause)
Event: 20.239 Executing VM operation: G1CollectForAllocation (G1 Evacuation Pause) done
Event: 21.062 Executing VM operation: HandshakeAllThreads (Deoptimize)
Event: 21.062 Executing VM operation: HandshakeAllThreads (Deoptimize) done
Event: 21.279 Executing VM operation: G1CollectForAllocation (G1 Evacuation Pause)
Event: 21.284 Executing VM operation: G1CollectForAllocation (G1 Evacuation Pause) done
Event: 21.324 Executing VM operation: HandshakeAllThreads (Deoptimize)
Event: 21.324 Executing VM operation: HandshakeAllThreads (Deoptimize) done
Event: 21.722 Executing VM operation: HandshakeAllThreads (Deoptimize)
Event: 21.722 Executing VM operation: HandshakeAllThreads (Deoptimize) done
Event: 21.850 Executing VM operation: HandshakeAllThreads (Deoptimize)
Event: 21.850 Executing VM operation: HandshakeAllThreads (Deoptimize) done
Event: 21.851 Executing VM operation: HandshakeAllThreads (Deoptimize)
Event: 21.851 Executing VM operation: HandshakeAllThreads (Deoptimize) done
Event: 21.922 Executing VM operation: G1CollectForAllocation (G1 Evacuation Pause)
Event: 21.926 Executing VM operation: G1CollectForAllocation (G1 Evacuation Pause) done

Memory protections (0 events):
No events

Nmethod flushes (20 events):
Event: 15.199 Thread 0x00000252c7d43520 flushing  nmethod 0x00000252b41af190
Event: 15.199 Thread 0x00000252c7d43520 flushing  nmethod 0x00000252b41b1f10
Event: 15.199 Thread 0x00000252c7d43520 flushing  nmethod 0x00000252b41e3010
Event: 15.199 Thread 0x00000252c7d43520 flushing  nmethod 0x00000252b420a690
Event: 15.199 Thread 0x00000252c7d43520 flushing  nmethod 0x00000252b4226c10
Event: 15.199 Thread 0x00000252c7d43520 flushing  nmethod 0x00000252b4227590
Event: 15.199 Thread 0x00000252c7d43520 flushing  nmethod 0x00000252b4228a90
Event: 15.199 Thread 0x00000252c7d43520 flushing  nmethod 0x00000252b4283590
Event: 15.199 Thread 0x00000252c7d43520 flushing  nmethod 0x00000252b428f590
Event: 15.199 Thread 0x00000252c7d43520 flushing  nmethod 0x00000252b4295010
Event: 15.199 Thread 0x00000252c7d43520 flushing  nmethod 0x00000252b42ba910
Event: 15.199 Thread 0x00000252c7d43520 flushing  nmethod 0x00000252b43de190
Event: 15.199 Thread 0x00000252c7d43520 flushing  nmethod 0x00000252b4463e90
Event: 15.199 Thread 0x00000252c7d43520 flushing  nmethod 0x00000252b4464390
Event: 15.199 Thread 0x00000252c7d43520 flushing  nmethod 0x00000252b448b510
Event: 15.199 Thread 0x00000252c7d43520 flushing  nmethod 0x00000252b448f490
Event: 15.199 Thread 0x00000252c7d43520 flushing  nmethod 0x00000252b44ab990
Event: 15.199 Thread 0x00000252c7d43520 flushing  nmethod 0x00000252b44d3e10
Event: 15.199 Thread 0x00000252c7d43520 flushing  nmethod 0x00000252b44da190
Event: 15.199 Thread 0x00000252c7d43520 flushing  nmethod 0x00000252b44db490

Events (20 events):
Event: 7.150 Thread 0x00000252ce837590 Thread added: 0x00000252cd571260
Event: 7.162 Thread 0x00000252cd571260 Thread added: 0x00000252ce0a8430
Event: 7.165 Thread 0x00000252cd571260 Thread added: 0x00000252ce0a7da0
Event: 7.168 Thread 0x00000252cd571260 Thread added: 0x00000252ce0ab220
Event: 7.711 Thread 0x00000252cd571260 Thread added: 0x00000252ce0a8ac0
Event: 7.723 Thread 0x00000252cd571260 Thread added: 0x00000252ce0a97e0
Event: 7.785 Thread 0x00000252cd571260 Thread added: 0x00000252ce0aab90
Event: 8.858 Thread 0x00000252cd0459c0 Thread exited: 0x00000252cd0459c0
Event: 11.144 Thread 0x00000252cd571260 Thread added: 0x00000252ce0a9150
Event: 12.445 Thread 0x00000252cd571260 Thread added: 0x00000252ce0aa500
Event: 12.639 Thread 0x00000252cd571260 Thread added: 0x00000252d0145ed0
Event: 13.624 Thread 0x00000252cd571260 Thread added: 0x00000252d01423c0
Event: 13.631 Thread 0x00000252cd571260 Thread added: 0x00000252d0142a50
Event: 14.083 Thread 0x00000252cd571260 Thread added: 0x00000252d0143770
Event: 14.084 Thread 0x00000252cd571260 Thread added: 0x00000252d0146560
Event: 14.084 Thread 0x00000252cd571260 Thread added: 0x00000252d01430e0
Event: 14.084 Thread 0x00000252cd571260 Thread added: 0x00000252d01416a0
Event: 20.726 Thread 0x00000252cd571260 Thread added: 0x00000252d013fc60
Event: 21.248 Thread 0x00000252cd571260 Thread added: 0x00000252d01402f0
Event: 21.426 Thread 0x00000252cd571260 Thread added: 0x00000252d0145840


Dynamic libraries:
0x00007ff719370000 - 0x00007ff71937a000 	E:\Android-Studio\jbr\bin\java.exe
0x00007ffdf3b10000 - 0x00007ffdf3d08000 	C:\Windows\SYSTEM32\ntdll.dll
0x00007ffdf1fc0000 - 0x00007ffdf2082000 	C:\Windows\System32\KERNEL32.DLL
0x00007ffdf1500000 - 0x00007ffdf17f6000 	C:\Windows\System32\KERNELBASE.dll
0x00007ffdf1960000 - 0x00007ffdf1a60000 	C:\Windows\System32\ucrtbase.dll
0x00007ffdd2610000 - 0x00007ffdd2628000 	E:\Android-Studio\jbr\bin\jli.dll
0x00007ffdf20c0000 - 0x00007ffdf2261000 	C:\Windows\System32\USER32.dll
0x00007ffdf1420000 - 0x00007ffdf1442000 	C:\Windows\System32\win32u.dll
0x00007ffdf2ec0000 - 0x00007ffdf2eeb000 	C:\Windows\System32\GDI32.dll
0x00007ffdf11a0000 - 0x00007ffdf12b9000 	C:\Windows\System32\gdi32full.dll
0x00007ffdf1350000 - 0x00007ffdf13ed000 	C:\Windows\System32\msvcp_win.dll
0x00007ffdedaa0000 - 0x00007ffdedabb000 	E:\Android-Studio\jbr\bin\VCRUNTIME140.dll
0x00007ffde2f80000 - 0x00007ffde321b000 	C:\Windows\WinSxS\amd64_microsoft.windows.common-controls_6595b64144ccf1df_6.0.19041.6456_none_60b8a6cb71f64256\COMCTL32.dll
0x00007ffdf2f70000 - 0x00007ffdf300e000 	C:\Windows\System32\msvcrt.dll
0x00007ffdf2090000 - 0x00007ffdf20bf000 	C:\Windows\System32\IMM32.DLL
0x00007ffded990000 - 0x00007ffded99c000 	E:\Android-Studio\jbr\bin\vcruntime140_1.dll
0x00007ffdd1e90000 - 0x00007ffdd1f1d000 	E:\Android-Studio\jbr\bin\msvcp140.dll
0x00007ffd839d0000 - 0x00007ffd84666000 	E:\Android-Studio\jbr\bin\server\jvm.dll
0x00007ffdf24f0000 - 0x00007ffdf25a1000 	C:\Windows\System32\ADVAPI32.dll
0x00007ffdf3780000 - 0x00007ffdf381f000 	C:\Windows\System32\sechost.dll
0x00007ffdf2750000 - 0x00007ffdf2870000 	C:\Windows\System32\RPCRT4.dll
0x00007ffdf13f0000 - 0x00007ffdf1417000 	C:\Windows\System32\bcrypt.dll
0x00007ffdf2470000 - 0x00007ffdf24db000 	C:\Windows\System32\WS2_32.dll
0x00007ffdf06a0000 - 0x00007ffdf06eb000 	C:\Windows\SYSTEM32\POWRPROF.dll
0x00007ffde4710000 - 0x00007ffde4737000 	C:\Windows\SYSTEM32\WINMM.dll
0x00007ffdeb970000 - 0x00007ffdeb97a000 	C:\Windows\SYSTEM32\VERSION.dll
0x00007ffdf0560000 - 0x00007ffdf0572000 	C:\Windows\SYSTEM32\UMPDC.dll
0x00007ffdeefd0000 - 0x00007ffdeefe2000 	C:\Windows\SYSTEM32\kernel.appcore.dll
0x00007ffded980000 - 0x00007ffded98a000 	E:\Android-Studio\jbr\bin\jimage.dll
0x00007ffde4150000 - 0x00007ffde4351000 	C:\Windows\SYSTEM32\DBGHELP.DLL
0x00007ffdd1230000 - 0x00007ffdd1264000 	C:\Windows\SYSTEM32\dbgcore.DLL
0x00007ffdf12c0000 - 0x00007ffdf1342000 	C:\Windows\System32\bcryptPrimitives.dll
0x00007ffde2a70000 - 0x00007ffde2a7e000 	E:\Android-Studio\jbr\bin\instrument.dll
0x00007ffded960000 - 0x00007ffded980000 	E:\Android-Studio\jbr\bin\java.dll
0x00007ffdeb9a0000 - 0x00007ffdeb9b8000 	E:\Android-Studio\jbr\bin\zip.dll
0x00007ffdf3010000 - 0x00007ffdf3780000 	C:\Windows\System32\SHELL32.dll
0x00007ffdef1d0000 - 0x00007ffdef975000 	C:\Windows\SYSTEM32\windows.storage.dll
0x00007ffdf1ba0000 - 0x00007ffdf1ef4000 	C:\Windows\System32\combase.dll
0x00007ffdf0af0000 - 0x00007ffdf0b1b000 	C:\Windows\SYSTEM32\Wldp.dll
0x00007ffdf2660000 - 0x00007ffdf272d000 	C:\Windows\System32\OLEAUT32.dll
0x00007ffdf25b0000 - 0x00007ffdf265d000 	C:\Windows\System32\SHCORE.dll
0x00007ffdf39d0000 - 0x00007ffdf3a2b000 	C:\Windows\System32\shlwapi.dll
0x00007ffdf10d0000 - 0x00007ffdf10f4000 	C:\Windows\SYSTEM32\profapi.dll
0x00007ffded950000 - 0x00007ffded960000 	E:\Android-Studio\jbr\bin\net.dll
0x00007ffdebe10000 - 0x00007ffdebf1a000 	C:\Windows\SYSTEM32\WINHTTP.dll
0x00007ffdf08d0000 - 0x00007ffdf093a000 	C:\Windows\system32\mswsock.dll
0x00007ffdeb760000 - 0x00007ffdeb776000 	E:\Android-Studio\jbr\bin\nio.dll
0x00007ffde2aa0000 - 0x00007ffde2ab0000 	E:\Android-Studio\jbr\bin\verify.dll
0x00007ffdc3c80000 - 0x00007ffdc3ca7000 	C:\Users\ACER\.gradle\native\c067742578af261105cb4f569cf0c3c89f3d7b1fecec35dd04571415982c5e48\windows-amd64\native-platform.dll
0x00007ffd9def0000 - 0x00007ffd9e034000 	C:\Users\ACER\.gradle\native\100fb08df4bc3b14c8652ba06237920a3bd2aa13389f12d3474272988ae205f9\windows-amd64\native-platform-file-events.dll
0x00007ffdeb750000 - 0x00007ffdeb759000 	E:\Android-Studio\jbr\bin\management.dll
0x00007ffde9e90000 - 0x00007ffde9e9b000 	E:\Android-Studio\jbr\bin\management_ext.dll
0x00007ffdf1b90000 - 0x00007ffdf1b98000 	C:\Windows\System32\PSAPI.DLL
0x00007ffdf0b30000 - 0x00007ffdf0b48000 	C:\Windows\SYSTEM32\CRYPTSP.dll
0x00007ffdf01a0000 - 0x00007ffdf01d8000 	C:\Windows\system32\rsaenh.dll
0x00007ffdf1050000 - 0x00007ffdf107e000 	C:\Windows\SYSTEM32\USERENV.dll
0x00007ffdf0a60000 - 0x00007ffdf0a6c000 	C:\Windows\SYSTEM32\CRYPTBASE.dll
0x00007ffdf0580000 - 0x00007ffdf05bb000 	C:\Windows\SYSTEM32\IPHLPAPI.DLL
0x00007ffdf3a30000 - 0x00007ffdf3a38000 	C:\Windows\System32\NSI.dll
0x00007ffdebfd0000 - 0x00007ffdebfd9000 	E:\Android-Studio\jbr\bin\extnet.dll
0x00007ffdbf020000 - 0x00007ffdbf027000 	C:\Windows\system32\wshunix.dll

JVMTI agents:
C:\Users\ACER\.gradle\wrapper\dists\gradle-8.11.1-bin\bpt9gzteqjrbo1mjrsomdt32c\gradle-8.11.1\lib\agents\gradle-instrumentation-agent-8.11.1.jar path:E:\Android-Studio\jbr\bin\instrument.dll, loaded, initialized, instrumentlib options:none

dbghelp: loaded successfully - version: 4.0.5 - missing functions: none
symbol engine: initialized successfully - sym options: 0x614 - pdb path: .;E:\Android-Studio\jbr\bin;C:\Windows\SYSTEM32;C:\Windows\WinSxS\amd64_microsoft.windows.common-controls_6595b64144ccf1df_6.0.19041.6456_none_60b8a6cb71f64256;E:\Android-Studio\jbr\bin\server;C:\Users\ACER\.gradle\native\c067742578af261105cb4f569cf0c3c89f3d7b1fecec35dd04571415982c5e48\windows-amd64;C:\Users\ACER\.gradle\native\100fb08df4bc3b14c8652ba06237920a3bd2aa13389f12d3474272988ae205f9\windows-amd64

VM Arguments:
jvm_args: --add-opens=java.base/java.lang=ALL-UNNAMED --add-opens=java.base/java.lang.invoke=ALL-UNNAMED --add-opens=java.base/java.util=ALL-UNNAMED --add-opens=java.prefs/java.util.prefs=ALL-UNNAMED --add-exports=jdk.compiler/com.sun.tools.javac.api=ALL-UNNAMED --add-exports=jdk.compiler/com.sun.tools.javac.util=ALL-UNNAMED --add-opens=java.base/java.util=ALL-UNNAMED --add-opens=java.prefs/java.util.prefs=ALL-UNNAMED --add-opens=java.base/java.nio.charset=ALL-UNNAMED --add-opens=java.base/java.net=ALL-UNNAMED --add-opens=java.base/java.util.concurrent.atomic=ALL-UNNAMED --add-opens=java.xml/javax.xml.namespace=ALL-UNNAMED -Xmx2048m -Dfile.encoding=UTF-8 -Duser.country=US -Duser.language=en -Duser.variant -javaagent:C:\Users\ACER\.gradle\wrapper\dists\gradle-8.11.1-bin\bpt9gzteqjrbo1mjrsomdt32c\gradle-8.11.1\lib\agents\gradle-instrumentation-agent-8.11.1.jar 
java_command: org.gradle.launcher.daemon.bootstrap.GradleDaemon 8.11.1
java_class_path (initial): C:\Users\ACER\.gradle\wrapper\dists\gradle-8.11.1-bin\bpt9gzteqjrbo1mjrsomdt32c\gradle-8.11.1\lib\gradle-daemon-main-8.11.1.jar
Launcher Type: SUN_STANDARD

[Global flags]
     intx CICompilerCount                          = 3                                         {product} {ergonomic}
     uint ConcGCThreads                            = 1                                         {product} {ergonomic}
     uint G1ConcRefinementThreads                  = 4                                         {product} {ergonomic}
   size_t G1HeapRegionSize                         = 1048576                                   {product} {ergonomic}
    uintx GCDrainStackTargetSize                   = 64                                        {product} {ergonomic}
   size_t InitialHeapSize                          = 132120576                                 {product} {ergonomic}
   size_t MarkStackSize                            = 4194304                                   {product} {ergonomic}
   size_t MaxHeapSize                              = 2147483648                                {product} {command line}
   size_t MaxNewSize                               = 1287651328                                {product} {ergonomic}
   size_t MinHeapDeltaBytes                        = 1048576                                   {product} {ergonomic}
   size_t MinHeapSize                              = 8388608                                   {product} {ergonomic}
    uintx NonNMethodCodeHeapSize                   = 5832780                                {pd product} {ergonomic}
    uintx NonProfiledCodeHeapSize                  = 122912730                              {pd product} {ergonomic}
    uintx ProfiledCodeHeapSize                     = 122912730                              {pd product} {ergonomic}
    uintx ReservedCodeCacheSize                    = 251658240                              {pd product} {ergonomic}
     bool SegmentedCodeCache                       = true                                      {product} {ergonomic}
   size_t SoftMaxHeapSize                          = 2147483648                             {manageable} {ergonomic}
     bool UseCompressedOops                        = true                           {product lp64_product} {ergonomic}
     bool UseG1GC                                  = true                                      {product} {ergonomic}
     bool UseLargePagesIndividualAllocation        = false                                  {pd product} {ergonomic}

Logging:
Log output configuration:
 #0: stdout all=warning uptime,level,tags foldmultilines=false
 #1: stderr all=off uptime,level,tags foldmultilines=false

Release file:
JAVA_VERSION="21.0.9" 
MODULES="java.base java.compiler java.datatransfer java.xml java.prefs java.desktop java.instrument java.logging java.management java.security.sasl java.naming java.rmi java.management.rmi java.net.http java.scripting java.security.jgss java.transaction.xa java.sql java.sql.rowset java.xml.crypto java.se java.smartcardio jdk.accessibility jdk.internal.jvmstat jdk.attach jdk.charsets jdk.internal.opt jdk.zipfs jdk.compiler jdk.crypto.ec jdk.crypto.cryptoki jdk.dynalink jdk.hotspot.agent jdk.httpserver jdk.internal.ed jdk.internal.le jdk.internal.vm.ci jdk.jartool jdk.javadoc jdk.jcmd jdk.jdeps jdk.jdwp.agent jdk.jdi jdk.jfr jdk.jlink jdk.jsobject jdk.localedata jdk.management jdk.management.agent jdk.management.jfr jdk.naming.dns jdk.naming.rmi jdk.net jdk.sctp jdk.security.auth jdk.security.jgss jdk.unsupported jdk.unsupported.desktop jdk.xml.dom" 
IMPLEMENTOR="JetBrains s.r.o." 
JAVA_RUNTIME_VERSION="21.0.9+-14787801-b1163.94" 
LIBC="default" 
OS_ARCH="x86_64" 
OS_NAME="Windows" 
SOURCE=".:git:0c757ddc9f2f" 

Environment Variables:
PATH=D:\bin\;C:\Python313\Scripts\;C:\Python313\;C:\Program Files\Common Files\Oracle\Java\javapath;C:\msys64\mingw64\bin;C:\Windows;C:\Windows\System32\Wbem;C:\Windows\System32\WindowsPowerShell\v1.0\;C:\Windows\System32\OpenSSH\;C:\Program Files (x86)\NVIDIA Corporation\PhysX\Common;C:Windows\System32;C:Windowssystem32;C:\Program Files\dotnet\;C:\Program Files\Java\jdk-24\bin;C:\Program Files\apache-maven-3.9.9\bin;D:\Program Files (x86)\Git\cmd;C:\Program Files (x86)\Microsoft SQL Server\160\Tools\Binn\;C:\Program Files\Microsoft SQL Server\160\Tools\Binn\;C:\Program Files\Microsoft SQL Server\Client SDK\ODBC\170\Tools\Binn\;C:\Program Files\Microsoft SQL Server\160\DTS\Binn\;D:\MS EDGE\php-8.4.8-Win32-vs17-x64;C:\Program Files (x86)\Microsoft SQL Server\160\DTS\Binn\;C:\Program Files\Azure Data Studio\bin;D:\MS EDGE\;C:\ProgramData\chocolatey\bin;C:\Program Files\Docker\Docker\resources\bin;C:\Program Files\Go\bin;C:\Program Files\Go\bin;C:\Program Files (x86)\Eclipse\Sumo\bin\;C:\Program Files (x86)\Eclipse\Sumo\tools\;C:\Users\ACER\AppData\Local\Microsoft\WindowsApps;C:\Users\ACER\AppData\Local\Programs\Microsoft VS Code\bin;C:\Program Files\JetBrains\PyCharm Community Edition 2023.3.1\bin;;C:\Program Files\JetBrains\PyCharm 2023.3.4\bin;;C:\Program Files\Azure Data Studio\bin;C:\msys64\mingw64\bin;C:\Windows\SysWow64\;D:\Program Files (x86)\Nmap;C:\Program Files\Azure Data Studio\bin;C:\Users\ACER\AppData\Roaming\npm;C:\Users\ACER\go\bin;E:\My SQl\bin;E:\Kiro\bin
USERNAME=ACER
OS=Windows_NT
PROCESSOR_IDENTIFIER=Intel64 Family 6 Model 142 Stepping 9, GenuineIntel
TMP=C:\Users\ACER\AppData\Local\Temp
TEMP=C:\Users\ACER\AppData\Local\Temp




Periodic native trim disabled

JNI global refs:
JNI global refs: 25, weak refs: 0

JNI global refs memory usage: 835, weak refs: 201

Process memory usage:
Resident Set Size: 227312K (2% of 8253668K total physical memory with 405656K free physical memory)

OOME stack traces (most recent first):
Classloader memory used:
Loader org.gradle.internal.classloader.VisitableURLClassLoader                         : 19194K
Loader bootstrap                                                                       : 19158K
Loader org.gradle.initialization.MixInLegacyTypesClassLoader                           : 4509K
Loader org.gradle.internal.classloader.VisitableURLClassLoader                         : 763K
Loader jdk.internal.loader.ClassLoaders$AppClassLoader                                 : 234K
Loader jdk.internal.reflect.DelegatingClassLoader                                      : 185K
Loader jdk.internal.loader.ClassLoaders$PlatformClassLoader                            : 116K
Loader org.gradle.groovy.scripts.internal.DefaultScriptCompilationHandler$ScriptClassLoader: 6352B

Classes loaded by more than one classloader:
Class org.gradle.internal.IoActions                                                   : loaded 3 times (x 71B)
Class org.gradle.api.Action                                                           : loaded 3 times (x 70B)
Class org.gradle.api.GradleException                                                  : loaded 3 times (x 82B)
Class org.gradle.api.internal.classpath.ManifestUtil                                  : loaded 2 times (x 71B)
Class org.gradle.internal.operations.MultipleBuildOperationFailures                   : loaded 2 times (x 95B)
Class org.gradle.internal.classloader.DefaultClassLoaderFactory                       : loaded 2 times (x 82B)
Class org.gradle.internal.classloader.ClassLoaderVisitor                              : loaded 2 times (x 76B)
Class org.gradle.api.internal.classpath.EffectiveClassPath                            : loaded 2 times (x 90B)
Class org.gradle.api.internal.DefaultClassPathProvider                                : loaded 2 times (x 76B)
Class [Lorg.gradle.api.internal.ClassPathProvider;                                    : loaded 2 times (x 69B)
Class org.gradle.api.internal.ClassPathProvider                                       : loaded 2 times (x 70B)
Class org.gradle.internal.service.UnknownServiceException                             : loaded 2 times (x 83B)
Class org.gradle.internal.classpath.TransformedClassPath                              : loaded 2 times (x 96B)
Class org.gradle.internal.classloader.InstrumentingClassLoader                        : loaded 2 times (x 70B)
Class org.gradle.internal.service.ServiceLocator                                      : loaded 2 times (x 70B)
Class org.gradle.internal.InternalTransformer                                         : loaded 2 times (x 70B)
Class org.gradle.internal.time.DefaultTimer                                           : loaded 2 times (x 80B)
Class org.gradle.internal.classloader.ClasspathUtil$1                                 : loaded 2 times (x 76B)
Class org.gradle.api.internal.classpath.DefaultModuleRegistry$DefaultModule           : loaded 2 times (x 86B)
Class org.gradle.internal.time.DefaultCountdownTimer                                  : loaded 2 times (x 88B)
Class org.gradle.api.internal.classpath.Module                                        : loaded 2 times (x 70B)
Class org.gradle.api.internal.classpath.UnknownModuleException                        : loaded 2 times (x 82B)
Class org.gradle.api.internal.DefaultClassPathRegistry                                : loaded 2 times (x 76B)
Class org.gradle.api.internal.ClassPathRegistry                                       : loaded 2 times (x 70B)
Class org.gradle.internal.classpath.DefaultClassPath$ImmutableUniqueList              : loaded 2 times (x 199B)
Class org.gradle.internal.classloader.ClassLoaderHierarchy                            : loaded 2 times (x 70B)
Class org.gradle.api.UncheckedIOException                                             : loaded 2 times (x 82B)
Class kotlin.UninitializedPropertyAccessException                                     : loaded 2 times (x 82B)
Class org.gradle.internal.installation.GradleInstallation$1                           : loaded 2 times (x 75B)
Class org.gradle.api.internal.classpath.ModuleRegistry                                : loaded 2 times (x 70B)
Class org.gradle.api.internal.classpath.DefaultModuleRegistry                         : loaded 2 times (x 86B)
Class org.gradle.internal.time.MonotonicClock                                         : loaded 2 times (x 77B)
Class org.gradle.internal.service.ServiceLookupException                              : loaded 2 times (x 82B)
Class org.gradle.internal.classloader.ClassLoaderFactory                              : loaded 2 times (x 70B)
Class org.gradle.internal.service.CachingServiceLocator                               : loaded 2 times (x 82B)
Class org.gradle.internal.time.TimeSource                                             : loaded 2 times (x 70B)
Class org.gradle.internal.exceptions.ResolutionProvider                               : loaded 2 times (x 70B)
Class org.gradle.internal.classloader.ClasspathUtil                                   : loaded 2 times (x 71B)
Class org.gradle.internal.time.TimeSource$1                                           : loaded 2 times (x 77B)
Class org.gradle.api.specs.Spec                                                       : loaded 2 times (x 70B)
Class org.gradle.internal.time.Clock                                                  : loaded 2 times (x 70B)
Class org.gradle.internal.classloader.VisitableURLClassLoader$InstrumentingVisitableURLClassLoader: loaded 2 times (x 123B)
Class org.gradle.internal.classloader.VisitableURLClassLoader$Spec                    : loaded 2 times (x 74B)
Class org.gradle.internal.classpath.DefaultClassPath                                  : loaded 2 times (x 90B)
Class org.gradle.util.internal.DefaultGradleVersion                                   : loaded 2 times (x 82B)
Class org.gradle.internal.classloader.ClassLoaderSpec                                 : loaded 2 times (x 71B)
Class org.gradle.internal.classloader.VisitableURLClassLoader                         : loaded 2 times (x 117B)
Class org.gradle.internal.classloader.FilteringClassLoader                            : loaded 2 times (x 105B)
Class org.gradle.internal.Cast                                                        : loaded 2 times (x 71B)
Class org.gradle.internal.classpath.DefaultClassPath$ImmutableUniqueList$Builder      : loaded 2 times (x 75B)
Class org.gradle.internal.classpath.ClassPath                                         : loaded 2 times (x 70B)
Class org.gradle.internal.exceptions.NonGradleCauseExceptionsHolder                   : loaded 2 times (x 70B)
Class kotlin.NotImplementedError                                                      : loaded 2 times (x 82B)
Class org.gradle.internal.classloader.SystemClassLoaderSpec                           : loaded 2 times (x 71B)
Class org.gradle.internal.exceptions.MultiCauseException                              : loaded 2 times (x 70B)
Class org.gradle.internal.time.CountdownTimer                                         : loaded 2 times (x 70B)
Class kotlin.jvm.internal.Intrinsics                                                  : loaded 2 times (x 71B)
Class org.gradle.tooling.model.ProjectModel                                           : loaded 2 times (x 70B)
Class kotlin.KotlinNullPointerException                                               : loaded 2 times (x 83B)
Class org.gradle.internal.exceptions.DefaultMultiCauseException                       : loaded 2 times (x 95B)
Class org.gradle.internal.time.Time                                                   : loaded 2 times (x 71B)
Class org.gradle.api.internal.classpath.GlobalCacheRootsProvider                      : loaded 2 times (x 70B)
Class kotlin.NoWhenBranchMatchedException                                             : loaded 2 times (x 82B)
Class org.gradle.internal.time.Timer                                                  : loaded 2 times (x 70B)
Class org.gradle.internal.installation.CurrentGradleInstallationLocator               : loaded 2 times (x 71B)
Class org.gradle.internal.service.DefaultServiceLocator                               : loaded 2 times (x 83B)
Class org.gradle.util.GradleVersion                                                   : loaded 2 times (x 81B)
Class org.gradle.internal.installation.CurrentGradleInstallation                      : loaded 2 times (x 73B)
Class org.gradle.util.internal.GUtil                                                  : loaded 2 times (x 71B)
Class org.gradle.internal.installation.GradleInstallation                             : loaded 2 times (x 75B)

---------------  S Y S T E M  ---------------

OS:
 Windows 10 , 64 bit Build 19041 (10.0.19041.5915)
OS uptime: 0 days 1:44 hours
Hyper-V role detected

CPU: total 4 (initial active 4) (2 cores per cpu, 2 threads per core) family 6 model 142 stepping 9 microcode 0xb4, cx8, cmov, fxsr, ht, mmx, 3dnowpref, sse, sse2, sse3, ssse3, sse4.1, sse4.2, popcnt, lzcnt, tsc, tscinvbit, avx, avx2, aes, erms, clmul, bmi1, bmi2, adx, fma, vzeroupper, clflush, clflushopt, hv, rdtscp, f16c
Processor Information for the first 4 processors :
  Max Mhz: 2701, Current Mhz: 2701, Mhz Limit: 2701

Memory: 4k page, system-wide physical 8060M (396M free)
TotalPageFile size 12156M (AvailPageFile size 3M)
current process WorkingSet (physical memory assigned to process): 222M, peak: 223M
current process commit charge ("private bytes"): 250M, peak: 259M

vm_info: OpenJDK 64-Bit Server VM (21.0.9+-14787801-b1163.94) for windows-amd64 JRE (21.0.9+-14787801-b1163.94), built on 2026-01-27T21:15:44Z by "builder" with MS VC++ 16.10 / 16.11 (VS2019)

END.
