#
# There is insufficient memory for the Java Runtime Environment to continue.
# Native memory allocation (malloc) failed to allocate 379376 bytes. Error detail: Chunk::new
# Possible reasons:
#   The system is out of physical RAM or swap space
#   This process is running with CompressedOops enabled, and the Java Heap may be blocking the growth of the native heap
# Possible solutions:
#   Reduce memory load on the system
#   Increase physical memory or swap space
#   Check if swap backing store is full
#   Decrease Java heap size (-Xmx/-Xms)
#   Decrease number of Java threads
#   Decrease Java thread stack sizes (-Xss)
#   Set larger code cache with -XX:ReservedCodeCacheSize=
#   JVM is running with Unscaled Compressed Oops mode in which the Java heap is
#     placed in the first 4GB address space. The Java Heap base address is the
#     maximum limit for the native heap growth. Please use -XX:HeapBaseMinAddress
#     to set the Java Heap base and to place the Java Heap above 4GB virtual address.
# This output file may be truncated or incomplete.
#
#  Out of Memory Error (arena.cpp:168), pid=23444, tid=19536
#
# JRE version: OpenJDK Runtime Environment Temurin-21.0.10+7 (21.0.10+7) (build 21.0.10+7-LTS)
# Java VM: OpenJDK 64-Bit Server VM Temurin-21.0.10+7 (21.0.10+7-LTS, mixed mode, sharing, tiered, compressed oops, compressed class ptrs, parallel gc, windows-amd64)
# No core dump will be written. Minidumps are not enabled by default on client versions of Windows
#

---------------  S U M M A R Y ------------

Command Line: --add-modules=ALL-SYSTEM --add-opens=java.base/java.util=ALL-UNNAMED --add-opens=java.base/java.lang=ALL-UNNAMED --add-opens=java.base/sun.nio.fs=ALL-UNNAMED -Declipse.application=org.eclipse.jdt.ls.core.id1 -Dosgi.bundles.defaultStartLevel=4 -Declipse.product=org.eclipse.jdt.ls.core.product -Djava.import.generatesMetadataFilesAtProjectRoot=false -DDetectVMInstallationsJob.disabled=true -Dfile.encoding=utf8 -XX:+UseParallelGC -XX:GCTimeRatio=4 -XX:AdaptiveSizePolicyWeight=90 -Dsun.zip.disableMemoryMapping=true -Xmx2G -Xms100m -Xlog:disable -javaagent:c:\Users\PC\.antigravity\extensions\redhat.java-1.53.0-win32-x64\lombok\lombok-1.18.39-4050.jar -XX:+HeapDumpOnOutOfMemoryError -XX:HeapDumpPath=c:\Users\PC\AppData\Roaming\Antigravity\User\workspaceStorage\ec858d5a4b0508efca445ebbeeea57d9\redhat.java -Daether.dependencyCollector.impl=bf c:\Users\PC\.antigravity\extensions\redhat.java-1.53.0-win32-x64\server\plugins\org.eclipse.equinox.launcher_1.7.100.v20251111-0406.jar -configuration c:\Users\PC\AppData\Roaming\Antigravity\User\globalStorage\redhat.java\1.53.0\config_win -data c:\Users\PC\AppData\Roaming\Antigravity\User\workspaceStorage\ec858d5a4b0508efca445ebbeeea57d9\redhat.java\jdt_ws --pipe=\\.\pipe\lsp-ae2d0c0c9656615baaa4dd2aef39f8ca-sock

Host: 12th Gen Intel(R) Core(TM) i7-12700H, 20 cores, 15G,  Windows 11 , 64 bit Build 26100 (10.0.26100.8115)
Time: Fri Apr 10 15:31:08 2026 SE Asia Standard Time elapsed time: 7.937837 seconds (0d 0h 0m 7s)

---------------  T H R E A D  ---------------

Current thread (0x000001e31dfde070):  JavaThread "C2 CompilerThread1" daemon [_thread_in_native, id=19536, stack(0x00000085afe00000,0x00000085aff00000) (1024K)]


Current CompileTask:
C2:7937 8939       4       jdk.internal.jimage.BasicImageReader::verifyLocation (39 bytes)

Stack: [0x00000085afe00000,0x00000085aff00000]
Native frames: (J=compiled Java code, j=interpreted, Vv=VM code, C=native code)
V  [jvm.dll+0x6d7a39]
V  [jvm.dll+0x8b4b26]
V  [jvm.dll+0x8b70de]
V  [jvm.dll+0x8b77c3]
V  [jvm.dll+0x284346]
V  [jvm.dll+0xc66ed]
V  [jvm.dll+0xc6c31]
V  [jvm.dll+0x2fb29e]
V  [jvm.dll+0x5fe884]
V  [jvm.dll+0x255b17]
V  [jvm.dll+0x255edd]
V  [jvm.dll+0x24e500]
V  [jvm.dll+0x24ba42]
V  [jvm.dll+0x1cb34e]
V  [jvm.dll+0x25b85d]
V  [jvm.dll+0x259dea]
V  [jvm.dll+0x3f857e]
V  [jvm.dll+0x85f59d]
V  [jvm.dll+0x6d626d]
C  [ucrtbase.dll+0x37b0]
C  [KERNEL32.DLL+0x2e8d7]
C  [ntdll.dll+0x8c3fc]


---------------  P R O C E S S  ---------------

Threads class SMR info:
_java_thread_list=0x000001e320c707f0, length=79, elements={
0x000001e2ba19a090, 0x000001e2bc8161a0, 0x000001e2bc816e60, 0x000001e2bc71c5a0,
0x000001e2bc71d000, 0x000001e2bc81c210, 0x000001e2bc823ff0, 0x000001e2bc828ac0,
0x000001e2bc829d50, 0x000001e2bc82cd00, 0x000001e2bc82a420, 0x000001e315870930,
0x000001e2bc82aaf0, 0x000001e3175a21b0, 0x000001e31c2309a0, 0x000001e31759e1a0,
0x000001e317b0ae80, 0x000001e317b0b8c0, 0x000001e31c975380, 0x000001e31c72e190,
0x000001e31c8df2f0, 0x000001e31c8de5d0, 0x000001e31c8df980, 0x000001e31c8e0010,
0x000001e31c8dec60, 0x000001e31c8e06a0, 0x000001e31c8dd220, 0x000001e31cf3f910,
0x000001e31cf3ebf0, 0x000001e31cf3ffa0, 0x000001e31cf40630, 0x000001e31cf3f280,
0x000001e31cf40cc0, 0x000001e31cf41350, 0x000001e31cf419e0, 0x000001e31cf3e560,
0x000001e31e96d490, 0x000001e31e96c0e0, 0x000001e31e96b3c0, 0x000001e31e96ce00,
0x000001e31e96c770, 0x000001e31e96db20, 0x000001e31e96a6a0, 0x000001e31e96e1b0,
0x000001e31e96ad30, 0x000001e31e96e840, 0x000001e31e96eed0, 0x000001e31e96ba50,
0x000001e31e96f560, 0x000001e31e96fbf0, 0x000001e31e970280, 0x000001e31e971cc0,
0x000001e31e970fa0, 0x000001e31f28be90, 0x000001e31f28c520, 0x000001e31f28cbb0,
0x000001e31f28f9a0, 0x000001e31f2906c0, 0x000001e31f28df60, 0x000001e31dfde070,
0x000001e31f292100, 0x000001e31f2913e0, 0x000001e31f292790, 0x000001e31f28d240,
0x000001e31f290d50, 0x000001e31f8caf20, 0x000001e31f8cbc40, 0x000001e31f8cb5b0,
0x000001e31f8c94e0, 0x000001e31f8cc2d0, 0x000001e31f8ca200, 0x000001e31f8c8e50,
0x000001e31f8ca890, 0x000001e31f8cc960, 0x000001e31f8ccff0, 0x000001e31f8c9b70,
0x000001e31f8cf750, 0x000001e31f8cd680, 0x000001e31dfdf4e0
}

Java Threads: ( => current thread )
  0x000001e2ba19a090 JavaThread "main"                              [_thread_blocked, id=28180, stack(0x00000085af000000,0x00000085af100000) (1024K)]
  0x000001e2bc8161a0 JavaThread "Reference Handler"          daemon [_thread_blocked, id=30440, stack(0x00000085af400000,0x00000085af500000) (1024K)]
  0x000001e2bc816e60 JavaThread "Finalizer"                  daemon [_thread_blocked, id=32728, stack(0x00000085af500000,0x00000085af600000) (1024K)]
  0x000001e2bc71c5a0 JavaThread "Signal Dispatcher"          daemon [_thread_blocked, id=22944, stack(0x00000085af600000,0x00000085af700000) (1024K)]
  0x000001e2bc71d000 JavaThread "Attach Listener"            daemon [_thread_blocked, id=22244, stack(0x00000085af700000,0x00000085af800000) (1024K)]
  0x000001e2bc81c210 JavaThread "Service Thread"             daemon [_thread_blocked, id=31844, stack(0x00000085af800000,0x00000085af900000) (1024K)]
  0x000001e2bc823ff0 JavaThread "Monitor Deflation Thread"   daemon [_thread_blocked, id=32996, stack(0x00000085af900000,0x00000085afa00000) (1024K)]
  0x000001e2bc828ac0 JavaThread "C2 CompilerThread0"         daemon [_thread_in_native, id=23332, stack(0x00000085afa00000,0x00000085afb00000) (1024K)]
  0x000001e2bc829d50 JavaThread "C1 CompilerThread0"         daemon [_thread_blocked, id=6464, stack(0x00000085afb00000,0x00000085afc00000) (1024K)]
  0x000001e2bc82cd00 JavaThread "C1 CompilerThread1"         daemon [_thread_blocked, id=33740, stack(0x00000085afc00000,0x00000085afd00000) (1024K)]
  0x000001e2bc82a420 JavaThread "C1 CompilerThread2"         daemon [_thread_blocked, id=25784, stack(0x00000085afd00000,0x00000085afe00000) (1024K)]
  0x000001e315870930 JavaThread "Common-Cleaner"             daemon [_thread_blocked, id=7504, stack(0x00000085b0000000,0x00000085b0100000) (1024K)]
  0x000001e2bc82aaf0 JavaThread "C1 CompilerThread3"         daemon [_thread_blocked, id=18832, stack(0x00000085b0100000,0x00000085b0200000) (1024K)]
  0x000001e3175a21b0 JavaThread "Notification Thread"        daemon [_thread_blocked, id=32532, stack(0x00000085b0200000,0x00000085b0300000) (1024K)]
  0x000001e31c2309a0 JavaThread "Active Thread: Equinox Container: 6a885c5f-1fd6-4bdf-8968-fdff6a129984"        [_thread_blocked, id=26024, stack(0x00000085b0900000,0x00000085b0a00000) (1024K)]
  0x000001e31759e1a0 JavaThread "Refresh Thread: Equinox Container: 6a885c5f-1fd6-4bdf-8968-fdff6a129984" daemon [_thread_blocked, id=30228, stack(0x00000085b0b00000,0x00000085b0c00000) (1024K)]
  0x000001e317b0ae80 JavaThread "Framework Event Dispatcher: Equinox Container: 6a885c5f-1fd6-4bdf-8968-fdff6a129984" daemon [_thread_blocked, id=31712, stack(0x00000085b0c00000,0x00000085b0d00000) (1024K)]
  0x000001e317b0b8c0 JavaThread "Start Level: Equinox Container: 6a885c5f-1fd6-4bdf-8968-fdff6a129984" daemon [_thread_blocked, id=24380, stack(0x00000085b0d00000,0x00000085b0e00000) (1024K)]
  0x000001e31c975380 JavaThread "Bundle File Closer"         daemon [_thread_blocked, id=32272, stack(0x00000085b1100000,0x00000085b1200000) (1024K)]
  0x000001e31c72e190 JavaThread "SCR Component Actor"        daemon [_thread_blocked, id=15628, stack(0x00000085b1200000,0x00000085b1300000) (1024K)]
  0x000001e31c8df2f0 JavaThread "Worker-JM"                         [_thread_blocked, id=1248, stack(0x00000085b1300000,0x00000085b1400000) (1024K)]
  0x000001e31c8de5d0 JavaThread "JNA Cleaner"                daemon [_thread_blocked, id=18952, stack(0x00000085b1600000,0x00000085b1700000) (1024K)]
  0x000001e31c8df980 JavaThread "Worker-0"                          [_thread_blocked, id=6024, stack(0x00000085b1700000,0x00000085b1800000) (1024K)]
  0x000001e31c8e0010 JavaThread "Worker-1"                          [_thread_blocked, id=27560, stack(0x00000085b1800000,0x00000085b1900000) (1024K)]
  0x000001e31c8dec60 JavaThread "Java indexing"              daemon [_thread_blocked, id=32232, stack(0x00000085b1b00000,0x00000085b1c00000) (1024K)]
  0x000001e31c8e06a0 JavaThread "Worker-2"                          [_thread_blocked, id=18024, stack(0x00000085b1e00000,0x00000085b1f00000) (1024K)]
  0x000001e31c8dd220 JavaThread "Worker-3"                          [_thread_blocked, id=29928, stack(0x00000085b1f00000,0x00000085b2000000) (1024K)]
  0x000001e31cf3f910 JavaThread "Thread-1"                   daemon [_thread_in_native, id=27904, stack(0x00000085b2000000,0x00000085b2100000) (1024K)]
  0x000001e31cf3ebf0 JavaThread "Thread-2"                   daemon [_thread_in_native, id=25152, stack(0x00000085b2100000,0x00000085b2200000) (1024K)]
  0x000001e31cf3ffa0 JavaThread "Thread-3"                   daemon [_thread_in_native, id=22196, stack(0x00000085b2200000,0x00000085b2300000) (1024K)]
  0x000001e31cf40630 JavaThread "Thread-4"                   daemon [_thread_in_native, id=32764, stack(0x00000085b2300000,0x00000085b2400000) (1024K)]
  0x000001e31cf3f280 JavaThread "Thread-5"                   daemon [_thread_in_native, id=7148, stack(0x00000085b2400000,0x00000085b2500000) (1024K)]
  0x000001e31cf40cc0 JavaThread "Thread-6"                   daemon [_thread_in_native, id=9188, stack(0x00000085b2500000,0x00000085b2600000) (1024K)]
  0x000001e31cf41350 JavaThread "Thread-7"                   daemon [_thread_in_native, id=29944, stack(0x00000085b2600000,0x00000085b2700000) (1024K)]
  0x000001e31cf419e0 JavaThread "Thread-8"                   daemon [_thread_in_native, id=21448, stack(0x00000085b2700000,0x00000085b2800000) (1024K)]
  0x000001e31cf3e560 JavaThread "Thread-9"                   daemon [_thread_in_native, id=33500, stack(0x00000085b2800000,0x00000085b2900000) (1024K)]
  0x000001e31e96d490 JavaThread "Thread-10"                  daemon [_thread_in_native, id=26356, stack(0x00000085b2900000,0x00000085b2a00000) (1024K)]
  0x000001e31e96c0e0 JavaThread "Thread-11"                  daemon [_thread_in_native, id=17868, stack(0x00000085b2a00000,0x00000085b2b00000) (1024K)]
  0x000001e31e96b3c0 JavaThread "Thread-12"                  daemon [_thread_in_native, id=18984, stack(0x00000085b2b00000,0x00000085b2c00000) (1024K)]
  0x000001e31e96ce00 JavaThread "Thread-13"                  daemon [_thread_in_native, id=30256, stack(0x00000085b2c00000,0x00000085b2d00000) (1024K)]
  0x000001e31e96c770 JavaThread "Thread-14"                  daemon [_thread_in_native, id=26560, stack(0x00000085b2d00000,0x00000085b2e00000) (1024K)]
  0x000001e31e96db20 JavaThread "Thread-15"                  daemon [_thread_in_native, id=32472, stack(0x00000085b2e00000,0x00000085b2f00000) (1024K)]
  0x000001e31e96a6a0 JavaThread "Thread-16"                  daemon [_thread_in_native, id=29344, stack(0x00000085b2f00000,0x00000085b3000000) (1024K)]
  0x000001e31e96e1b0 JavaThread "Thread-17"                  daemon [_thread_in_native, id=28176, stack(0x00000085b3000000,0x00000085b3100000) (1024K)]
  0x000001e31e96ad30 JavaThread "Thread-18"                  daemon [_thread_in_native, id=29804, stack(0x00000085b3100000,0x00000085b3200000) (1024K)]
  0x000001e31e96e840 JavaThread "Thread-19"                  daemon [_thread_in_native, id=32700, stack(0x00000085b3200000,0x00000085b3300000) (1024K)]
  0x000001e31e96eed0 JavaThread "Thread-20"                  daemon [_thread_in_native, id=30808, stack(0x00000085b3300000,0x00000085b3400000) (1024K)]
  0x000001e31e96ba50 JavaThread "Thread-21"                  daemon [_thread_in_native, id=32648, stack(0x00000085b3400000,0x00000085b3500000) (1024K)]
  0x000001e31e96f560 JavaThread "pool-2-thread-1"                   [_thread_blocked, id=25092, stack(0x00000085b3500000,0x00000085b3600000) (1024K)]
  0x000001e31e96fbf0 JavaThread "WorkspaceEventsHandler"            [_thread_blocked, id=32452, stack(0x00000085b3600000,0x00000085b3700000) (1024K)]
  0x000001e31e970280 JavaThread "pool-1-thread-1"                   [_thread_blocked, id=17300, stack(0x00000085b3700000,0x00000085b3800000) (1024K)]
  0x000001e31e971cc0 JavaThread "Worker-4"                          [_thread_blocked, id=7496, stack(0x00000085b3800000,0x00000085b3900000) (1024K)]
  0x000001e31e970fa0 JavaThread "ForkJoinPool.commonPool-worker-1" daemon [_thread_blocked, id=29980, stack(0x00000085b3900000,0x00000085b3a00000) (1024K)]
  0x000001e31f28be90 JavaThread "ForkJoinPool.commonPool-worker-2" daemon [_thread_blocked, id=2636, stack(0x00000085b3a00000,0x00000085b3b00000) (1024K)]
  0x000001e31f28c520 JavaThread "Timer-0"                           [_thread_blocked, id=18992, stack(0x00000085b3c00000,0x00000085b3d00000) (1024K)]
  0x000001e31f28cbb0 JavaThread "Timer-1"                           [_thread_blocked, id=19764, stack(0x00000085aff00000,0x00000085b0000000) (1024K)]
  0x000001e31f28f9a0 JavaThread "Timer-2"                           [_thread_blocked, id=33496, stack(0x00000085b3b00000,0x00000085b3c00000) (1024K)]
  0x000001e31f2906c0 JavaThread "Timer-3"                           [_thread_blocked, id=20212, stack(0x00000085b3f00000,0x00000085b4000000) (1024K)]
  0x000001e31f28df60 JavaThread "Timer-4"                           [_thread_blocked, id=33532, stack(0x00000085b4000000,0x00000085b4100000) (1024K)]
=>0x000001e31dfde070 JavaThread "C2 CompilerThread1"         daemon [_thread_in_native, id=19536, stack(0x00000085afe00000,0x00000085aff00000) (1024K)]
  0x000001e31f292100 JavaThread "Exec process"                      [_thread_blocked, id=31384, stack(0x00000085b4200000,0x00000085b4300000) (1024K)]
  0x000001e31f2913e0 JavaThread "Exec process Thread 2"             [_thread_blocked, id=20080, stack(0x00000085b4300000,0x00000085b4400000) (1024K)]
  0x000001e31f292790 JavaThread "Exec process Thread 3"             [_thread_blocked, id=30344, stack(0x00000085b4400000,0x00000085b4500000) (1024K)]
  0x000001e31f28d240 JavaThread "Timer-5"                           [_thread_blocked, id=28528, stack(0x00000085b3e00000,0x00000085b3f00000) (1024K)]
  0x000001e31f290d50 JavaThread "Timer-6"                           [_thread_blocked, id=32712, stack(0x00000085b4100000,0x00000085b4200000) (1024K)]
  0x000001e31f8caf20 JavaThread "ForkJoinPool.commonPool-worker-4" daemon [_thread_blocked, id=23860, stack(0x00000085b4600000,0x00000085b4700000) (1024K)]
  0x000001e31f8cbc40 JavaThread "ForkJoinPool.commonPool-worker-3" daemon [_thread_blocked, id=30620, stack(0x00000085b4700000,0x00000085b4800000) (1024K)]
  0x000001e31f8cb5b0 JavaThread "ForkJoinPool.commonPool-worker-5" daemon [_thread_blocked, id=32836, stack(0x00000085b4800000,0x00000085b4900000) (1024K)]
  0x000001e31f8c94e0 JavaThread "ForkJoinPool.commonPool-worker-6" daemon [_thread_blocked, id=14096, stack(0x00000085b4900000,0x00000085b4a00000) (1024K)]
  0x000001e31f8cc2d0 JavaThread "ForkJoinPool.commonPool-worker-7" daemon [_thread_blocked, id=28016, stack(0x00000085b4a00000,0x00000085b4b00000) (1024K)]
  0x000001e31f8ca200 JavaThread "ForkJoinPool.commonPool-worker-8" daemon [_thread_blocked, id=5036, stack(0x00000085b4b00000,0x00000085b4c00000) (1024K)]
  0x000001e31f8c8e50 JavaThread "ForkJoinPool.commonPool-worker-9" daemon [_thread_blocked, id=23280, stack(0x00000085b4c00000,0x00000085b4d00000) (1024K)]
  0x000001e31f8ca890 JavaThread "Exec process Thread 4"             [_thread_blocked, id=28512, stack(0x00000085b4d00000,0x00000085b4e00000) (1024K)]
  0x000001e31f8cc960 JavaThread "Exec process Thread 5"             [_thread_blocked, id=32888, stack(0x00000085b4e00000,0x00000085b4f00000) (1024K)]
  0x000001e31f8ccff0 JavaThread "Exec process Thread 6"             [_thread_blocked, id=3516, stack(0x00000085b4f00000,0x00000085b5000000) (1024K)]
  0x000001e31f8c9b70 JavaThread "Exec process Thread 7"             [_thread_blocked, id=31480, stack(0x00000085b5000000,0x00000085b5100000) (1024K)]
  0x000001e31f8cf750 JavaThread "Exec process Thread 8"             [_thread_blocked, id=7096, stack(0x00000085b5100000,0x00000085b5200000) (1024K)]
  0x000001e31f8cd680 JavaThread "Exec process Thread 9"             [_thread_blocked, id=31404, stack(0x00000085b5200000,0x00000085b5300000) (1024K)]
  0x000001e31dfdf4e0 JavaThread "C2 CompilerThread2"         daemon [_thread_in_native, id=4364, stack(0x00000085b3d00000,0x00000085b3e00000) (1024K)]
Total: 79

Other Threads:
  0x000001e2bc704980 VMThread "VM Thread"                           [id=22140, stack(0x00000085af300000,0x00000085af400000) (1024K)]
  0x000001e2bc5fba00 WatcherThread "VM Periodic Task Thread"        [id=31924, stack(0x00000085af200000,0x00000085af300000) (1024K)]
  0x000001e2bc78b520 WorkerThread "GC Thread#0"                     [id=2324, stack(0x00000085af100000,0x00000085af200000) (1024K)]
  0x000001e31c418890 WorkerThread "GC Thread#1"                     [id=26680, stack(0x00000085b0300000,0x00000085b0400000) (1024K)]
  0x000001e31c33dfc0 WorkerThread "GC Thread#2"                     [id=5632, stack(0x00000085b0400000,0x00000085b0500000) (1024K)]
  0x000001e31c3be9e0 WorkerThread "GC Thread#3"                     [id=32684, stack(0x00000085b0500000,0x00000085b0600000) (1024K)]
  0x000001e31c1a9790 WorkerThread "GC Thread#4"                     [id=30548, stack(0x00000085b0600000,0x00000085b0700000) (1024K)]
  0x000001e317bfc3f0 WorkerThread "GC Thread#5"                     [id=33444, stack(0x00000085b0700000,0x00000085b0800000) (1024K)]
  0x000001e317bfc7a0 WorkerThread "GC Thread#6"                     [id=31320, stack(0x00000085b0800000,0x00000085b0900000) (1024K)]
  0x000001e317bfcf00 WorkerThread "GC Thread#7"                     [id=30144, stack(0x00000085b0a00000,0x00000085b0b00000) (1024K)]
  0x000001e317bfb530 WorkerThread "GC Thread#8"                     [id=21828, stack(0x00000085b0e00000,0x00000085b0f00000) (1024K)]
  0x000001e317bfb8e0 WorkerThread "GC Thread#9"                     [id=17024, stack(0x00000085b0f00000,0x00000085b1000000) (1024K)]
  0x000001e317bfbc90 WorkerThread "GC Thread#10"                    [id=29412, stack(0x00000085b1000000,0x00000085b1100000) (1024K)]
  0x000001e31cc09c30 WorkerThread "GC Thread#11"                    [id=1656, stack(0x00000085b1400000,0x00000085b1500000) (1024K)]
  0x000001e31cc08260 WorkerThread "GC Thread#12"                    [id=33408, stack(0x00000085b1500000,0x00000085b1600000) (1024K)]
  0x000001e31cc09120 WorkerThread "GC Thread#13"                    [id=24608, stack(0x00000085b1900000,0x00000085b1a00000) (1024K)]
  0x000001e31cc06ff0 WorkerThread "GC Thread#14"                    [id=12380, stack(0x00000085b1a00000,0x00000085b1b00000) (1024K)]
Total: 17

Threads with active compile tasks:
C2 CompilerThread0  7958 8778       4       java.lang.invoke.MemberName::getInvocationType (56 bytes)
C2 CompilerThread1  7958 8939       4       jdk.internal.jimage.BasicImageReader::verifyLocation (39 bytes)
C2 CompilerThread2  7958 8938       4       jdk.internal.module.SystemModuleFinders$SystemModuleReader::containsImageLocation (42 bytes)
Total: 3

VM state: not at safepoint (normal execution)

VM Mutex/Monitor currently owned by a thread: None

Heap address: 0x0000000080000000, size: 2048 MB, Compressed Oops mode: 32-bit

CDS archive(s) mapped at: [0x000001e2d4000000-0x000001e2d4ba0000-0x000001e2d4ba0000), size 12189696, SharedBaseAddress: 0x000001e2d4000000, ArchiveRelocationMode: 1.
Compressed class space mapped at: 0x000001e2d5000000-0x000001e315000000, reserved size: 1073741824
Narrow klass base: 0x000001e2d4000000, Narrow klass shift: 0, Narrow klass range: 0x100000000

GC Precious Log:
 CardTable entry size: 512
 CPUs: 20 total, 20 available
 Memory: 16004M
 Large Page Support: Disabled
 NUMA Support: Disabled
 Compressed Oops: Enabled (32-bit)
 Alignments: Space 512K, Generation 512K, Heap 2M
 Heap Min Capacity: 100M
 Heap Initial Capacity: 100M
 Heap Max Capacity: 2G
 Pre-touch: Disabled
 Parallel Workers: 15

Heap:
 PSYoungGen      total 12288K, used 2462K [0x00000000d5580000, 0x00000000d6300000, 0x0000000100000000)
  eden space 11264K, 16% used [0x00000000d5580000,0x00000000d57479c0,0x00000000d6080000)
  from space 1024K, 62% used [0x00000000d6200000,0x00000000d62a0040,0x00000000d6300000)
  to   space 1024K, 0% used [0x00000000d6100000,0x00000000d6100000,0x00000000d6200000)
 ParOldGen       total 68608K, used 60852K [0x0000000080000000, 0x0000000084300000, 0x00000000d5580000)
  object space 68608K, 88% used [0x0000000080000000,0x0000000083b6d0d0,0x0000000084300000)
 Metaspace       used 69117K, committed 70592K, reserved 1114112K
  class space    used 8684K, committed 9344K, reserved 1048576K

Card table byte_map: [0x000001e2bc110000,0x000001e2bc520000] _byte_map_base: 0x000001e2bbd10000

Marking Bits: (ParMarkBitMap*) 0x00007fff06ae3450
 Begin Bits: [0x000001e2cec20000, 0x000001e2d0c20000)
 End Bits:   [0x000001e2d0c20000, 0x000001e2d2c20000)

Polling page: 0x000001e2ba4a0000

Metaspace:

Usage:
  Non-class:     59.02 MB used.
      Class:      8.48 MB used.
       Both:     67.50 MB used.

Virtual space:
  Non-class space:       64.00 MB reserved,      59.81 MB ( 93%) committed,  1 nodes.
      Class space:        1.00 GB reserved,       9.12 MB ( <1%) committed,  1 nodes.
             Both:        1.06 GB reserved,      68.94 MB (  6%) committed. 

Chunk freelists:
   Non-Class:  3.92 MB
       Class:  6.86 MB
        Both:  10.78 MB

MaxMetaspaceSize: unlimited
CompressedClassSpaceSize: 1.00 GB
Initial GC threshold: 21.00 MB
Current GC threshold: 97.31 MB
CDS: on
 - commit_granule_bytes: 65536.
 - commit_granule_words: 8192.
 - virtual_space_node_default_size: 8388608.
 - enlarge_chunks_in_place: 1.
 - use_allocation_guard: 0.


Internal statistics:

num_allocs_failed_limit: 9.
num_arena_births: 1254.
num_arena_deaths: 14.
num_vsnodes_births: 2.
num_vsnodes_deaths: 0.
num_space_committed: 1103.
num_space_uncommitted: 0.
num_chunks_returned_to_freelist: 23.
num_chunks_taken_from_freelist: 4246.
num_chunk_merges: 13.
num_chunk_splits: 2801.
num_chunks_enlarged: 1811.
num_inconsistent_stats: 0.

CodeHeap 'non-profiled nmethods': size=119168Kb used=5453Kb max_used=5453Kb free=113714Kb
 bounds [0x000001e2c7510000, 0x000001e2c7a70000, 0x000001e2ce970000]
CodeHeap 'profiled nmethods': size=119104Kb used=16697Kb max_used=16697Kb free=102406Kb
 bounds [0x000001e2bf970000, 0x000001e2c09c0000, 0x000001e2c6dc0000]
CodeHeap 'non-nmethods': size=7488Kb used=3099Kb max_used=3133Kb free=4388Kb
 bounds [0x000001e2c6dc0000, 0x000001e2c70e0000, 0x000001e2c7510000]
CodeCache: size=245760Kb, used=25249Kb, max_used=25283Kb, free=220508Kb
 total_blobs=8906, nmethods=8190, adapters=619, full_count=0
Compilation: enabled, stopped_count=0, restarted_count=0

Compilation events (20 events):
Event: 7.912 Thread 0x000001e31dfdf4e0 nmethod 8866 0x000001e2c7a59a90 code [0x000001e2c7a59ce0, 0x000001e2c7a5aa78]
Event: 7.912 Thread 0x000001e31dfdf4e0 8906       4       org.eclipse.jdt.internal.core.util.HashtableOfArrayToObject::hashCode (35 bytes)
Event: 7.914 Thread 0x000001e31dfdf4e0 nmethod 8906 0x000001e2c7a5b190 code [0x000001e2c7a5b340, 0x000001e2c7a5b580]
Event: 7.914 Thread 0x000001e31dfdf4e0 8873       4       org.eclipse.jdt.internal.core.util.Util::combineHashCodes (7 bytes)
Event: 7.914 Thread 0x000001e31dfdf4e0 nmethod 8873 0x000001e2c7a5b790 code [0x000001e2c7a5b900, 0x000001e2c7a5b978]
Event: 7.914 Thread 0x000001e31dfdf4e0 8923       4       org.eclipse.jdt.internal.core.JavaElement::hashCode (28 bytes)
Event: 7.914 Thread 0x000001e31dfdf4e0 nmethod 8923 0x000001e2c7a5ba90 code [0x000001e2c7a5bc20, 0x000001e2c7a5bcf8]
Event: 7.914 Thread 0x000001e31dfdf4e0 8830       4       java.lang.invoke.DirectMethodHandle$Holder::invokeStatic (20 bytes)
Event: 7.915 Thread 0x000001e31dfdf4e0 nmethod 8830 0x000001e2c7a5bd90 code [0x000001e2c7a5bf20, 0x000001e2c7a5c020]
Event: 7.915 Thread 0x000001e31dfdf4e0 8845       4       java.lang.invoke.BoundMethodHandle$Species_L::make (11 bytes)
Event: 7.918 Thread 0x000001e31dfdf4e0 nmethod 8845 0x000001e2c7a5c110 code [0x000001e2c7a5c2c0, 0x000001e2c7a5c510]
Event: 7.918 Thread 0x000001e31dfdf4e0 8871       4       org.eclipse.jdt.internal.compiler.classfmt.ClassFileStruct::u4At (69 bytes)
Event: 7.919 Thread 0x000001e31dfdf4e0 nmethod 8871 0x000001e2c7a5c810 code [0x000001e2c7a5c9a0, 0x000001e2c7a5cad8]
Event: 7.919 Thread 0x000001e31dfdf4e0 8848       4       org.eclipse.jdt.internal.core.JavaModelManager::getJavaModelManager (4 bytes)
Event: 7.919 Thread 0x000001e31dfdf4e0 nmethod 8848 0x000001e2c7a5cc10 code [0x000001e2c7a5cda0, 0x000001e2c7a5ce20]
Event: 7.920 Thread 0x000001e31dfdf4e0 8937       4       java.util.regex.Pattern$LastNode::match (45 bytes)
Event: 7.921 Thread 0x000001e31dfdf4e0 nmethod 8937 0x000001e2c7a5cf10 code [0x000001e2c7a5d0a0, 0x000001e2c7a5d1a0]
Event: 7.925 Thread 0x000001e31dfde070 nmethod 8806 0x000001e2c7a5d290 code [0x000001e2c7a5d720, 0x000001e2c7a60a30]
Event: 7.930 Thread 0x000001e31dfdf4e0 8938       4       jdk.internal.module.SystemModuleFinders$SystemModuleReader::containsImageLocation (42 bytes)
Event: 7.930 Thread 0x000001e31dfde070 8939       4       jdk.internal.jimage.BasicImageReader::verifyLocation (39 bytes)

GC Heap History (20 events):
Event: 6.987 GC heap before
{Heap before GC invocations=66 (full 3):
 PSYoungGen      total 13312K, used 13124K [0x00000000d5580000, 0x00000000d6580000, 0x0000000100000000)
  eden space 11776K, 100% used [0x00000000d5580000,0x00000000d6100000,0x00000000d6100000)
  from space 1536K, 87% used [0x00000000d6400000,0x00000000d6551000,0x00000000d6580000)
  to   space 2048K, 0% used [0x00000000d6180000,0x00000000d6180000,0x00000000d6380000)
 ParOldGen       total 68608K, used 52689K [0x0000000080000000, 0x0000000084300000, 0x00000000d5580000)
  object space 68608K, 76% used [0x0000000080000000,0x00000000833745e8,0x0000000084300000)
 Metaspace       used 64951K, committed 66304K, reserved 1114112K
  class space    used 8163K, committed 8704K, reserved 1048576K
}
Event: 6.989 GC heap after
{Heap after GC invocations=66 (full 3):
 PSYoungGen      total 13312K, used 1056K [0x00000000d5580000, 0x00000000d6480000, 0x0000000100000000)
  eden space 11776K, 0% used [0x00000000d5580000,0x00000000d5580000,0x00000000d6100000)
  from space 1536K, 68% used [0x00000000d6180000,0x00000000d6288000,0x00000000d6300000)
  to   space 1536K, 0% used [0x00000000d6300000,0x00000000d6300000,0x00000000d6480000)
 ParOldGen       total 68608K, used 53804K [0x0000000080000000, 0x0000000084300000, 0x00000000d5580000)
  object space 68608K, 78% used [0x0000000080000000,0x000000008348b258,0x0000000084300000)
 Metaspace       used 64951K, committed 66304K, reserved 1114112K
  class space    used 8163K, committed 8704K, reserved 1048576K
}
Event: 7.014 GC heap before
{Heap before GC invocations=67 (full 3):
 PSYoungGen      total 13312K, used 12832K [0x00000000d5580000, 0x00000000d6480000, 0x0000000100000000)
  eden space 11776K, 100% used [0x00000000d5580000,0x00000000d6100000,0x00000000d6100000)
  from space 1536K, 68% used [0x00000000d6180000,0x00000000d6288000,0x00000000d6300000)
  to   space 1536K, 0% used [0x00000000d6300000,0x00000000d6300000,0x00000000d6480000)
 ParOldGen       total 68608K, used 53804K [0x0000000080000000, 0x0000000084300000, 0x00000000d5580000)
  object space 68608K, 78% used [0x0000000080000000,0x000000008348b258,0x0000000084300000)
 Metaspace       used 65064K, committed 66432K, reserved 1114112K
  class space    used 8179K, committed 8768K, reserved 1048576K
}
Event: 7.015 GC heap after
{Heap after GC invocations=67 (full 3):
 PSYoungGen      total 13312K, used 1248K [0x00000000d5580000, 0x00000000d6480000, 0x0000000100000000)
  eden space 11776K, 0% used [0x00000000d5580000,0x00000000d5580000,0x00000000d6100000)
  from space 1536K, 81% used [0x00000000d6300000,0x00000000d6438000,0x00000000d6480000)
  to   space 1536K, 0% used [0x00000000d6180000,0x00000000d6180000,0x00000000d6300000)
 ParOldGen       total 68608K, used 54689K [0x0000000080000000, 0x0000000084300000, 0x00000000d5580000)
  object space 68608K, 79% used [0x0000000080000000,0x0000000083568780,0x0000000084300000)
 Metaspace       used 65064K, committed 66432K, reserved 1114112K
  class space    used 8179K, committed 8768K, reserved 1048576K
}
Event: 7.040 GC heap before
{Heap before GC invocations=68 (full 3):
 PSYoungGen      total 13312K, used 13024K [0x00000000d5580000, 0x00000000d6480000, 0x0000000100000000)
  eden space 11776K, 100% used [0x00000000d5580000,0x00000000d6100000,0x00000000d6100000)
  from space 1536K, 81% used [0x00000000d6300000,0x00000000d6438000,0x00000000d6480000)
  to   space 1536K, 0% used [0x00000000d6180000,0x00000000d6180000,0x00000000d6300000)
 ParOldGen       total 68608K, used 54689K [0x0000000080000000, 0x0000000084300000, 0x00000000d5580000)
  object space 68608K, 79% used [0x0000000080000000,0x0000000083568780,0x0000000084300000)
 Metaspace       used 65080K, committed 66432K, reserved 1114112K
  class space    used 8179K, committed 8768K, reserved 1048576K
}
Event: 7.042 GC heap after
{Heap after GC invocations=68 (full 3):
 PSYoungGen      total 13312K, used 1408K [0x00000000d5580000, 0x00000000d6400000, 0x0000000100000000)
  eden space 11776K, 0% used [0x00000000d5580000,0x00000000d5580000,0x00000000d6100000)
  from space 1536K, 91% used [0x00000000d6180000,0x00000000d62e0010,0x00000000d6300000)
  to   space 1024K, 0% used [0x00000000d6300000,0x00000000d6300000,0x00000000d6400000)
 ParOldGen       total 68608K, used 55721K [0x0000000080000000, 0x0000000084300000, 0x00000000d5580000)
  object space 68608K, 81% used [0x0000000080000000,0x000000008366a7b0,0x0000000084300000)
 Metaspace       used 65080K, committed 66432K, reserved 1114112K
  class space    used 8179K, committed 8768K, reserved 1048576K
}
Event: 7.067 GC heap before
{Heap before GC invocations=69 (full 3):
 PSYoungGen      total 13312K, used 13184K [0x00000000d5580000, 0x00000000d6400000, 0x0000000100000000)
  eden space 11776K, 100% used [0x00000000d5580000,0x00000000d6100000,0x00000000d6100000)
  from space 1536K, 91% used [0x00000000d6180000,0x00000000d62e0010,0x00000000d6300000)
  to   space 1024K, 0% used [0x00000000d6300000,0x00000000d6300000,0x00000000d6400000)
 ParOldGen       total 68608K, used 55721K [0x0000000080000000, 0x0000000084300000, 0x00000000d5580000)
  object space 68608K, 81% used [0x0000000080000000,0x000000008366a7b0,0x0000000084300000)
 Metaspace       used 65118K, committed 66496K, reserved 1114112K
  class space    used 8182K, committed 8768K, reserved 1048576K
}
Event: 7.069 GC heap after
{Heap after GC invocations=69 (full 3):
 PSYoungGen      total 12288K, used 1024K [0x00000000d5580000, 0x00000000d6600000, 0x0000000100000000)
  eden space 11264K, 0% used [0x00000000d5580000,0x00000000d5580000,0x00000000d6080000)
  from space 1024K, 100% used [0x00000000d6300000,0x00000000d6400000,0x00000000d6400000)
  to   space 2560K, 0% used [0x00000000d6080000,0x00000000d6080000,0x00000000d6300000)
 ParOldGen       total 68608K, used 57017K [0x0000000080000000, 0x0000000084300000, 0x00000000d5580000)
  object space 68608K, 83% used [0x0000000080000000,0x00000000837ae7c0,0x0000000084300000)
 Metaspace       used 65118K, committed 66496K, reserved 1114112K
  class space    used 8182K, committed 8768K, reserved 1048576K
}
Event: 7.089 GC heap before
{Heap before GC invocations=70 (full 3):
 PSYoungGen      total 12288K, used 12288K [0x00000000d5580000, 0x00000000d6600000, 0x0000000100000000)
  eden space 11264K, 100% used [0x00000000d5580000,0x00000000d6080000,0x00000000d6080000)
  from space 1024K, 100% used [0x00000000d6300000,0x00000000d6400000,0x00000000d6400000)
  to   space 2560K, 0% used [0x00000000d6080000,0x00000000d6080000,0x00000000d6300000)
 ParOldGen       total 68608K, used 57018K [0x0000000080000000, 0x0000000084300000, 0x00000000d5580000)
  object space 68608K, 83% used [0x0000000080000000,0x00000000837ae810,0x0000000084300000)
 Metaspace       used 65139K, committed 66496K, reserved 1114112K
  class space    used 8184K, committed 8768K, reserved 1048576K
}
Event: 7.090 GC heap after
{Heap after GC invocations=70 (full 3):
 PSYoungGen      total 13824K, used 1176K [0x00000000d5580000, 0x00000000d6500000, 0x0000000100000000)
  eden space 11264K, 0% used [0x00000000d5580000,0x00000000d5580000,0x00000000d6080000)
  from space 2560K, 45% used [0x00000000d6080000,0x00000000d61a6200,0x00000000d6300000)
  to   space 2048K, 0% used [0x00000000d6300000,0x00000000d6300000,0x00000000d6500000)
 ParOldGen       total 68608K, used 57954K [0x0000000080000000, 0x0000000084300000, 0x00000000d5580000)
  object space 68608K, 84% used [0x0000000080000000,0x0000000083898810,0x0000000084300000)
 Metaspace       used 65139K, committed 66496K, reserved 1114112K
  class space    used 8184K, committed 8768K, reserved 1048576K
}
Event: 7.118 GC heap before
{Heap before GC invocations=71 (full 3):
 PSYoungGen      total 13824K, used 12440K [0x00000000d5580000, 0x00000000d6500000, 0x0000000100000000)
  eden space 11264K, 100% used [0x00000000d5580000,0x00000000d6080000,0x00000000d6080000)
  from space 2560K, 45% used [0x00000000d6080000,0x00000000d61a6200,0x00000000d6300000)
  to   space 2048K, 0% used [0x00000000d6300000,0x00000000d6300000,0x00000000d6500000)
 ParOldGen       total 68608K, used 57956K [0x0000000080000000, 0x0000000084300000, 0x00000000d5580000)
  object space 68608K, 84% used [0x0000000080000000,0x0000000083899150,0x0000000084300000)
 Metaspace       used 65439K, committed 66816K, reserved 1114112K
  class space    used 8211K, committed 8768K, reserved 1048576K
}
Event: 7.119 GC heap after
{Heap after GC invocations=71 (full 3):
 PSYoungGen      total 12288K, used 832K [0x00000000d5580000, 0x00000000d6400000, 0x0000000100000000)
  eden space 11264K, 0% used [0x00000000d5580000,0x00000000d5580000,0x00000000d6080000)
  from space 1024K, 81% used [0x00000000d6300000,0x00000000d63d0000,0x00000000d6400000)
  to   space 1536K, 0% used [0x00000000d6100000,0x00000000d6100000,0x00000000d6280000)
 ParOldGen       total 68608K, used 58924K [0x0000000080000000, 0x0000000084300000, 0x00000000d5580000)
  object space 68608K, 85% used [0x0000000080000000,0x000000008398b350,0x0000000084300000)
 Metaspace       used 65439K, committed 66816K, reserved 1114112K
  class space    used 8211K, committed 8768K, reserved 1048576K
}
Event: 7.341 GC heap before
{Heap before GC invocations=72 (full 3):
 PSYoungGen      total 12288K, used 12096K [0x00000000d5580000, 0x00000000d6400000, 0x0000000100000000)
  eden space 11264K, 100% used [0x00000000d5580000,0x00000000d6080000,0x00000000d6080000)
  from space 1024K, 81% used [0x00000000d6300000,0x00000000d63d0000,0x00000000d6400000)
  to   space 1536K, 0% used [0x00000000d6100000,0x00000000d6100000,0x00000000d6280000)
 ParOldGen       total 68608K, used 58924K [0x0000000080000000, 0x0000000084300000, 0x00000000d5580000)
  object space 68608K, 85% used [0x0000000080000000,0x000000008398b350,0x0000000084300000)
 Metaspace       used 65908K, committed 67328K, reserved 1114112K
  class space    used 8283K, committed 8896K, reserved 1048576K
}
Event: 7.342 GC heap after
{Heap after GC invocations=72 (full 3):
 PSYoungGen      total 12800K, used 544K [0x00000000d5580000, 0x00000000d6380000, 0x0000000100000000)
  eden space 11264K, 0% used [0x00000000d5580000,0x00000000d5580000,0x00000000d6080000)
  from space 1536K, 35% used [0x00000000d6100000,0x00000000d6188000,0x00000000d6280000)
  to   space 1024K, 0% used [0x00000000d6280000,0x00000000d6280000,0x00000000d6380000)
 ParOldGen       total 68608K, used 59633K [0x0000000080000000, 0x0000000084300000, 0x00000000d5580000)
  object space 68608K, 86% used [0x0000000080000000,0x0000000083a3c6a8,0x0000000084300000)
 Metaspace       used 65908K, committed 67328K, reserved 1114112K
  class space    used 8283K, committed 8896K, reserved 1048576K
}
Event: 7.609 GC heap before
{Heap before GC invocations=73 (full 3):
 PSYoungGen      total 12800K, used 11808K [0x00000000d5580000, 0x00000000d6380000, 0x0000000100000000)
  eden space 11264K, 100% used [0x00000000d5580000,0x00000000d6080000,0x00000000d6080000)
  from space 1536K, 35% used [0x00000000d6100000,0x00000000d6188000,0x00000000d6280000)
  to   space 1024K, 0% used [0x00000000d6280000,0x00000000d6280000,0x00000000d6380000)
 ParOldGen       total 68608K, used 59633K [0x0000000080000000, 0x0000000084300000, 0x00000000d5580000)
  object space 68608K, 86% used [0x0000000080000000,0x0000000083a3c6a8,0x0000000084300000)
 Metaspace       used 66824K, committed 68224K, reserved 1114112K
  class space    used 8428K, committed 9024K, reserved 1048576K
}
Event: 7.610 GC heap after
{Heap after GC invocations=73 (full 3):
 PSYoungGen      total 11776K, used 512K [0x00000000d5580000, 0x00000000d6300000, 0x0000000100000000)
  eden space 11264K, 0% used [0x00000000d5580000,0x00000000d5580000,0x00000000d6080000)
  from space 512K, 100% used [0x00000000d6280000,0x00000000d6300000,0x00000000d6300000)
  to   space 1024K, 0% used [0x00000000d6100000,0x00000000d6100000,0x00000000d6200000)
 ParOldGen       total 68608K, used 59986K [0x0000000080000000, 0x0000000084300000, 0x00000000d5580000)
  object space 68608K, 87% used [0x0000000080000000,0x0000000083a949a8,0x0000000084300000)
 Metaspace       used 66824K, committed 68224K, reserved 1114112K
  class space    used 8428K, committed 9024K, reserved 1048576K
}
Event: 7.819 GC heap before
{Heap before GC invocations=74 (full 3):
 PSYoungGen      total 11776K, used 11776K [0x00000000d5580000, 0x00000000d6300000, 0x0000000100000000)
  eden space 11264K, 100% used [0x00000000d5580000,0x00000000d6080000,0x00000000d6080000)
  from space 512K, 100% used [0x00000000d6280000,0x00000000d6300000,0x00000000d6300000)
  to   space 1024K, 0% used [0x00000000d6100000,0x00000000d6100000,0x00000000d6200000)
 ParOldGen       total 68608K, used 59986K [0x0000000080000000, 0x0000000084300000, 0x00000000d5580000)
  object space 68608K, 87% used [0x0000000080000000,0x0000000083a949a8,0x0000000084300000)
 Metaspace       used 67875K, committed 69440K, reserved 1114112K
  class space    used 8541K, committed 9216K, reserved 1048576K
}
Event: 7.820 GC heap after
{Heap after GC invocations=74 (full 3):
 PSYoungGen      total 12288K, used 997K [0x00000000d5580000, 0x00000000d6380000, 0x0000000100000000)
  eden space 11264K, 0% used [0x00000000d5580000,0x00000000d5580000,0x00000000d6080000)
  from space 1024K, 97% used [0x00000000d6100000,0x00000000d61f9768,0x00000000d6200000)
  to   space 1536K, 0% used [0x00000000d6200000,0x00000000d6200000,0x00000000d6380000)
 ParOldGen       total 68608K, used 60266K [0x0000000080000000, 0x0000000084300000, 0x00000000d5580000)
  object space 68608K, 87% used [0x0000000080000000,0x0000000083ada9a8,0x0000000084300000)
 Metaspace       used 67875K, committed 69440K, reserved 1114112K
  class space    used 8541K, committed 9216K, reserved 1048576K
}
Event: 7.928 GC heap before
{Heap before GC invocations=75 (full 3):
 PSYoungGen      total 12288K, used 12261K [0x00000000d5580000, 0x00000000d6380000, 0x0000000100000000)
  eden space 11264K, 100% used [0x00000000d5580000,0x00000000d6080000,0x00000000d6080000)
  from space 1024K, 97% used [0x00000000d6100000,0x00000000d61f9768,0x00000000d6200000)
  to   space 1536K, 0% used [0x00000000d6200000,0x00000000d6200000,0x00000000d6380000)
 ParOldGen       total 68608K, used 60266K [0x0000000080000000, 0x0000000084300000, 0x00000000d5580000)
  object space 68608K, 87% used [0x0000000080000000,0x0000000083ada9a8,0x0000000084300000)
 Metaspace       used 68867K, committed 70336K, reserved 1114112K
  class space    used 8642K, committed 9280K, reserved 1048576K
}
Event: 7.928 GC heap after
{Heap after GC invocations=75 (full 3):
 PSYoungGen      total 12288K, used 640K [0x00000000d5580000, 0x00000000d6300000, 0x0000000100000000)
  eden space 11264K, 0% used [0x00000000d5580000,0x00000000d5580000,0x00000000d6080000)
  from space 1024K, 62% used [0x00000000d6200000,0x00000000d62a0040,0x00000000d6300000)
  to   space 1024K, 0% used [0x00000000d6100000,0x00000000d6100000,0x00000000d6200000)
 ParOldGen       total 68608K, used 60852K [0x0000000080000000, 0x0000000084300000, 0x00000000d5580000)
  object space 68608K, 88% used [0x0000000080000000,0x0000000083b6d0d0,0x0000000084300000)
 Metaspace       used 68867K, committed 70336K, reserved 1114112K
  class space    used 8642K, committed 9280K, reserved 1048576K
}

Dll operation events (14 events):
Event: 0.010 Loaded shared library c:\Users\PC\.antigravity\extensions\redhat.java-1.53.0-win32-x64\jre\21.0.10-win32-x86_64\bin\java.dll
Event: 0.034 Loaded shared library c:\Users\PC\.antigravity\extensions\redhat.java-1.53.0-win32-x64\jre\21.0.10-win32-x86_64\bin\zip.dll
Event: 0.077 Loaded shared library C:\Users\PC\.antigravity\extensions\redhat.java-1.53.0-win32-x64\jre\21.0.10-win32-x86_64\bin\instrument.dll
Event: 0.080 Loaded shared library C:\Users\PC\.antigravity\extensions\redhat.java-1.53.0-win32-x64\jre\21.0.10-win32-x86_64\bin\net.dll
Event: 0.082 Loaded shared library C:\Users\PC\.antigravity\extensions\redhat.java-1.53.0-win32-x64\jre\21.0.10-win32-x86_64\bin\nio.dll
Event: 0.085 Loaded shared library C:\Users\PC\.antigravity\extensions\redhat.java-1.53.0-win32-x64\jre\21.0.10-win32-x86_64\bin\zip.dll
Event: 0.099 Loaded shared library C:\Users\PC\.antigravity\extensions\redhat.java-1.53.0-win32-x64\jre\21.0.10-win32-x86_64\bin\jimage.dll
Event: 0.153 Loaded shared library c:\Users\PC\.antigravity\extensions\redhat.java-1.53.0-win32-x64\jre\21.0.10-win32-x86_64\bin\verify.dll
Event: 0.895 Loaded shared library C:\Users\PC\AppData\Roaming\Antigravity\User\globalStorage\redhat.java\1.53.0\config_win\org.eclipse.equinox.launcher\org.eclipse.equinox.launcher.win32.win32.x86_64_1.3.0.v20260203-2149\eclipse_11919.dll
Event: 1.617 Loaded shared library C:\Users\PC\AppData\Local\Temp\jna-2547\jna2358389962119638526.dll
Event: 4.353 Loaded shared library C:\Users\PC\.gradle\native\660c5614fbf4a5f2a75b1949f50a0caf5cd603558e7d8a26e50b933a0cfb79d1\windows-amd64\native-platform.dll
Event: 5.064 Loaded shared library C:\Users\PC\.antigravity\extensions\redhat.java-1.53.0-win32-x64\jre\21.0.10-win32-x86_64\bin\management.dll
Event: 5.065 Loaded shared library C:\Users\PC\.antigravity\extensions\redhat.java-1.53.0-win32-x64\jre\21.0.10-win32-x86_64\bin\management_ext.dll
Event: 6.734 Loaded shared library C:\Users\PC\.antigravity\extensions\redhat.java-1.53.0-win32-x64\jre\21.0.10-win32-x86_64\bin\extnet.dll

Deoptimization events (20 events):
Event: 7.894 Thread 0x000001e31c8df980 Uncommon trap: trap_request=0xffffff45 fr.pc=0x000001e2c797e924 relative=0x0000000000000344
Event: 7.894 Thread 0x000001e31c8df980 Uncommon trap: reason=unstable_if action=reinterpret pc=0x000001e2c797e924 method=jdk.internal.jimage.ImageStringsReader.stringFromByteBufferMatches(Ljava/nio/ByteBuffer;ILjava/lang/String;I)I @ 59 c2
Event: 7.894 Thread 0x000001e31c8df980 DEOPT PACKING pc=0x000001e2c797e924 sp=0x00000085b17fe120
Event: 7.894 Thread 0x000001e31c8df980 DEOPT UNPACKING pc=0x000001e2c6e13aa2 sp=0x00000085b17fe098 mode 2
Event: 7.894 Thread 0x000001e31c8df980 Uncommon trap: trap_request=0xffffff45 fr.pc=0x000001e2c799f1e8 relative=0x0000000000000868
Event: 7.894 Thread 0x000001e31c8df980 Uncommon trap: reason=unstable_if action=reinterpret pc=0x000001e2c799f1e8 method=jdk.internal.jrtfs.JrtFileSystem.checkNode(Ljdk/internal/jrtfs/JrtPath;)Ljdk/internal/jimage/ImageReader$Node; @ 16 c2
Event: 7.894 Thread 0x000001e31c8df980 DEOPT PACKING pc=0x000001e2c799f1e8 sp=0x00000085b17fe4c0
Event: 7.894 Thread 0x000001e31c8df980 DEOPT UNPACKING pc=0x000001e2c6e13aa2 sp=0x00000085b17fe4d0 mode 2
Event: 7.894 Thread 0x000001e31c8df980 Uncommon trap: trap_request=0xffffff45 fr.pc=0x000001e2c799bed4 relative=0x00000000000011d4
Event: 7.894 Thread 0x000001e31c8df980 Uncommon trap: reason=unstable_if action=reinterpret pc=0x000001e2c799bed4 method=org.eclipse.jdt.internal.core.util.Util.splitOn(CLjava/lang/String;II)[Ljava/lang/String; @ 16 c2
Event: 7.894 Thread 0x000001e31c8df980 DEOPT PACKING pc=0x000001e2c799bed4 sp=0x00000085b17fed20
Event: 7.894 Thread 0x000001e31c8df980 DEOPT UNPACKING pc=0x000001e2c6e13aa2 sp=0x00000085b17fed10 mode 2
Event: 7.895 Thread 0x000001e31c8df980 Uncommon trap: trap_request=0xffffff6e fr.pc=0x000001e2c7a56fd4 relative=0x0000000000000194
Event: 7.895 Thread 0x000001e31c8df980 Uncommon trap: reason=loop_limit_check action=maybe_recompile pc=0x000001e2c7a56fd4 method=org.eclipse.jdt.internal.core.util.HashtableOfArrayToObject.hashCode([Ljava/lang/Object;I)I @ 27 c2
Event: 7.895 Thread 0x000001e31c8df980 DEOPT PACKING pc=0x000001e2c7a56fd4 sp=0x00000085b17fec40
Event: 7.895 Thread 0x000001e31c8df980 DEOPT UNPACKING pc=0x000001e2c6e13aa2 sp=0x00000085b17febc8 mode 2
Event: 7.932 Thread 0x000001e31c8df980 Uncommon trap: trap_request=0xffffff45 fr.pc=0x000001e2c773208c relative=0x000000000000006c
Event: 7.932 Thread 0x000001e31c8df980 Uncommon trap: reason=unstable_if action=reinterpret pc=0x000001e2c773208c method=org.eclipse.core.internal.resources.ResourceInfo.isSet(I)Z @ 7 c2
Event: 7.932 Thread 0x000001e31c8df980 DEOPT PACKING pc=0x000001e2c773208c sp=0x00000085b17ff190
Event: 7.932 Thread 0x000001e31c8df980 DEOPT UNPACKING pc=0x000001e2c6e13aa2 sp=0x00000085b17ff128 mode 2

Classes loaded (20 events):
Event: 7.752 Loading class java/util/concurrent/CompletableFuture$Signaller
Event: 7.752 Loading class java/util/concurrent/CompletableFuture$Signaller done
Event: 7.813 Loading class java/util/concurrent/CompletableFuture$UniApply
Event: 7.813 Loading class java/util/concurrent/CompletableFuture$UniCompletion
Event: 7.814 Loading class java/util/concurrent/CompletableFuture$UniCompletion done
Event: 7.814 Loading class java/util/concurrent/CompletableFuture$UniApply done
Event: 7.814 Loading class java/util/concurrent/CompletableFuture$UniAccept
Event: 7.814 Loading class java/util/concurrent/CompletableFuture$UniAccept done
Event: 7.814 Loading class java/util/concurrent/CompletableFuture$UniExceptionally
Event: 7.814 Loading class java/util/concurrent/CompletableFuture$UniExceptionally done
Event: 7.845 Loading class java/util/Hashtable$KeySet
Event: 7.845 Loading class java/util/Hashtable$KeySet done
Event: 7.869 Loading class java/util/stream/DistinctOps
Event: 7.869 Loading class java/util/stream/DistinctOps done
Event: 7.869 Loading class java/util/stream/DistinctOps$1
Event: 7.870 Loading class java/util/stream/DistinctOps$1 done
Event: 7.872 Loading class java/util/stream/DistinctOps$1$2
Event: 7.872 Loading class java/util/stream/DistinctOps$1$2 done
Event: 7.929 Loading class java/io/SequenceInputStream
Event: 7.929 Loading class java/io/SequenceInputStream done

Classes unloaded (7 events):
Event: 1.910 Thread 0x000001e2bc704980 Unloading class 0x000001e2d51a8800 'java/lang/invoke/LambdaForm$MH+0x000001e2d51a8800'
Event: 1.910 Thread 0x000001e2bc704980 Unloading class 0x000001e2d51a8400 'java/lang/invoke/LambdaForm$MH+0x000001e2d51a8400'
Event: 1.910 Thread 0x000001e2bc704980 Unloading class 0x000001e2d51a8000 'java/lang/invoke/LambdaForm$MH+0x000001e2d51a8000'
Event: 1.910 Thread 0x000001e2bc704980 Unloading class 0x000001e2d51a7c00 'java/lang/invoke/LambdaForm$MH+0x000001e2d51a7c00'
Event: 1.910 Thread 0x000001e2bc704980 Unloading class 0x000001e2d51a7800 'java/lang/invoke/LambdaForm$BMH+0x000001e2d51a7800'
Event: 1.910 Thread 0x000001e2bc704980 Unloading class 0x000001e2d51a7400 'java/lang/invoke/LambdaForm$DMH+0x000001e2d51a7400'
Event: 1.910 Thread 0x000001e2bc704980 Unloading class 0x000001e2d51a6400 'java/lang/invoke/LambdaForm$DMH+0x000001e2d51a6400'

Classes redefined (0 events):
No events

Internal exceptions (20 events):
Event: 7.787 Thread 0x000001e31c8e0010 Exception <a 'java/io/FileNotFoundException'{0x00000000d5d8df60}> (0x00000000d5d8df60) 
thrown [s\src\hotspot\share\prims\jni.cpp, line 520]
Event: 7.787 Thread 0x000001e31c8e0010 Exception <a 'java/io/FileNotFoundException'{0x00000000d5d8f248}> (0x00000000d5d8f248) 
thrown [s\src\hotspot\share\prims\jni.cpp, line 520]
Event: 7.787 Thread 0x000001e31c8e0010 Exception <a 'java/io/FileNotFoundException'{0x00000000d5d90270}> (0x00000000d5d90270) 
thrown [s\src\hotspot\share\prims\jni.cpp, line 520]
Event: 7.812 Thread 0x000001e31e970280 Exception <a 'java/lang/IncompatibleClassChangeError'{0x00000000d5f0d038}: Found class java.lang.Object, but interface was expected> (0x00000000d5f0d038) 
thrown [s\src\hotspot\share\interpreter\linkResolver.cpp, line 840]
Event: 7.841 Thread 0x000001e31f8c94e0 Implicit null exception at 0x000001e2c7954ec4 to 0x000001e2c7955ef8
Event: 7.841 Thread 0x000001e31f8c94e0 Implicit null exception at 0x000001e2c764f80d to 0x000001e2c764fb58
Event: 7.857 Thread 0x000001e31f8c94e0 Exception <a 'sun/nio/fs/WindowsException'{0x00000000d5c8f050}> (0x00000000d5c8f050) 
thrown [s\src\hotspot\share\prims\jni.cpp, line 520]
Event: 7.857 Thread 0x000001e31f8c94e0 Exception <a 'sun/nio/fs/WindowsException'{0x00000000d5c8fa18}> (0x00000000d5c8fa18) 
thrown [s\src\hotspot\share\prims\jni.cpp, line 520]
Event: 7.858 Thread 0x000001e31f8c94e0 Exception <a 'sun/nio/fs/WindowsException'{0x00000000d5c90a08}> (0x00000000d5c90a08) 
thrown [s\src\hotspot\share\prims\jni.cpp, line 520]
Event: 7.858 Thread 0x000001e31f8c94e0 Exception <a 'sun/nio/fs/WindowsException'{0x00000000d5c91610}> (0x00000000d5c91610) 
thrown [s\src\hotspot\share\prims\jni.cpp, line 520]
Event: 7.860 Thread 0x000001e31f8c94e0 Exception <a 'java/io/FileNotFoundException'{0x00000000d5ca9618}> (0x00000000d5ca9618) 
thrown [s\src\hotspot\share\prims\jni.cpp, line 520]
Event: 7.860 Thread 0x000001e31f8c94e0 Exception <a 'java/io/FileNotFoundException'{0x00000000d5caa648}> (0x00000000d5caa648) 
thrown [s\src\hotspot\share\prims\jni.cpp, line 520]
Event: 7.866 Thread 0x000001e31f8c94e0 Exception <a 'sun/nio/fs/WindowsException'{0x00000000d5d1a560}> (0x00000000d5d1a560) 
thrown [s\src\hotspot\share\prims\jni.cpp, line 520]
Event: 7.867 Thread 0x000001e31f8c94e0 Exception <a 'sun/nio/fs/WindowsException'{0x00000000d5d1af28}> (0x00000000d5d1af28) 
thrown [s\src\hotspot\share\prims\jni.cpp, line 520]
Event: 7.876 Thread 0x000001e31c8df980 Exception <a 'sun/nio/fs/WindowsException'{0x00000000d5dac4a0}> (0x00000000d5dac4a0) 
thrown [s\src\hotspot\share\prims\jni.cpp, line 520]
Event: 7.876 Thread 0x000001e31c8df980 Exception <a 'sun/nio/fs/WindowsException'{0x00000000d5dacbb8}> (0x00000000d5dacbb8) 
thrown [s\src\hotspot\share\prims\jni.cpp, line 520]
Event: 7.876 Thread 0x000001e31c8df980 Exception <a 'sun/nio/fs/WindowsException'{0x00000000d5dad8f8}> (0x00000000d5dad8f8) 
thrown [s\src\hotspot\share\prims\jni.cpp, line 520]
Event: 7.876 Thread 0x000001e31c8df980 Exception <a 'sun/nio/fs/WindowsException'{0x00000000d5dae010}> (0x00000000d5dae010) 
thrown [s\src\hotspot\share\prims\jni.cpp, line 520]
Event: 7.877 Thread 0x000001e31c8df980 Exception <a 'sun/nio/fs/WindowsException'{0x00000000d5db11c0}> (0x00000000d5db11c0) 
thrown [s\src\hotspot\share\prims\jni.cpp, line 520]
Event: 7.877 Thread 0x000001e31c8df980 Exception <a 'sun/nio/fs/WindowsException'{0x00000000d5db18d8}> (0x00000000d5db18d8) 
thrown [s\src\hotspot\share\prims\jni.cpp, line 520]

ZGC Phase Switch (0 events):
No events

VM Operations (20 events):
Event: 7.341 Executing safepoint VM operation: ParallelGCFailedAllocation (Allocation Failure)
Event: 7.342 Executing safepoint VM operation: ParallelGCFailedAllocation (Allocation Failure) done
Event: 7.609 Executing safepoint VM operation: ParallelGCFailedAllocation (Allocation Failure)
Event: 7.610 Executing safepoint VM operation: ParallelGCFailedAllocation (Allocation Failure) done
Event: 7.739 Executing non-safepoint VM operation: HandshakeAllThreads (Deoptimize)
Event: 7.739 Executing non-safepoint VM operation: HandshakeAllThreads (Deoptimize) done
Event: 7.740 Executing non-safepoint VM operation: HandshakeAllThreads (Deoptimize)
Event: 7.740 Executing non-safepoint VM operation: HandshakeAllThreads (Deoptimize) done
Event: 7.776 Executing non-safepoint VM operation: HandshakeAllThreads (Deoptimize)
Event: 7.777 Executing non-safepoint VM operation: HandshakeAllThreads (Deoptimize) done
Event: 7.809 Executing non-safepoint VM operation: HandshakeAllThreads (Deoptimize)
Event: 7.809 Executing non-safepoint VM operation: HandshakeAllThreads (Deoptimize) done
Event: 7.819 Executing safepoint VM operation: ParallelGCFailedAllocation (Allocation Failure)
Event: 7.820 Executing safepoint VM operation: ParallelGCFailedAllocation (Allocation Failure) done
Event: 7.871 Executing non-safepoint VM operation: HandshakeAllThreads (Deoptimize)
Event: 7.871 Executing non-safepoint VM operation: HandshakeAllThreads (Deoptimize) done
Event: 7.890 Executing non-safepoint VM operation: HandshakeAllThreads (Deoptimize)
Event: 7.890 Executing non-safepoint VM operation: HandshakeAllThreads (Deoptimize) done
Event: 7.927 Executing safepoint VM operation: ParallelGCFailedAllocation (Allocation Failure)
Event: 7.928 Executing safepoint VM operation: ParallelGCFailedAllocation (Allocation Failure) done

Memory protections (0 events):
No events

Nmethod flushes (20 events):
Event: 5.775 Thread 0x000001e2bc704980 flushing  nmethod 0x000001e2c02a6b10
Event: 5.775 Thread 0x000001e2bc704980 flushing  nmethod 0x000001e2c02a8910
Event: 5.775 Thread 0x000001e2bc704980 flushing  nmethod 0x000001e2c02b5390
Event: 5.775 Thread 0x000001e2bc704980 flushing  nmethod 0x000001e2c02d2110
Event: 5.775 Thread 0x000001e2bc704980 flushing  nmethod 0x000001e2c02d7e90
Event: 5.775 Thread 0x000001e2bc704980 flushing  nmethod 0x000001e2c02f3590
Event: 5.775 Thread 0x000001e2bc704980 flushing  nmethod 0x000001e2c02f4610
Event: 5.775 Thread 0x000001e2bc704980 flushing  nmethod 0x000001e2c02ffa10
Event: 5.775 Thread 0x000001e2bc704980 flushing osr nmethod 0x000001e2c0314510
Event: 5.775 Thread 0x000001e2bc704980 flushing  nmethod 0x000001e2c0342b10
Event: 5.775 Thread 0x000001e2bc704980 flushing  nmethod 0x000001e2c0343510
Event: 5.775 Thread 0x000001e2bc704980 flushing  nmethod 0x000001e2c0345010
Event: 5.775 Thread 0x000001e2bc704980 flushing  nmethod 0x000001e2c0345490
Event: 5.775 Thread 0x000001e2bc704980 flushing  nmethod 0x000001e2c0346d90
Event: 5.775 Thread 0x000001e2bc704980 flushing  nmethod 0x000001e2c0347190
Event: 5.775 Thread 0x000001e2bc704980 flushing  nmethod 0x000001e2c0348690
Event: 5.775 Thread 0x000001e2bc704980 flushing  nmethod 0x000001e2c0349090
Event: 5.775 Thread 0x000001e2bc704980 flushing  nmethod 0x000001e2c034b810
Event: 5.775 Thread 0x000001e2bc704980 flushing  nmethod 0x000001e2c0354510
Event: 5.775 Thread 0x000001e2bc704980 flushing  nmethod 0x000001e2c037f690

Events (20 events):
Event: 7.413 Thread 0x000001e31e970fa0 Thread added: 0x000001e31f8cb5b0
Event: 7.414 Thread 0x000001e31f8cbc40 Thread added: 0x000001e31f8c94e0
Event: 7.414 Thread 0x000001e31f8caf20 Thread added: 0x000001e31f8cc2d0
Event: 7.414 Thread 0x000001e31f8caf20 Thread added: 0x000001e31f8ca200
Event: 7.414 Thread 0x000001e31f8caf20 Thread added: 0x000001e31f8c8e50
Event: 7.424 Thread 0x000001e31f292100 Thread added: 0x000001e31f8ca890
Event: 7.424 Thread 0x000001e31f292100 Thread added: 0x000001e31f8cc960
Event: 7.429 Thread 0x000001e31f292790 Thread added: 0x000001e31f8ccff0
Event: 7.429 Thread 0x000001e31f292790 Thread added: 0x000001e31f8c9b70
Event: 7.434 Thread 0x000001e31f2913e0 Thread added: 0x000001e31f8cf750
Event: 7.435 Thread 0x000001e31f2913e0 Thread added: 0x000001e31f8cd680
Event: 7.552 Thread 0x000001e31dfdfbb0 Thread exited: 0x000001e31dfdfbb0
Event: 7.631 Thread 0x000001e31f8c87c0 Thread added: 0x000001e31f8cf0c0
Event: 7.640 Thread 0x000001e31f8cf0c0 Thread added: 0x000001e31f8cdd10
Event: 7.640 Thread 0x000001e31f8cf0c0 Thread added: 0x000001e31f8cea30
Event: 7.640 Thread 0x000001e31f8cdd10 Thread exited: 0x000001e31f8cdd10
Event: 7.704 Thread 0x000001e31f8cf0c0 Thread exited: 0x000001e31f8cf0c0
Event: 7.704 Thread 0x000001e31f8cea30 Thread exited: 0x000001e31f8cea30
Event: 7.705 Thread 0x000001e31f8c87c0 Thread exited: 0x000001e31f8c87c0
Event: 7.880 Thread 0x000001e2bc82aaf0 Thread added: 0x000001e31dfdf4e0


Dynamic libraries:
0x00007ff6fb2e0000 - 0x00007ff6fb2ee000 	c:\Users\PC\.antigravity\extensions\redhat.java-1.53.0-win32-x64\jre\21.0.10-win32-x86_64\bin\java.exe
0x00007ff8311e0000 - 0x00007ff831447000 	C:\WINDOWS\SYSTEM32\ntdll.dll
0x00007ff82fe10000 - 0x00007ff82fed9000 	C:\WINDOWS\System32\KERNEL32.DLL
0x00007ff82de10000 - 0x00007ff82e204000 	C:\WINDOWS\System32\KERNELBASE.dll
0x00007ff82e210000 - 0x00007ff82e35b000 	C:\WINDOWS\System32\ucrtbase.dll
0x00007ffff23f0000 - 0x00007ffff240e000 	c:\Users\PC\.antigravity\extensions\redhat.java-1.53.0-win32-x64\jre\21.0.10-win32-x86_64\bin\VCRUNTIME140.dll
0x00007ffff44a0000 - 0x00007ffff44b8000 	c:\Users\PC\.antigravity\extensions\redhat.java-1.53.0-win32-x64\jre\21.0.10-win32-x86_64\bin\jli.dll
0x00007ff830210000 - 0x00007ff8303d5000 	C:\WINDOWS\System32\USER32.dll
0x00007ff82dbe0000 - 0x00007ff82dc07000 	C:\WINDOWS\System32\win32u.dll
0x00007ff8159e0000 - 0x00007ff815c73000 	C:\WINDOWS\WinSxS\amd64_microsoft.windows.common-controls_6595b64144ccf1df_6.0.26100.8115_none_3e075c82e3354f9c\COMCTL32.dll
0x00007ff82f870000 - 0x00007ff82f89b000 	C:\WINDOWS\System32\GDI32.dll
0x00007ff82fee0000 - 0x00007ff82ff89000 	C:\WINDOWS\System32\msvcrt.dll
0x00007ff82dab0000 - 0x00007ff82dbda000 	C:\WINDOWS\System32\gdi32full.dll
0x00007ff82eec0000 - 0x00007ff82ef63000 	C:\WINDOWS\System32\msvcp_win.dll
0x00007ff831160000 - 0x00007ff831192000 	C:\WINDOWS\System32\IMM32.DLL
0x00007ffff4c50000 - 0x00007ffff4c5c000 	c:\Users\PC\.antigravity\extensions\redhat.java-1.53.0-win32-x64\jre\21.0.10-win32-x86_64\bin\vcruntime140_1.dll
0x00007fff9b9f0000 - 0x00007fff9ba7d000 	c:\Users\PC\.antigravity\extensions\redhat.java-1.53.0-win32-x64\jre\21.0.10-win32-x86_64\bin\msvcp140.dll
0x00007fff05e20000 - 0x00007fff06bc1000 	c:\Users\PC\.antigravity\extensions\redhat.java-1.53.0-win32-x64\jre\21.0.10-win32-x86_64\bin\server\jvm.dll
0x00007ff8306e0000 - 0x00007ff830796000 	C:\WINDOWS\System32\ADVAPI32.dll
0x00007ff830f10000 - 0x00007ff830fb7000 	C:\WINDOWS\System32\sechost.dll
0x00007ff82ff90000 - 0x00007ff8300a8000 	C:\WINDOWS\System32\RPCRT4.dll
0x00007ff830560000 - 0x00007ff8305e0000 	C:\WINDOWS\System32\WS2_32.dll
0x00007ff82c6b0000 - 0x00007ff82c70e000 	C:\WINDOWS\SYSTEM32\POWRPROF.dll
0x00007ff825cf0000 - 0x00007ff825cfb000 	C:\WINDOWS\SYSTEM32\VERSION.dll
0x00007ff823590000 - 0x00007ff8235c6000 	C:\WINDOWS\SYSTEM32\WINMM.dll
0x00007ff82c690000 - 0x00007ff82c6a4000 	C:\WINDOWS\SYSTEM32\UMPDC.dll
0x00007ff82c960000 - 0x00007ff82c97b000 	C:\WINDOWS\SYSTEM32\kernel.appcore.dll
0x00007ffff4ad0000 - 0x00007ffff4ada000 	c:\Users\PC\.antigravity\extensions\redhat.java-1.53.0-win32-x64\jre\21.0.10-win32-x86_64\bin\jimage.dll
0x00007ff81b2a0000 - 0x00007ff81b4e2000 	C:\WINDOWS\SYSTEM32\DBGHELP.DLL
0x00007ff82f360000 - 0x00007ff82f6e2000 	C:\WINDOWS\System32\combase.dll
0x00007ff8305f0000 - 0x00007ff8306c7000 	C:\WINDOWS\System32\OLEAUT32.dll
0x00007ff810270000 - 0x00007ff8102ab000 	C:\WINDOWS\SYSTEM32\dbgcore.DLL
0x00007ff82ebd0000 - 0x00007ff82ec75000 	C:\WINDOWS\System32\bcryptPrimitives.dll
0x00007ffff4490000 - 0x00007ffff449f000 	c:\Users\PC\.antigravity\extensions\redhat.java-1.53.0-win32-x64\jre\21.0.10-win32-x86_64\bin\instrument.dll
0x00007ffff23a0000 - 0x00007ffff23c0000 	c:\Users\PC\.antigravity\extensions\redhat.java-1.53.0-win32-x64\jre\21.0.10-win32-x86_64\bin\java.dll
0x00007ff8307a0000 - 0x00007ff830f06000 	C:\WINDOWS\System32\SHELL32.dll
0x00007ff82dca0000 - 0x00007ff82de0a000 	C:\WINDOWS\System32\wintypes.dll
0x00007ff82e360000 - 0x00007ff82ebc5000 	C:\WINDOWS\System32\windows.storage.dll
0x00007ff8300b0000 - 0x00007ff8301a7000 	C:\WINDOWS\System32\SHCORE.dll
0x00007ff8304f0000 - 0x00007ff830556000 	C:\WINDOWS\System32\shlwapi.dll
0x00007ff82d9d0000 - 0x00007ff82d9f9000 	C:\WINDOWS\SYSTEM32\profapi.dll
0x00007fffef020000 - 0x00007fffef038000 	c:\Users\PC\.antigravity\extensions\redhat.java-1.53.0-win32-x64\jre\21.0.10-win32-x86_64\bin\zip.dll
0x00007ffff3ce0000 - 0x00007ffff3cf0000 	C:\Users\PC\.antigravity\extensions\redhat.java-1.53.0-win32-x64\jre\21.0.10-win32-x86_64\bin\net.dll
0x00007ff826e60000 - 0x00007ff826f8d000 	C:\WINDOWS\SYSTEM32\WINHTTP.dll
0x00007ff82ced0000 - 0x00007ff82cf3c000 	C:\WINDOWS\system32\mswsock.dll
0x00007fffea510000 - 0x00007fffea526000 	C:\Users\PC\.antigravity\extensions\redhat.java-1.53.0-win32-x64\jre\21.0.10-win32-x86_64\bin\nio.dll
0x00007ffff3c90000 - 0x00007ffff3ca0000 	c:\Users\PC\.antigravity\extensions\redhat.java-1.53.0-win32-x64\jre\21.0.10-win32-x86_64\bin\verify.dll
0x00007fffd68a0000 - 0x00007fffd68e5000 	C:\Users\PC\AppData\Roaming\Antigravity\User\globalStorage\redhat.java\1.53.0\config_win\org.eclipse.equinox.launcher\org.eclipse.equinox.launcher.win32.win32.x86_64_1.3.0.v20260203-2149\eclipse_11919.dll
0x00007ff830fc0000 - 0x00007ff831157000 	C:\WINDOWS\System32\ole32.dll
0x00007ff82d1b0000 - 0x00007ff82d1cb000 	C:\WINDOWS\SYSTEM32\CRYPTSP.dll
0x00007ff82c8c0000 - 0x00007ff82c8f9000 	C:\WINDOWS\system32\rsaenh.dll
0x00007ff82cf80000 - 0x00007ff82cfb3000 	C:\WINDOWS\SYSTEM32\USERENV.dll
0x00007ff82d9a0000 - 0x00007ff82d9ca000 	C:\WINDOWS\SYSTEM32\bcrypt.dll
0x00007ff82d1d0000 - 0x00007ff82d1dc000 	C:\WINDOWS\SYSTEM32\CRYPTBASE.dll
0x00007ff82c360000 - 0x00007ff82c392000 	C:\WINDOWS\SYSTEM32\IPHLPAPI.DLL
0x00007ff82f130000 - 0x00007ff82f13a000 	C:\WINDOWS\System32\NSI.dll
0x00007fffcede0000 - 0x00007fffcee29000 	C:\Users\PC\AppData\Local\Temp\jna-2547\jna2358389962119638526.dll
0x00007ff8301b0000 - 0x00007ff8301b8000 	C:\WINDOWS\System32\PSAPI.DLL
0x00007ff827030000 - 0x00007ff82704d000 	C:\WINDOWS\SYSTEM32\dhcpcsvc6.DLL
0x00007ff827000000 - 0x00007ff827025000 	C:\WINDOWS\SYSTEM32\dhcpcsvc.DLL
0x00007ffff4e60000 - 0x00007ffff4e87000 	C:\Users\PC\.gradle\native\660c5614fbf4a5f2a75b1949f50a0caf5cd603558e7d8a26e50b933a0cfb79d1\windows-amd64\native-platform.dll
0x00007ffff20f0000 - 0x00007ffff20fa000 	C:\Users\PC\.antigravity\extensions\redhat.java-1.53.0-win32-x64\jre\21.0.10-win32-x86_64\bin\management.dll
0x00007fffe4020000 - 0x00007fffe402c000 	C:\Users\PC\.antigravity\extensions\redhat.java-1.53.0-win32-x64\jre\21.0.10-win32-x86_64\bin\management_ext.dll
0x00007fffdc930000 - 0x00007fffdc939000 	C:\Users\PC\.antigravity\extensions\redhat.java-1.53.0-win32-x64\jre\21.0.10-win32-x86_64\bin\extnet.dll

JVMTI agents:
c:\Users\PC\.antigravity\extensions\redhat.java-1.53.0-win32-x64\lombok\lombok-1.18.39-4050.jar path:c:\Users\PC\.antigravity\extensions\redhat.java-1.53.0-win32-x64\jre\21.0.10-win32-x86_64\bin\instrument.dll, loaded, initialized, instrumentlib options:none

dbghelp: loaded successfully - version: 4.0.5 - missing functions: none
symbol engine: initialized successfully - sym options: 0x614 - pdb path: .;c:\Users\PC\.antigravity\extensions\redhat.java-1.53.0-win32-x64\jre\21.0.10-win32-x86_64\bin;C:\WINDOWS\SYSTEM32;C:\WINDOWS\WinSxS\amd64_microsoft.windows.common-controls_6595b64144ccf1df_6.0.26100.8115_none_3e075c82e3354f9c;c:\Users\PC\.antigravity\extensions\redhat.java-1.53.0-win32-x64\jre\21.0.10-win32-x86_64\bin\server;C:\Users\PC\AppData\Roaming\Antigravity\User\globalStorage\redhat.java\1.53.0\config_win\org.eclipse.equinox.launcher\org.eclipse.equinox.launcher.win32.win32.x86_64_1.3.0.v20260203-2149;C:\Users\PC\AppData\Local\Temp\jna-2547;C:\Users\PC\.gradle\native\660c5614fbf4a5f2a75b1949f50a0caf5cd603558e7d8a26e50b933a0cfb79d1\windows-amd64

VM Arguments:
jvm_args: --add-modules=ALL-SYSTEM --add-opens=java.base/java.util=ALL-UNNAMED --add-opens=java.base/java.lang=ALL-UNNAMED --add-opens=java.base/sun.nio.fs=ALL-UNNAMED -Declipse.application=org.eclipse.jdt.ls.core.id1 -Dosgi.bundles.defaultStartLevel=4 -Declipse.product=org.eclipse.jdt.ls.core.product -Djava.import.generatesMetadataFilesAtProjectRoot=false -DDetectVMInstallationsJob.disabled=true -Dfile.encoding=utf8 -XX:+UseParallelGC -XX:GCTimeRatio=4 -XX:AdaptiveSizePolicyWeight=90 -Dsun.zip.disableMemoryMapping=true -Xmx2G -Xms100m -Xlog:disable -javaagent:c:\Users\PC\.antigravity\extensions\redhat.java-1.53.0-win32-x64\lombok\lombok-1.18.39-4050.jar -XX:+HeapDumpOnOutOfMemoryError -XX:HeapDumpPath=c:\Users\PC\AppData\Roaming\Antigravity\User\workspaceStorage\ec858d5a4b0508efca445ebbeeea57d9\redhat.java -Daether.dependencyCollector.impl=bf 
java_command: c:\Users\PC\.antigravity\extensions\redhat.java-1.53.0-win32-x64\server\plugins\org.eclipse.equinox.launcher_1.7.100.v20251111-0406.jar -configuration c:\Users\PC\AppData\Roaming\Antigravity\User\globalStorage\redhat.java\1.53.0\config_win -data c:\Users\PC\AppData\Roaming\Antigravity\User\workspaceStorage\ec858d5a4b0508efca445ebbeeea57d9\redhat.java\jdt_ws --pipe=\\.\pipe\lsp-ae2d0c0c9656615baaa4dd2aef39f8ca-sock
java_class_path (initial): c:\Users\PC\.antigravity\extensions\redhat.java-1.53.0-win32-x64\server\plugins\org.eclipse.equinox.launcher_1.7.100.v20251111-0406.jar
Launcher Type: SUN_STANDARD

[Global flags]
    uintx AdaptiveSizePolicyWeight                 = 90                                        {product} {command line}
     intx CICompilerCount                          = 12                                        {product} {ergonomic}
    uintx GCTimeRatio                              = 4                                         {product} {command line}
     bool HeapDumpOnOutOfMemoryError               = true                                   {manageable} {command line}
    ccstr HeapDumpPath                             = c:\Users\PC\AppData\Roaming\Antigravity\User\workspaceStorage\ec858d5a4b0508efca445ebbeeea57d9\redhat.java         {manageable} {command line}
   size_t InitialHeapSize                          = 104857600                                 {product} {command line}
   size_t MaxHeapSize                              = 2147483648                                {product} {command line}
   size_t MaxNewSize                               = 715653120                                 {product} {ergonomic}
   size_t MinHeapDeltaBytes                        = 524288                                    {product} {ergonomic}
   size_t MinHeapSize                              = 104857600                                 {product} {command line}
   size_t NewSize                                  = 34603008                                  {product} {ergonomic}
    uintx NonNMethodCodeHeapSize                   = 7602480                                {pd product} {ergonomic}
    uintx NonProfiledCodeHeapSize                  = 122027880                              {pd product} {ergonomic}
   size_t OldSize                                  = 70254592                                  {product} {ergonomic}
    uintx ProfiledCodeHeapSize                     = 122027880                              {pd product} {ergonomic}
    uintx ReservedCodeCacheSize                    = 251658240                              {pd product} {ergonomic}
     bool SegmentedCodeCache                       = true                                      {product} {ergonomic}
   size_t SoftMaxHeapSize                          = 2147483648                             {manageable} {ergonomic}
     bool UseCompressedOops                        = true                           {product lp64_product} {ergonomic}
     bool UseLargePagesIndividualAllocation        = false                                  {pd product} {ergonomic}
     bool UseParallelGC                            = true                                      {product} {command line}

Logging:
Log output configuration:
 #0: stdout all=off uptime,level,tags foldmultilines=false
 #1: stderr all=off uptime,level,tags foldmultilines=false

Release file:
JAVA_VERSION="21.0.10" 
MODULES="java.base java.compiler java.datatransfer java.xml java.prefs java.desktop java.instrument java.logging java.management java.security.sasl java.naming java.rmi java.management.rmi java.net.http java.scripting java.security.jgss java.transaction.xa java.sql java.sql.rowset java.xml.crypto java.se java.smartcardio jdk.accessibility jdk.internal.jvmstat jdk.attach jdk.charsets jdk.internal.opt jdk.zipfs jdk.compiler jdk.crypto.ec jdk.crypto.cryptoki jdk.crypto.mscapi jdk.dynalink jdk.internal.ed jdk.editpad jdk.hotspot.agent jdk.httpserver jdk.internal.le jdk.internal.vm.ci jdk.internal.vm.compiler jdk.internal.vm.compiler.management jdk.jartool jdk.javadoc jdk.jcmd jdk.management jdk.management.agent jdk.jconsole jdk.jdeps jdk.jdwp.agent jdk.jdi jdk.jfr jdk.jshell jdk.jsobject jdk.jstatd jdk.localedata jdk.management.jfr jdk.naming.dns jdk.naming.rmi jdk.net jdk.nio.mapmode jdk.random jdk.sctp jdk.security.auth jdk.security.jgss jdk.unsupported jdk.unsupported.desktop jdk.xml.dom" 

Environment Variables:
PATH=C:\Program Files\Common Files\Oracle\Java\javapath;C:\Program Files\Eclipse Adoptium\jdk-21.0.9.10-hotspot\bin;C:\Program Files\Microsoft SQL Server\MSSQL16.SQLSERVER\MSSQL\Binn;C:\Program Files\Java\jdk-17\bin;C:\Program Files\Microsoft SQL Server\MSSQL16.MSSQLSERVER\MSSQL\Binn;C:\Program Files\Microsoft SQL Server\MSSQL16.SQLEXPRESS\MSSQL\Binn;C:\Program Files\Git\cmd;C:\Program Files\MySQL\MySQL Server 8.0\bin;D:\apache-maven-3.9.11-bin\bin;D:\apache-maven-3.9.11-bin\apache-maven-3.9.11\bin;D:\Sqlite\sqlite-tools-win-x64-3500400;D:\sqlite;C:\Program Files\nodejs\;C:\Windows\System32;C:\Program Files\dotnet\;C:\Program Files\Docker\Docker\resources\bin;C:\Program Files\swipl\bin;D:\sonar-scanner-8.0.1.6346-windows-x64\bin;C:\Users\PC\AppData\Local\Microsoft\WindowsApps;C:\Users\PC\.dotnet\tools;C:\xampp\php;C:\Users\PC\.vscode\extensions\flutter\bin;C:\Users\PC\AppData\Local\Programs\Microsoft VS Code\bin;C:\Users\PC\AppData\Roaming\npm;C:\Program Files\JetBrains\PyCharm 2025.3.3\bin;C:\Users\PC\AppData\Local\Programs\Antigravity\bin
USERNAME=PC
OS=Windows_NT
PROCESSOR_IDENTIFIER=Intel64 Family 6 Model 154 Stepping 3, GenuineIntel
TMP=C:\Users\PC\AppData\Local\Temp
TEMP=C:\Users\PC\AppData\Local\Temp




Periodic native trim disabled

---------------  S Y S T E M  ---------------

OS:
 Windows 11 , 64 bit Build 26100 (10.0.26100.8115)
OS uptime: 0 days 3:08 hours
Hyper-V role detected

CPU: total 20 (initial active 20) (10 cores per cpu, 2 threads per core) family 6 model 154 stepping 3 microcode 0x429, cx8, cmov, fxsr, ht, mmx, 3dnowpref, sse, sse2, sse3, ssse3, sse4.1, sse4.2, popcnt, lzcnt, tsc, tscinvbit, avx, avx2, aes, erms, clmul, bmi1, bmi2, adx, sha, fma, vzeroupper, clflush, clflushopt, clwb, hv, serialize, rdtscp, rdpid, fsrm, f16c, cet_ibt, cet_ss
Processor Information for the first 20 processors :
  Max Mhz: 2300, Current Mhz: 2300, Mhz Limit: 2300

Memory: 4k page, system-wide physical 16004M (616M free)
TotalPageFile size 31439M (AvailPageFile size 5M)
current process WorkingSet (physical memory assigned to process): 298M, peak: 298M
current process commit charge ("private bytes"): 399M, peak: 400M

vm_info: OpenJDK 64-Bit Server VM (21.0.10+7-LTS) for windows-amd64 JRE (21.0.10+7-LTS), built on 2026-01-20T00:00:00Z by "admin" with MS VC++ 17.12 (VS2022)

END.
