#
# There is insufficient memory for the Java Runtime Environment to continue.
# Native memory allocation (malloc) failed to allocate 908352 bytes. Error detail: Chunk::new
# Possible reasons:
#   The system is out of physical RAM or swap space
#   This process is running with CompressedOops enabled, and the Java Heap may be blocking the growth of the native heap
# Possible solutions:
#   Reduce memory load on the system
#   Increase physical memory or swap space
#   Check if swap backing store is full
#   Decrease Java heap size (-Xmx/-Xms)
#   Decrease number of Java threads
#   Decrease Java thread stack sizes (-Xss)
#   Set larger code cache with -XX:ReservedCodeCacheSize=
#   JVM is running with Zero Based Compressed Oops mode in which the Java heap is
#     placed in the first 32GB address space. The Java Heap base address is the
#     maximum limit for the native heap growth. Please use -XX:HeapBaseMinAddress
#     to set the Java Heap base and to place the Java Heap above 32GB virtual address.
# This output file may be truncated or incomplete.
#
#  Out of Memory Error (arena.cpp:168), pid=23112, tid=23444
#
# JRE version: OpenJDK Runtime Environment (21.0.9) (build 21.0.9+-14787801-b1163.94)
# Java VM: OpenJDK 64-Bit Server VM (21.0.9+-14787801-b1163.94, mixed mode, tiered, compressed oops, compressed class ptrs, g1 gc, windows-amd64)
# No core dump will be written. Minidumps are not enabled by default on client versions of Windows
#

---------------  S U M M A R Y ------------

Command Line: org.jetbrains.kotlin.cli.jvm.K2JVMCompiler @D:\MobileApp\app\build\20260418_15658343027645862966.compiler.options

Host: 12th Gen Intel(R) Core(TM) i7-12700H, 20 cores, 15G,  Windows 11 , 64 bit Build 26100 (10.0.26100.8246)
Time: Sat Apr 18 12:23:32 2026 SE Asia Standard Time elapsed time: 9.972558 seconds (0d 0h 0m 9s)

---------------  T H R E A D  ---------------

Current thread (0x00000275ca4eefb0):  JavaThread "C2 CompilerThread3" daemon [_thread_in_native, id=23444, stack(0x000000e3be000000,0x000000e3be100000) (1024K)]


Current CompileTask:
C2:9972 24986       4       org.jetbrains.kotlin.load.kotlin.TypeSignatureMappingKt::mapBuiltInType (336 bytes)

Stack: [0x000000e3be000000,0x000000e3be100000]
Native frames: (J=compiled Java code, j=interpreted, Vv=VM code, C=native code)
V  [jvm.dll+0x6d6c99]
V  [jvm.dll+0x866b83]
V  [jvm.dll+0x8691ae]
V  [jvm.dll+0x869893]
V  [jvm.dll+0x280776]
V  [jvm.dll+0xc07cd]
V  [jvm.dll+0xc0d03]
V  [jvm.dll+0x3b986b]
V  [jvm.dll+0x3856a7]
V  [jvm.dll+0x384b1a]
V  [jvm.dll+0x249462]
V  [jvm.dll+0x248a31]
V  [jvm.dll+0x1c7344]
V  [jvm.dll+0x2581ae]
V  [jvm.dll+0x2566f6]
V  [jvm.dll+0x3f48a6]
V  [jvm.dll+0x80f118]
V  [jvm.dll+0x6d54ed]
C  [ucrtbase.dll+0x37b0]
C  [KERNEL32.DLL+0x2e8d7]
C  [ntdll.dll+0x8c3fc]


---------------  P R O C E S S  ---------------

Threads class SMR info:
_java_thread_list=0x00000275cd404430, length=19, elements={
0x00000275a7613e80, 0x00000275c49559c0, 0x00000275c4957430, 0x00000275c4983500,
0x00000275c4963030, 0x00000275c49636a0, 0x00000275c496da70, 0x00000275c496e4d0,
0x00000275c496fdd0, 0x00000275c4994ea0, 0x00000275c4a000b0, 0x00000275c4b52570,
0x00000275c4be2df0, 0x00000275c4be6bf0, 0x00000275c92390d0, 0x00000275c950bf10,
0x00000275ca4eefb0, 0x00000275cc8a7360, 0x00000275ca13acf0
}

Java Threads: ( => current thread )
  0x00000275a7613e80 JavaThread "main"                              [_thread_in_Java, id=5444, stack(0x000000e3bbe00000,0x000000e3bbf00000) (1024K)]
  0x00000275c49559c0 JavaThread "Common-Cleaner"             daemon [_thread_blocked, id=7536, stack(0x000000e3bc600000,0x000000e3bc700000) (1024K)]
  0x00000275c4957430 JavaThread "Reference Handler"          daemon [_thread_blocked, id=18860, stack(0x000000e3bc700000,0x000000e3bc800000) (1024K)]
  0x00000275c4983500 JavaThread "Finalizer"                  daemon [_thread_blocked, id=9672, stack(0x000000e3bc800000,0x000000e3bc900000) (1024K)]
  0x00000275c4963030 JavaThread "Signal Dispatcher"          daemon [_thread_blocked, id=520, stack(0x000000e3bc900000,0x000000e3bca00000) (1024K)]
  0x00000275c49636a0 JavaThread "Attach Listener"            daemon [_thread_blocked, id=3596, stack(0x000000e3bca00000,0x000000e3bcb00000) (1024K)]
  0x00000275c496da70 JavaThread "Service Thread"             daemon [_thread_blocked, id=27448, stack(0x000000e3bcb00000,0x000000e3bcc00000) (1024K)]
  0x00000275c496e4d0 JavaThread "Monitor Deflation Thread"   daemon [_thread_blocked, id=13456, stack(0x000000e3bcc00000,0x000000e3bcd00000) (1024K)]
  0x00000275c496fdd0 JavaThread "C2 CompilerThread0"         daemon [_thread_in_native, id=26008, stack(0x000000e3bcd00000,0x000000e3bce00000) (1024K)]
  0x00000275c4994ea0 JavaThread "C1 CompilerThread0"         daemon [_thread_in_vm, id=22396, stack(0x000000e3bce00000,0x000000e3bcf00000) (1024K)]
  0x00000275c4a000b0 JavaThread "C1 CompilerThread1"         daemon [_thread_blocked, id=9364, stack(0x000000e3bcf00000,0x000000e3bd000000) (1024K)]
  0x00000275c4b52570 JavaThread "Notification Thread"        daemon [_thread_blocked, id=31072, stack(0x000000e3bd000000,0x000000e3bd100000) (1024K)]
  0x00000275c4be2df0 JavaThread "C2 CompilerThread1"         daemon [_thread_in_native, id=18212, stack(0x000000e3bd100000,0x000000e3bd200000) (1024K)]
  0x00000275c4be6bf0 JavaThread "C2 CompilerThread2"         daemon [_thread_in_native, id=21248, stack(0x000000e3bd200000,0x000000e3bd300000) (1024K)]
  0x00000275c92390d0 JavaThread "C1 CompilerThread2"         daemon [_thread_blocked, id=31164, stack(0x000000e3bd300000,0x000000e3bd400000) (1024K)]
  0x00000275c950bf10 JavaThread "C1 CompilerThread3"         daemon [_thread_blocked, id=31396, stack(0x000000e3bd400000,0x000000e3bd500000) (1024K)]
=>0x00000275ca4eefb0 JavaThread "C2 CompilerThread3"         daemon [_thread_in_native, id=23444, stack(0x000000e3be000000,0x000000e3be100000) (1024K)]
  0x00000275cc8a7360 JavaThread "C2 CompilerThread4"         daemon [_thread_in_native, id=6968, stack(0x000000e3be300000,0x000000e3be400000) (1024K)]
  0x00000275ca13acf0 JavaThread "C2 CompilerThread5"         daemon [_thread_in_native, id=30852, stack(0x000000e3be500000,0x000000e3be600000) (1024K)]
Total: 19

Other Threads:
  0x00000275c3f03630 VMThread "VM Thread"                           [id=13916, stack(0x000000e3bc500000,0x000000e3bc600000) (1024K)]
  0x00000275c3ebb9c0 WatcherThread "VM Periodic Task Thread"        [id=7408, stack(0x000000e3bc400000,0x000000e3bc500000) (1024K)]
  0x00000275a9a903a0 WorkerThread "GC Thread#0"                     [id=23732, stack(0x000000e3bbf00000,0x000000e3bc000000) (1024K)]
  0x00000275c96aee50 WorkerThread "GC Thread#1"                     [id=31360, stack(0x000000e3bd500000,0x000000e3bd600000) (1024K)]
  0x00000275c96af1f0 WorkerThread "GC Thread#2"                     [id=5080, stack(0x000000e3bd600000,0x000000e3bd700000) (1024K)]
  0x00000275c96af590 WorkerThread "GC Thread#3"                     [id=26552, stack(0x000000e3bd700000,0x000000e3bd800000) (1024K)]
  0x00000275c96af930 WorkerThread "GC Thread#4"                     [id=31408, stack(0x000000e3bd800000,0x000000e3bd900000) (1024K)]
  0x00000275c96b00d0 WorkerThread "GC Thread#5"                     [id=10372, stack(0x000000e3bd900000,0x000000e3bda00000) (1024K)]
  0x00000275c983cea0 WorkerThread "GC Thread#6"                     [id=27660, stack(0x000000e3bda00000,0x000000e3bdb00000) (1024K)]
  0x00000275c983d5e0 WorkerThread "GC Thread#7"                     [id=24588, stack(0x000000e3bdb00000,0x000000e3bdc00000) (1024K)]
  0x00000275c9e3ed10 WorkerThread "GC Thread#8"                     [id=15708, stack(0x000000e3bdf00000,0x000000e3be000000) (1024K)]
  0x00000275c9e3f7f0 WorkerThread "GC Thread#9"                     [id=26864, stack(0x000000e3be200000,0x000000e3be300000) (1024K)]
  0x00000275c9e3de90 WorkerThread "GC Thread#10"                    [id=14640, stack(0x000000e3be400000,0x000000e3be500000) (1024K)]
  0x00000275c9e3e970 WorkerThread "GC Thread#11"                    [id=22352, stack(0x000000e3be100000,0x000000e3be200000) (1024K)]
  0x00000275cea9ffb0 WorkerThread "GC Thread#12"                    [id=4300, stack(0x000000e3be600000,0x000000e3be700000) (1024K)]
  0x00000275cea9e2b0 WorkerThread "GC Thread#13"                    [id=12884, stack(0x000000e3be700000,0x000000e3be800000) (1024K)]
  0x00000275ceaa0350 WorkerThread "GC Thread#14"                    [id=28748, stack(0x000000e3be800000,0x000000e3be900000) (1024K)]
  0x00000275a9aa0d90 ConcurrentGCThread "G1 Main Marker"            [id=26824, stack(0x000000e3bc000000,0x000000e3bc100000) (1024K)]
  0x00000275a9aa26d0 WorkerThread "G1 Conc#0"                       [id=2544, stack(0x000000e3bc100000,0x000000e3bc200000) (1024K)]
  0x00000275c983dd20 WorkerThread "G1 Conc#1"                       [id=25336, stack(0x000000e3bdc00000,0x000000e3bdd00000) (1024K)]
  0x00000275c983d980 WorkerThread "G1 Conc#2"                       [id=23212, stack(0x000000e3bdd00000,0x000000e3bde00000) (1024K)]
  0x00000275c983e0c0 WorkerThread "G1 Conc#3"                       [id=30960, stack(0x000000e3bde00000,0x000000e3bdf00000) (1024K)]
  0x00000275c3d88670 ConcurrentGCThread "G1 Refine#0"               [id=2828, stack(0x000000e3bc200000,0x000000e3bc300000) (1024K)]
  0x00000275c3d8a090 ConcurrentGCThread "G1 Service"                [id=25608, stack(0x000000e3bc300000,0x000000e3bc400000) (1024K)]
Total: 24

Threads with active compile tasks:
C2 CompilerThread0  9982 24971   !   4       org.jetbrains.kotlin.codegen.inline.MethodInliner::preprocessNodeBeforeInline (293 bytes)
C2 CompilerThread1  9982 24970       4       org.jetbrains.kotlin.codegen.inline.MethodInliner::markPlacesForInlineAndRemoveInlinable (1330 bytes)
C2 CompilerThread2  9982 24967       4       org.jetbrains.kotlin.backend.jvm.codegen.ExpressionCodegen::visitCall (1041 bytes)
C2 CompilerThread3  9982 24986       4       org.jetbrains.kotlin.load.kotlin.TypeSignatureMappingKt::mapBuiltInType (336 bytes)
C2 CompilerThread4  9982 24973       4       org.jetbrains.kotlin.codegen.inline.MethodInliner::transformCaptured (504 bytes)
C2 CompilerThread5  9982 24980       4       org.jetbrains.org.objectweb.asm.MethodWriter::computeAllFrames (510 bytes)
Total: 6

VM state: not at safepoint (normal execution)

VM Mutex/Monitor currently owned by a thread: None

Heap address: 0x0000000705e00000, size: 4002 MB, Compressed Oops mode: Zero based, Oop shift amount: 3

CDS archive(s) not mapped
Compressed class space mapped at: 0x0000000800000000-0x0000000840000000, reserved size: 1073741824
Narrow klass base: 0x0000000800000000, Narrow klass shift: 0, Narrow klass range: 0x40000000

GC Precious Log:
 CardTable entry size: 512
 Card Set container configuration: InlinePtr #cards 4 size 8 Array Of Cards #cards 16 size 48 Howl #buckets 8 coarsen threshold 3686 Howl Bitmap #cards 512 size 80 coarsen threshold 460 Card regions per heap region 1 cards per card region 4096
 CPUs: 20 total, 20 available
 Memory: 16004M
 Large Page Support: Disabled
 NUMA Support: Disabled
 Compressed Oops: Enabled (Zero based)
 Heap Region Size: 2M
 Heap Min Capacity: 8M
 Heap Initial Capacity: 252M
 Heap Max Capacity: 4002M
 Pre-touch: Disabled
 Parallel Workers: 15
 Concurrent Workers: 4
 Concurrent Refinement Workers: 15
 Periodic GC: Disabled

Heap:
 garbage-first heap   total 337920K, used 287658K [0x0000000705e00000, 0x0000000800000000)
  region size 2048K, 48 young (98304K), 5 survivors (10240K)
 Metaspace       used 101012K, committed 101376K, reserved 1179648K
  class space    used 10227K, committed 10368K, reserved 1048576K

Heap Regions: E=young(eden), S=young(survivor), O=old, HS=humongous(starts), HC=humongous(continues), CS=collection set, F=free, TAMS=top-at-mark-start, PB=parsable bottom
|   0|0x0000000705e00000, 0x0000000706000000, 0x0000000706000000|100%|HS|  |TAMS 0x0000000705e00000| PB 0x0000000705e00000| Complete 
|   1|0x0000000706000000, 0x0000000706200000, 0x0000000706200000|100%|HC|  |TAMS 0x0000000706000000| PB 0x0000000706000000| Complete 
|   2|0x0000000706200000, 0x0000000706400000, 0x0000000706400000|100%| O|  |TAMS 0x0000000706200000| PB 0x0000000706200000| Untracked 
|   3|0x0000000706400000, 0x0000000706600000, 0x0000000706600000|100%| O|  |TAMS 0x0000000706400000| PB 0x0000000706400000| Untracked 
|   4|0x0000000706600000, 0x0000000706800000, 0x0000000706800000|100%| O|  |TAMS 0x0000000706600000| PB 0x0000000706600000| Untracked 
|   5|0x0000000706800000, 0x0000000706a00000, 0x0000000706a00000|100%| O|  |TAMS 0x0000000706800000| PB 0x0000000706800000| Untracked 
|   6|0x0000000706a00000, 0x0000000706c00000, 0x0000000706c00000|100%| O|  |TAMS 0x0000000706a00000| PB 0x0000000706a00000| Untracked 
|   7|0x0000000706c00000, 0x0000000706e00000, 0x0000000706e00000|100%| O|  |TAMS 0x0000000706c00000| PB 0x0000000706c00000| Untracked 
|   8|0x0000000706e00000, 0x0000000707000000, 0x0000000707000000|100%| O|  |TAMS 0x0000000706e00000| PB 0x0000000706e00000| Untracked 
|   9|0x0000000707000000, 0x0000000707200000, 0x0000000707200000|100%| O|  |TAMS 0x0000000707000000| PB 0x0000000707000000| Untracked 
|  10|0x0000000707200000, 0x0000000707400000, 0x0000000707400000|100%| O|  |TAMS 0x0000000707200000| PB 0x0000000707200000| Untracked 
|  11|0x0000000707400000, 0x0000000707600000, 0x0000000707600000|100%| O|  |TAMS 0x0000000707400000| PB 0x0000000707400000| Untracked 
|  12|0x0000000707600000, 0x0000000707800000, 0x0000000707800000|100%| O|  |TAMS 0x0000000707600000| PB 0x0000000707600000| Untracked 
|  13|0x0000000707800000, 0x0000000707a00000, 0x0000000707a00000|100%| O|  |TAMS 0x0000000707800000| PB 0x0000000707800000| Untracked 
|  14|0x0000000707a00000, 0x0000000707c00000, 0x0000000707c00000|100%| O|  |TAMS 0x0000000707a00000| PB 0x0000000707a00000| Untracked 
|  15|0x0000000707c00000, 0x0000000707e00000, 0x0000000707e00000|100%| O|  |TAMS 0x0000000707c00000| PB 0x0000000707c00000| Untracked 
|  16|0x0000000707e00000, 0x0000000708000000, 0x0000000708000000|100%| O|  |TAMS 0x0000000707e00000| PB 0x0000000707e00000| Untracked 
|  17|0x0000000708000000, 0x00000007081dbcd0, 0x0000000708200000| 92%| O|  |TAMS 0x0000000708000000| PB 0x0000000708000000| Untracked 
|  18|0x0000000708200000, 0x0000000708400000, 0x0000000708400000|100%| O|  |TAMS 0x0000000708200000| PB 0x0000000708200000| Untracked 
|  19|0x0000000708400000, 0x0000000708600000, 0x0000000708600000|100%| O|  |TAMS 0x0000000708400000| PB 0x0000000708400000| Untracked 
|  20|0x0000000708600000, 0x0000000708800000, 0x0000000708800000|100%| O|  |TAMS 0x0000000708600000| PB 0x0000000708600000| Untracked 
|  21|0x0000000708800000, 0x0000000708a00000, 0x0000000708a00000|100%| O|  |TAMS 0x0000000708800000| PB 0x0000000708800000| Untracked 
|  22|0x0000000708a00000, 0x0000000708c00000, 0x0000000708c00000|100%| O|  |TAMS 0x0000000708a00000| PB 0x0000000708a00000| Untracked 
|  23|0x0000000708c00000, 0x0000000708e00000, 0x0000000708e00000|100%| O|  |TAMS 0x0000000708c00000| PB 0x0000000708c00000| Untracked 
|  24|0x0000000708e00000, 0x0000000709000000, 0x0000000709000000|100%| O|  |TAMS 0x0000000708e00000| PB 0x0000000708e00000| Untracked 
|  25|0x0000000709000000, 0x0000000709200000, 0x0000000709200000|100%| O|  |TAMS 0x0000000709000000| PB 0x0000000709000000| Untracked 
|  26|0x0000000709200000, 0x0000000709400000, 0x0000000709400000|100%| O|  |TAMS 0x0000000709200000| PB 0x0000000709200000| Untracked 
|  27|0x0000000709400000, 0x0000000709600000, 0x0000000709600000|100%| O|  |TAMS 0x0000000709400000| PB 0x0000000709400000| Untracked 
|  28|0x0000000709600000, 0x0000000709800000, 0x0000000709800000|100%| O|  |TAMS 0x0000000709600000| PB 0x0000000709600000| Untracked 
|  29|0x0000000709800000, 0x0000000709a00000, 0x0000000709a00000|100%| O|  |TAMS 0x0000000709800000| PB 0x0000000709800000| Untracked 
|  30|0x0000000709a00000, 0x0000000709c00000, 0x0000000709c00000|100%| O|  |TAMS 0x0000000709a00000| PB 0x0000000709a00000| Untracked 
|  31|0x0000000709c00000, 0x0000000709e00000, 0x0000000709e00000|100%| O|  |TAMS 0x0000000709c00000| PB 0x0000000709c00000| Untracked 
|  32|0x0000000709e00000, 0x000000070a000000, 0x000000070a000000|100%| O|  |TAMS 0x0000000709e00000| PB 0x0000000709e00000| Untracked 
|  33|0x000000070a000000, 0x000000070a200000, 0x000000070a200000|100%| O|  |TAMS 0x000000070a000000| PB 0x000000070a000000| Untracked 
|  34|0x000000070a200000, 0x000000070a400000, 0x000000070a400000|100%| O|  |TAMS 0x000000070a200000| PB 0x000000070a200000| Untracked 
|  35|0x000000070a400000, 0x000000070a600000, 0x000000070a600000|100%| O|Cm|TAMS 0x000000070a400000| PB 0x000000070a400000| Complete 
|  36|0x000000070a600000, 0x000000070a800000, 0x000000070a800000|100%| O|  |TAMS 0x000000070a600000| PB 0x000000070a600000| Untracked 
|  37|0x000000070a800000, 0x000000070aa00000, 0x000000070aa00000|100%| O|  |TAMS 0x000000070a800000| PB 0x000000070a800000| Untracked 
|  38|0x000000070aa00000, 0x000000070ac00000, 0x000000070ac00000|100%| O|  |TAMS 0x000000070aa00000| PB 0x000000070aa00000| Untracked 
|  39|0x000000070ac00000, 0x000000070ae00000, 0x000000070ae00000|100%| O|  |TAMS 0x000000070ac00000| PB 0x000000070ac00000| Untracked 
|  40|0x000000070ae00000, 0x000000070b000000, 0x000000070b000000|100%| O|  |TAMS 0x000000070ae00000| PB 0x000000070ae00000| Untracked 
|  41|0x000000070b000000, 0x000000070b200000, 0x000000070b200000|100%| O|  |TAMS 0x000000070b000000| PB 0x000000070b000000| Untracked 
|  42|0x000000070b200000, 0x000000070b400000, 0x000000070b400000|100%| O|  |TAMS 0x000000070b200000| PB 0x000000070b200000| Untracked 
|  43|0x000000070b400000, 0x000000070b600000, 0x000000070b600000|100%| O|  |TAMS 0x000000070b400000| PB 0x000000070b400000| Untracked 
|  44|0x000000070b600000, 0x000000070b800000, 0x000000070b800000|100%| O|  |TAMS 0x000000070b600000| PB 0x000000070b600000| Untracked 
|  45|0x000000070b800000, 0x000000070ba00000, 0x000000070ba00000|100%| O|  |TAMS 0x000000070b800000| PB 0x000000070b800000| Untracked 
|  46|0x000000070ba00000, 0x000000070bc00000, 0x000000070bc00000|100%| O|  |TAMS 0x000000070ba00000| PB 0x000000070ba00000| Untracked 
|  47|0x000000070bc00000, 0x000000070be00000, 0x000000070be00000|100%| O|  |TAMS 0x000000070bc00000| PB 0x000000070bc00000| Untracked 
|  48|0x000000070be00000, 0x000000070c000000, 0x000000070c000000|100%| O|  |TAMS 0x000000070be00000| PB 0x000000070be00000| Untracked 
|  49|0x000000070c000000, 0x000000070c200000, 0x000000070c200000|100%| O|  |TAMS 0x000000070c000000| PB 0x000000070c000000| Untracked 
|  50|0x000000070c200000, 0x000000070c400000, 0x000000070c400000|100%| O|  |TAMS 0x000000070c200000| PB 0x000000070c200000| Untracked 
|  51|0x000000070c400000, 0x000000070c600000, 0x000000070c600000|100%| O|  |TAMS 0x000000070c400000| PB 0x000000070c400000| Untracked 
|  52|0x000000070c600000, 0x000000070c800000, 0x000000070c800000|100%| O|  |TAMS 0x000000070c600000| PB 0x000000070c600000| Untracked 
|  53|0x000000070c800000, 0x000000070ca00000, 0x000000070ca00000|100%| O|  |TAMS 0x000000070c800000| PB 0x000000070c800000| Untracked 
|  54|0x000000070ca00000, 0x000000070cc00000, 0x000000070cc00000|100%| O|  |TAMS 0x000000070ca00000| PB 0x000000070ca00000| Untracked 
|  55|0x000000070cc00000, 0x000000070ce00000, 0x000000070ce00000|100%| O|  |TAMS 0x000000070cc00000| PB 0x000000070cc00000| Untracked 
|  56|0x000000070ce00000, 0x000000070d000000, 0x000000070d000000|100%| O|Cm|TAMS 0x000000070ce00000| PB 0x000000070ce00000| Complete 
|  57|0x000000070d000000, 0x000000070d200000, 0x000000070d200000|100%| O|  |TAMS 0x000000070d000000| PB 0x000000070d000000| Untracked 
|  58|0x000000070d200000, 0x000000070d400000, 0x000000070d400000|100%| O|  |TAMS 0x000000070d200000| PB 0x000000070d200000| Untracked 
|  59|0x000000070d400000, 0x000000070d600000, 0x000000070d600000|100%| O|  |TAMS 0x000000070d400000| PB 0x000000070d400000| Untracked 
|  60|0x000000070d600000, 0x000000070d800000, 0x000000070d800000|100%| O|  |TAMS 0x000000070d600000| PB 0x000000070d600000| Untracked 
|  61|0x000000070d800000, 0x000000070da00000, 0x000000070da00000|100%| O|  |TAMS 0x000000070d800000| PB 0x000000070d800000| Untracked 
|  62|0x000000070da00000, 0x000000070dc00000, 0x000000070dc00000|100%| O|  |TAMS 0x000000070da00000| PB 0x000000070da00000| Untracked 
|  63|0x000000070dc00000, 0x000000070de00000, 0x000000070de00000|100%| O|  |TAMS 0x000000070dc00000| PB 0x000000070dc00000| Untracked 
|  64|0x000000070de00000, 0x000000070e000000, 0x000000070e000000|100%| O|  |TAMS 0x000000070de00000| PB 0x000000070de00000| Untracked 
|  65|0x000000070e000000, 0x000000070e200000, 0x000000070e200000|100%| O|  |TAMS 0x000000070e000000| PB 0x000000070e000000| Untracked 
|  66|0x000000070e200000, 0x000000070e400000, 0x000000070e400000|100%| O|  |TAMS 0x000000070e200000| PB 0x000000070e200000| Untracked 
|  67|0x000000070e400000, 0x000000070e600000, 0x000000070e600000|100%| O|  |TAMS 0x000000070e400000| PB 0x000000070e400000| Untracked 
|  68|0x000000070e600000, 0x000000070e800000, 0x000000070e800000|100%| O|  |TAMS 0x000000070e600000| PB 0x000000070e600000| Untracked 
|  69|0x000000070e800000, 0x000000070ea00000, 0x000000070ea00000|100%| O|  |TAMS 0x000000070e800000| PB 0x000000070e800000| Untracked 
|  70|0x000000070ea00000, 0x000000070ec00000, 0x000000070ec00000|100%| O|Cm|TAMS 0x000000070ea00000| PB 0x000000070ea00000| Complete 
|  71|0x000000070ec00000, 0x000000070ee00000, 0x000000070ee00000|100%| O|  |TAMS 0x000000070ec00000| PB 0x000000070ec00000| Untracked 
|  72|0x000000070ee00000, 0x000000070f000000, 0x000000070f000000|100%| O|  |TAMS 0x000000070ee00000| PB 0x000000070ee00000| Untracked 
|  73|0x000000070f000000, 0x000000070f200000, 0x000000070f200000|100%| O|  |TAMS 0x000000070f000000| PB 0x000000070f000000| Untracked 
|  74|0x000000070f200000, 0x000000070f400000, 0x000000070f400000|100%| O|  |TAMS 0x000000070f200000| PB 0x000000070f200000| Untracked 
|  75|0x000000070f400000, 0x000000070f600000, 0x000000070f600000|100%| O|  |TAMS 0x000000070f400000| PB 0x000000070f400000| Untracked 
|  76|0x000000070f600000, 0x000000070f800000, 0x000000070f800000|100%| O|  |TAMS 0x000000070f600000| PB 0x000000070f600000| Untracked 
|  77|0x000000070f800000, 0x000000070fa00000, 0x000000070fa00000|100%| O|  |TAMS 0x000000070f800000| PB 0x000000070f800000| Untracked 
|  78|0x000000070fa00000, 0x000000070fc00000, 0x000000070fc00000|100%| O|  |TAMS 0x000000070fa00000| PB 0x000000070fa00000| Untracked 
|  79|0x000000070fc00000, 0x000000070fe00000, 0x000000070fe00000|100%| O|  |TAMS 0x000000070fc00000| PB 0x000000070fc00000| Untracked 
|  80|0x000000070fe00000, 0x0000000710000000, 0x0000000710000000|100%| O|  |TAMS 0x000000070fe00000| PB 0x000000070fe00000| Untracked 
|  81|0x0000000710000000, 0x00000007101751d8, 0x0000000710200000| 72%| O|  |TAMS 0x0000000710000000| PB 0x0000000710000000| Untracked 
|  82|0x0000000710200000, 0x0000000710400000, 0x0000000710400000|100%| O|  |TAMS 0x0000000710200000| PB 0x0000000710200000| Untracked 
|  83|0x0000000710400000, 0x0000000710600000, 0x0000000710600000|100%| O|  |TAMS 0x0000000710400000| PB 0x0000000710400000| Untracked 
|  84|0x0000000710600000, 0x0000000710800000, 0x0000000710800000|100%| O|  |TAMS 0x0000000710600000| PB 0x0000000710600000| Untracked 
|  85|0x0000000710800000, 0x0000000710a00000, 0x0000000710a00000|100%| O|  |TAMS 0x0000000710800000| PB 0x0000000710800000| Untracked 
|  86|0x0000000710a00000, 0x0000000710c00000, 0x0000000710c00000|100%| O|  |TAMS 0x0000000710a00000| PB 0x0000000710a00000| Untracked 
|  87|0x0000000710c00000, 0x0000000710c00000, 0x0000000710e00000|  0%| F|  |TAMS 0x0000000710c00000| PB 0x0000000710c00000| Untracked 
|  88|0x0000000710e00000, 0x0000000711000000, 0x0000000711000000|100%| O|  |TAMS 0x0000000710e00000| PB 0x0000000710e00000| Untracked 
|  89|0x0000000711000000, 0x0000000711200000, 0x0000000711200000|100%| O|  |TAMS 0x0000000711000000| PB 0x0000000711000000| Untracked 
|  90|0x0000000711200000, 0x0000000711400000, 0x0000000711400000|100%| O|  |TAMS 0x0000000711200000| PB 0x0000000711200000| Untracked 
|  91|0x0000000711400000, 0x0000000711600000, 0x0000000711600000|100%| O|  |TAMS 0x0000000711400000| PB 0x0000000711400000| Untracked 
|  92|0x0000000711600000, 0x0000000711800000, 0x0000000711800000|100%| O|  |TAMS 0x0000000711600000| PB 0x0000000711600000| Untracked 
|  93|0x0000000711800000, 0x0000000711a00000, 0x0000000711a00000|100%| O|  |TAMS 0x0000000711800000| PB 0x0000000711800000| Untracked 
|  94|0x0000000711a00000, 0x0000000711a00000, 0x0000000711c00000|  0%| F|  |TAMS 0x0000000711a00000| PB 0x0000000711a00000| Untracked 
|  95|0x0000000711c00000, 0x0000000711c00000, 0x0000000711e00000|  0%| F|  |TAMS 0x0000000711c00000| PB 0x0000000711c00000| Untracked 
|  96|0x0000000711e00000, 0x0000000711e00000, 0x0000000712000000|  0%| F|  |TAMS 0x0000000711e00000| PB 0x0000000711e00000| Untracked 
|  97|0x0000000712000000, 0x0000000712000000, 0x0000000712200000|  0%| F|  |TAMS 0x0000000712000000| PB 0x0000000712000000| Untracked 
|  98|0x0000000712200000, 0x0000000712200000, 0x0000000712400000|  0%| F|  |TAMS 0x0000000712200000| PB 0x0000000712200000| Untracked 
|  99|0x0000000712400000, 0x0000000712400000, 0x0000000712600000|  0%| F|  |TAMS 0x0000000712400000| PB 0x0000000712400000| Untracked 
| 100|0x0000000712600000, 0x0000000712600000, 0x0000000712800000|  0%| F|  |TAMS 0x0000000712600000| PB 0x0000000712600000| Untracked 
| 101|0x0000000712800000, 0x0000000712800000, 0x0000000712a00000|  0%| F|  |TAMS 0x0000000712800000| PB 0x0000000712800000| Untracked 
| 102|0x0000000712a00000, 0x0000000712a00000, 0x0000000712c00000|  0%| F|  |TAMS 0x0000000712a00000| PB 0x0000000712a00000| Untracked 
| 103|0x0000000712c00000, 0x0000000712c00000, 0x0000000712e00000|  0%| F|  |TAMS 0x0000000712c00000| PB 0x0000000712c00000| Untracked 
| 104|0x0000000712e00000, 0x0000000712f99b30, 0x0000000713000000| 80%| S|CS|TAMS 0x0000000712e00000| PB 0x0000000712e00000| Complete 
| 105|0x0000000713000000, 0x0000000713200000, 0x0000000713200000|100%| S|CS|TAMS 0x0000000713000000| PB 0x0000000713000000| Complete 
| 106|0x0000000713200000, 0x0000000713400000, 0x0000000713400000|100%| S|CS|TAMS 0x0000000713200000| PB 0x0000000713200000| Complete 
| 107|0x0000000713400000, 0x0000000713600000, 0x0000000713600000|100%| S|CS|TAMS 0x0000000713400000| PB 0x0000000713400000| Complete 
| 108|0x0000000713600000, 0x0000000713600000, 0x0000000713800000|  0%| F|  |TAMS 0x0000000713600000| PB 0x0000000713600000| Untracked 
| 109|0x0000000713800000, 0x0000000713a00000, 0x0000000713a00000|100%| S|CS|TAMS 0x0000000713800000| PB 0x0000000713800000| Complete 
| 110|0x0000000713a00000, 0x0000000713a00000, 0x0000000713c00000|  0%| F|  |TAMS 0x0000000713a00000| PB 0x0000000713a00000| Untracked 
| 111|0x0000000713c00000, 0x0000000713c00000, 0x0000000713e00000|  0%| F|  |TAMS 0x0000000713c00000| PB 0x0000000713c00000| Untracked 
| 112|0x0000000713e00000, 0x0000000713e00000, 0x0000000714000000|  0%| F|  |TAMS 0x0000000713e00000| PB 0x0000000713e00000| Untracked 
| 113|0x0000000714000000, 0x0000000714000000, 0x0000000714200000|  0%| F|  |TAMS 0x0000000714000000| PB 0x0000000714000000| Untracked 
| 114|0x0000000714200000, 0x0000000714200000, 0x0000000714400000|  0%| F|  |TAMS 0x0000000714200000| PB 0x0000000714200000| Untracked 
| 115|0x0000000714400000, 0x0000000714400000, 0x0000000714600000|  0%| F|  |TAMS 0x0000000714400000| PB 0x0000000714400000| Untracked 
| 116|0x0000000714600000, 0x0000000714600000, 0x0000000714800000|  0%| F|  |TAMS 0x0000000714600000| PB 0x0000000714600000| Untracked 
| 117|0x0000000714800000, 0x0000000714800000, 0x0000000714a00000|  0%| F|  |TAMS 0x0000000714800000| PB 0x0000000714800000| Untracked 
| 118|0x0000000714a00000, 0x0000000714a00000, 0x0000000714c00000|  0%| F|  |TAMS 0x0000000714a00000| PB 0x0000000714a00000| Untracked 
| 119|0x0000000714c00000, 0x0000000714c00000, 0x0000000714e00000|  0%| F|  |TAMS 0x0000000714c00000| PB 0x0000000714c00000| Untracked 
| 120|0x0000000714e00000, 0x0000000714e00000, 0x0000000715000000|  0%| F|  |TAMS 0x0000000714e00000| PB 0x0000000714e00000| Untracked 
| 121|0x0000000715000000, 0x0000000715100000, 0x0000000715200000| 50%| E|  |TAMS 0x0000000715000000| PB 0x0000000715000000| Complete 
| 122|0x0000000715200000, 0x0000000715400000, 0x0000000715400000|100%| E|CS|TAMS 0x0000000715200000| PB 0x0000000715200000| Complete 
| 123|0x0000000715400000, 0x0000000715600000, 0x0000000715600000|100%| E|CS|TAMS 0x0000000715400000| PB 0x0000000715400000| Complete 
| 124|0x0000000715600000, 0x0000000715800000, 0x0000000715800000|100%| E|CS|TAMS 0x0000000715600000| PB 0x0000000715600000| Complete 
| 125|0x0000000715800000, 0x0000000715a00000, 0x0000000715a00000|100%| E|CS|TAMS 0x0000000715800000| PB 0x0000000715800000| Complete 
| 126|0x0000000715a00000, 0x0000000715c00000, 0x0000000715c00000|100%| E|CS|TAMS 0x0000000715a00000| PB 0x0000000715a00000| Complete 
| 127|0x0000000715c00000, 0x0000000715e00000, 0x0000000715e00000|100%| E|CS|TAMS 0x0000000715c00000| PB 0x0000000715c00000| Complete 
| 128|0x0000000715e00000, 0x0000000716000000, 0x0000000716000000|100%| E|CS|TAMS 0x0000000715e00000| PB 0x0000000715e00000| Complete 
| 129|0x0000000716000000, 0x0000000716200000, 0x0000000716200000|100%| E|CS|TAMS 0x0000000716000000| PB 0x0000000716000000| Complete 
| 130|0x0000000716200000, 0x0000000716400000, 0x0000000716400000|100%| E|CS|TAMS 0x0000000716200000| PB 0x0000000716200000| Complete 
| 131|0x0000000716400000, 0x0000000716600000, 0x0000000716600000|100%| E|CS|TAMS 0x0000000716400000| PB 0x0000000716400000| Complete 
| 132|0x0000000716600000, 0x0000000716800000, 0x0000000716800000|100%| E|CS|TAMS 0x0000000716600000| PB 0x0000000716600000| Complete 
| 133|0x0000000716800000, 0x0000000716a00000, 0x0000000716a00000|100%| E|CS|TAMS 0x0000000716800000| PB 0x0000000716800000| Complete 
| 134|0x0000000716a00000, 0x0000000716c00000, 0x0000000716c00000|100%| E|CS|TAMS 0x0000000716a00000| PB 0x0000000716a00000| Complete 
| 135|0x0000000716c00000, 0x0000000716e00000, 0x0000000716e00000|100%| E|CS|TAMS 0x0000000716c00000| PB 0x0000000716c00000| Complete 
| 136|0x0000000716e00000, 0x0000000717000000, 0x0000000717000000|100%| E|CS|TAMS 0x0000000716e00000| PB 0x0000000716e00000| Complete 
| 137|0x0000000717000000, 0x0000000717200000, 0x0000000717200000|100%| E|CS|TAMS 0x0000000717000000| PB 0x0000000717000000| Complete 
| 138|0x0000000717200000, 0x0000000717400000, 0x0000000717400000|100%| E|CS|TAMS 0x0000000717200000| PB 0x0000000717200000| Complete 
| 139|0x0000000717400000, 0x0000000717600000, 0x0000000717600000|100%| E|CS|TAMS 0x0000000717400000| PB 0x0000000717400000| Complete 
| 140|0x0000000717600000, 0x0000000717800000, 0x0000000717800000|100%| E|CS|TAMS 0x0000000717600000| PB 0x0000000717600000| Complete 
| 141|0x0000000717800000, 0x0000000717a00000, 0x0000000717a00000|100%| E|CS|TAMS 0x0000000717800000| PB 0x0000000717800000| Complete 
| 142|0x0000000717a00000, 0x0000000717c00000, 0x0000000717c00000|100%| E|CS|TAMS 0x0000000717a00000| PB 0x0000000717a00000| Complete 
| 143|0x0000000717c00000, 0x0000000717e00000, 0x0000000717e00000|100%| E|CS|TAMS 0x0000000717c00000| PB 0x0000000717c00000| Complete 
| 144|0x0000000717e00000, 0x0000000718000000, 0x0000000718000000|100%| E|CS|TAMS 0x0000000717e00000| PB 0x0000000717e00000| Complete 
| 145|0x0000000718000000, 0x0000000718200000, 0x0000000718200000|100%| E|CS|TAMS 0x0000000718000000| PB 0x0000000718000000| Complete 
| 146|0x0000000718200000, 0x0000000718400000, 0x0000000718400000|100%| E|CS|TAMS 0x0000000718200000| PB 0x0000000718200000| Complete 
| 147|0x0000000718400000, 0x0000000718600000, 0x0000000718600000|100%| E|CS|TAMS 0x0000000718400000| PB 0x0000000718400000| Complete 
| 148|0x0000000718600000, 0x0000000718800000, 0x0000000718800000|100%| E|CS|TAMS 0x0000000718600000| PB 0x0000000718600000| Complete 
| 149|0x0000000718800000, 0x0000000718a00000, 0x0000000718a00000|100%| E|CS|TAMS 0x0000000718800000| PB 0x0000000718800000| Complete 
| 150|0x0000000718a00000, 0x0000000718c00000, 0x0000000718c00000|100%| E|CS|TAMS 0x0000000718a00000| PB 0x0000000718a00000| Complete 
| 151|0x0000000718c00000, 0x0000000718e00000, 0x0000000718e00000|100%| E|CS|TAMS 0x0000000718c00000| PB 0x0000000718c00000| Complete 
| 152|0x0000000718e00000, 0x0000000719000000, 0x0000000719000000|100%| E|CS|TAMS 0x0000000718e00000| PB 0x0000000718e00000| Complete 
| 153|0x0000000719000000, 0x0000000719200000, 0x0000000719200000|100%| E|CS|TAMS 0x0000000719000000| PB 0x0000000719000000| Complete 
| 154|0x0000000719200000, 0x0000000719400000, 0x0000000719400000|100%| E|CS|TAMS 0x0000000719200000| PB 0x0000000719200000| Complete 
| 155|0x0000000719400000, 0x0000000719600000, 0x0000000719600000|100%| E|CS|TAMS 0x0000000719400000| PB 0x0000000719400000| Complete 
| 156|0x0000000719600000, 0x0000000719800000, 0x0000000719800000|100%| E|CS|TAMS 0x0000000719600000| PB 0x0000000719600000| Complete 
| 157|0x0000000719800000, 0x0000000719a00000, 0x0000000719a00000|100%| E|CS|TAMS 0x0000000719800000| PB 0x0000000719800000| Complete 
| 158|0x0000000719a00000, 0x0000000719c00000, 0x0000000719c00000|100%| E|CS|TAMS 0x0000000719a00000| PB 0x0000000719a00000| Complete 
| 159|0x0000000719c00000, 0x0000000719e00000, 0x0000000719e00000|100%| E|CS|TAMS 0x0000000719c00000| PB 0x0000000719c00000| Complete 
| 160|0x0000000719e00000, 0x000000071a000000, 0x000000071a000000|100%| E|CS|TAMS 0x0000000719e00000| PB 0x0000000719e00000| Complete 
| 161|0x000000071a000000, 0x000000071a200000, 0x000000071a200000|100%| E|CS|TAMS 0x000000071a000000| PB 0x000000071a000000| Complete 
| 162|0x000000071a200000, 0x000000071a400000, 0x000000071a400000|100%| E|CS|TAMS 0x000000071a200000| PB 0x000000071a200000| Complete 
|1999|0x00000007ffc00000, 0x00000007ffe00000, 0x00000007ffe00000|100%| E|CS|TAMS 0x00000007ffc00000| PB 0x00000007ffc00000| Complete 
|2000|0x00000007ffe00000, 0x0000000800000000, 0x0000000800000000|100%| O|  |TAMS 0x00000007ffe00000| PB 0x00000007ffe00000| Untracked 

Card table byte_map: [0x00000275bce20000,0x00000275bd600000] _byte_map_base: 0x00000275b95f1000

Marking Bits: (CMBitMap*) 0x00000275a9a90aa0
 Bits: [0x00000275bd600000, 0x00000275c1488000)

Polling page: 0x00000275a75c0000

Metaspace:

Usage:
  Non-class:     88.66 MB used.
      Class:      9.99 MB used.
       Both:     98.65 MB used.

Virtual space:
  Non-class space:      128.00 MB reserved,      88.88 MB ( 69%) committed,  2 nodes.
      Class space:        1.00 GB reserved,      10.12 MB ( <1%) committed,  1 nodes.
             Both:        1.12 GB reserved,      99.00 MB (  9%) committed. 

Chunk freelists:
   Non-Class:  7.16 MB
       Class:  5.81 MB
        Both:  12.97 MB

MaxMetaspaceSize: unlimited
CompressedClassSpaceSize: 1.00 GB
Initial GC threshold: 21.00 MB
Current GC threshold: 164.81 MB
CDS: off
 - commit_granule_bytes: 65536.
 - commit_granule_words: 8192.
 - virtual_space_node_default_size: 8388608.
 - enlarge_chunks_in_place: 1.
 - use_allocation_guard: 0.


Internal statistics:

num_allocs_failed_limit: 6.
num_arena_births: 434.
num_arena_deaths: 0.
num_vsnodes_births: 3.
num_vsnodes_deaths: 0.
num_space_committed: 1582.
num_space_uncommitted: 0.
num_chunks_returned_to_freelist: 6.
num_chunks_taken_from_freelist: 3655.
num_chunk_merges: 6.
num_chunk_splits: 3061.
num_chunks_enlarged: 2764.
num_inconsistent_stats: 0.

CodeHeap 'non-profiled nmethods': size=119168Kb used=13747Kb max_used=15257Kb free=105420Kb
 bounds [0x00000275b4730000, 0x00000275b5620000, 0x00000275bbb90000]
CodeHeap 'profiled nmethods': size=119104Kb used=61300Kb max_used=78399Kb free=57803Kb
 bounds [0x00000275acb90000, 0x00000275b1830000, 0x00000275b3fe0000]
CodeHeap 'non-nmethods': size=7488Kb used=3412Kb max_used=3494Kb free=4075Kb
 bounds [0x00000275b3fe0000, 0x00000275b4360000, 0x00000275b4730000]
CodeCache: size=245760Kb, used=78459Kb, max_used=97150Kb, free=167298Kb
 total_blobs=16956, nmethods=16103, adapters=749, full_count=0
Compilation: enabled, stopped_count=0, restarted_count=0

Compilation events (20 events):
Event: 9.965 Thread 0x00000275c4a000b0 nmethod 25026 0x00000275ad651390 code [0x00000275ad6515c0, 0x00000275ad651d68]
Event: 9.965 Thread 0x00000275c950bf10 nmethod 25027 0x00000275ad189290 code [0x00000275ad1894c0, 0x00000275ad1897c0]
Event: 9.967 Thread 0x00000275c4994ea0 nmethod 25020 0x00000275b0c61110 code [0x00000275b0c61c40, 0x00000275b0c67c08]
Event: 9.967 Thread 0x00000275c4994ea0 25028       3       org.jetbrains.kotlin.types.AbstractTypeApproximator::approximateParametrizedType (1450 bytes)
Event: 9.968 Thread 0x00000275c92390d0 25029       3       org.jetbrains.kotlin.fir.types.ConeBuiltinTypeUtilsKt::isString (21 bytes)
Event: 9.968 Thread 0x00000275c950bf10 25030       3       org.jetbrains.kotlin.protobuf.FieldSet::clone (123 bytes)
Event: 9.968 Thread 0x00000275c4a000b0 25031       1       org.jetbrains.kotlin.metadata.ProtoBuf$Type$Argument$Builder::getProjection (5 bytes)
Event: 9.968 Thread 0x00000275c4a000b0 nmethod 25031 0x00000275b482ae90 code [0x00000275b482b020, 0x00000275b482b0f0]
Event: 9.968 Thread 0x00000275c92390d0 nmethod 25029 0x00000275acfb1710 code [0x00000275acfb1960, 0x00000275acfb2008]
Event: 9.969 Thread 0x00000275ca13acf0 nmethod 24997 0x00000275b47c0790 code [0x00000275b47c0a00, 0x00000275b47c1070]
Event: 9.969 Thread 0x00000275ca13acf0 24980       4       org.jetbrains.org.objectweb.asm.MethodWriter::computeAllFrames (510 bytes)
Event: 9.969 Thread 0x00000275c950bf10 nmethod 25030 0x00000275adc58090 code [0x00000275adc583e0, 0x00000275adc59b70]
Event: 9.970 Thread 0x00000275c92390d0 25032       3       org.jetbrains.kotlin.codegen.signature.BothSignatureWriter::writeClassBegin (17 bytes)
Event: 9.970 Thread 0x00000275c950bf10 25033       3       org.jetbrains.kotlin.codegen.signature.BothSignatureWriter::writeClassEnd (12 bytes)
Event: 9.970 Thread 0x00000275c4a000b0 25034       3       org.jetbrains.kotlin.backend.jvm.ir.JvmIrUtilsKt::getPropertyIfAccessor (56 bytes)
Event: 9.970 Thread 0x00000275c950bf10 nmethod 25033 0x00000275ad28ea90 code [0x00000275ad28ecc0, 0x00000275ad28f668]
Event: 9.971 Thread 0x00000275c92390d0 nmethod 25032 0x00000275aceeb510 code [0x00000275aceeb760, 0x00000275aceec248]
Event: 9.971 Thread 0x00000275c4a000b0 nmethod 25034 0x00000275ad1a8c90 code [0x00000275ad1a8f00, 0x00000275ad1a99f0]
Event: 9.971 Thread 0x00000275c950bf10 25035       1       kotlin.text.DelimitedRangesSequence::access$getStartIndex$p (5 bytes)
Event: 9.971 Thread 0x00000275c950bf10 nmethod 25035 0x00000275b482c090 code [0x00000275b482c220, 0x00000275b482c2d0]

GC Heap History (20 events):
Event: 4.194 GC heap before
{Heap before GC invocations=19 (full 0):
 garbage-first heap   total 305152K, used 234363K [0x0000000705e00000, 0x0000000800000000)
  region size 2048K, 60 young (122880K), 4 survivors (8192K)
 Metaspace       used 64426K, committed 64704K, reserved 1114112K
  class space    used 7269K, committed 7424K, reserved 1048576K
}
Event: 4.201 GC heap after
{Heap after GC invocations=20 (full 0):
 garbage-first heap   total 305152K, used 132834K [0x0000000705e00000, 0x0000000800000000)
  region size 2048K, 8 young (16384K), 8 survivors (16384K)
 Metaspace       used 64426K, committed 64704K, reserved 1114112K
  class space    used 7269K, committed 7424K, reserved 1048576K
}
Event: 5.279 GC heap before
{Heap before GC invocations=20 (full 0):
 garbage-first heap   total 305152K, used 241378K [0x0000000705e00000, 0x0000000800000000)
  region size 2048K, 62 young (126976K), 8 survivors (16384K)
 Metaspace       used 69080K, committed 69312K, reserved 1114112K
  class space    used 7620K, committed 7744K, reserved 1048576K
}
Event: 5.288 GC heap after
{Heap after GC invocations=21 (full 0):
 garbage-first heap   total 305152K, used 146416K [0x0000000705e00000, 0x0000000800000000)
  region size 2048K, 6 young (12288K), 6 survivors (12288K)
 Metaspace       used 69080K, committed 69312K, reserved 1114112K
  class space    used 7620K, committed 7744K, reserved 1048576K
}
Event: 6.164 GC heap before
{Heap before GC invocations=22 (full 0):
 garbage-first heap   total 305152K, used 252912K [0x0000000705e00000, 0x0000000800000000)
  region size 2048K, 58 young (118784K), 6 survivors (12288K)
 Metaspace       used 78333K, committed 78656K, reserved 1179648K
  class space    used 8395K, committed 8512K, reserved 1048576K
}
Event: 6.173 GC heap after
{Heap after GC invocations=23 (full 0):
 garbage-first heap   total 305152K, used 163628K [0x0000000705e00000, 0x0000000800000000)
  region size 2048K, 8 young (16384K), 8 survivors (16384K)
 Metaspace       used 78333K, committed 78656K, reserved 1179648K
  class space    used 8395K, committed 8512K, reserved 1048576K
}
Event: 6.955 GC heap before
{Heap before GC invocations=23 (full 0):
 garbage-first heap   total 305152K, used 259884K [0x0000000705e00000, 0x0000000800000000)
  region size 2048K, 55 young (112640K), 8 survivors (16384K)
 Metaspace       used 82880K, committed 83200K, reserved 1179648K
  class space    used 8815K, committed 8960K, reserved 1048576K
}
Event: 6.966 GC heap after
{Heap after GC invocations=24 (full 0):
 garbage-first heap   total 305152K, used 180420K [0x0000000705e00000, 0x0000000800000000)
  region size 2048K, 7 young (14336K), 7 survivors (14336K)
 Metaspace       used 82880K, committed 83200K, reserved 1179648K
  class space    used 8815K, committed 8960K, reserved 1048576K
}
Event: 7.094 GC heap before
{Heap before GC invocations=24 (full 0):
 garbage-first heap   total 305152K, used 196804K [0x0000000705e00000, 0x0000000800000000)
  region size 2048K, 16 young (32768K), 7 survivors (14336K)
 Metaspace       used 85324K, committed 85696K, reserved 1179648K
  class space    used 9104K, committed 9216K, reserved 1048576K
}
Event: 7.099 GC heap after
{Heap after GC invocations=25 (full 0):
 garbage-first heap   total 305152K, used 184570K [0x0000000705e00000, 0x0000000800000000)
  region size 2048K, 2 young (4096K), 2 survivors (4096K)
 Metaspace       used 85324K, committed 85696K, reserved 1179648K
  class space    used 9104K, committed 9216K, reserved 1048576K
}
Event: 8.198 GC heap before
{Heap before GC invocations=26 (full 0):
 garbage-first heap   total 311296K, used 266490K [0x0000000705e00000, 0x0000000800000000)
  region size 2048K, 42 young (86016K), 2 survivors (4096K)
 Metaspace       used 93886K, committed 94208K, reserved 1179648K
  class space    used 9710K, committed 9856K, reserved 1048576K
}
Event: 8.202 GC heap after
{Heap after GC invocations=27 (full 0):
 garbage-first heap   total 311296K, used 189680K [0x0000000705e00000, 0x0000000800000000)
  region size 2048K, 4 young (8192K), 4 survivors (8192K)
 Metaspace       used 93886K, committed 94208K, reserved 1179648K
  class space    used 9710K, committed 9856K, reserved 1048576K
}
Event: 8.410 GC heap before
{Heap before GC invocations=27 (full 0):
 garbage-first heap   total 311296K, used 204016K [0x0000000705e00000, 0x0000000800000000)
  region size 2048K, 12 young (24576K), 4 survivors (8192K)
 Metaspace       used 97701K, committed 98112K, reserved 1179648K
  class space    used 10075K, committed 10240K, reserved 1048576K
}
Event: 8.413 GC heap after
{Heap after GC invocations=28 (full 0):
 garbage-first heap   total 311296K, used 190779K [0x0000000705e00000, 0x0000000800000000)
  region size 2048K, 4 young (8192K), 4 survivors (8192K)
 Metaspace       used 97701K, committed 98112K, reserved 1179648K
  class space    used 10075K, committed 10240K, reserved 1048576K
}
Event: 9.001 GC heap before
{Heap before GC invocations=29 (full 0):
 garbage-first heap   total 321536K, used 280891K [0x0000000705e00000, 0x0000000800000000)
  region size 2048K, 48 young (98304K), 4 survivors (8192K)
 Metaspace       used 100121K, committed 100480K, reserved 1179648K
  class space    used 10203K, committed 10368K, reserved 1048576K
}
Event: 9.005 GC heap after
{Heap after GC invocations=30 (full 0):
 garbage-first heap   total 321536K, used 196673K [0x0000000705e00000, 0x0000000800000000)
  region size 2048K, 4 young (8192K), 4 survivors (8192K)
 Metaspace       used 100121K, committed 100480K, reserved 1179648K
  class space    used 10203K, committed 10368K, reserved 1048576K
}
Event: 9.327 GC heap before
{Heap before GC invocations=30 (full 0):
 garbage-first heap   total 321536K, used 292929K [0x0000000705e00000, 0x0000000800000000)
  region size 2048K, 51 young (104448K), 4 survivors (8192K)
 Metaspace       used 100512K, committed 100864K, reserved 1179648K
  class space    used 10215K, committed 10368K, reserved 1048576K
}
Event: 9.332 GC heap after
{Heap after GC invocations=31 (full 0):
 garbage-first heap   total 321536K, used 198712K [0x0000000705e00000, 0x0000000800000000)
  region size 2048K, 6 young (12288K), 6 survivors (12288K)
 Metaspace       used 100512K, committed 100864K, reserved 1179648K
  class space    used 10215K, committed 10368K, reserved 1048576K
}
Event: 9.660 GC heap before
{Heap before GC invocations=31 (full 0):
 garbage-first heap   total 321536K, used 292920K [0x0000000705e00000, 0x0000000800000000)
  region size 2048K, 52 young (106496K), 6 survivors (12288K)
 Metaspace       used 100846K, committed 101184K, reserved 1179648K
  class space    used 10221K, committed 10368K, reserved 1048576K
}
Event: 9.664 GC heap after
{Heap after GC invocations=32 (full 0):
 garbage-first heap   total 321536K, used 201642K [0x0000000705e00000, 0x0000000800000000)
  region size 2048K, 5 young (10240K), 5 survivors (10240K)
 Metaspace       used 100846K, committed 101184K, reserved 1179648K
  class space    used 10221K, committed 10368K, reserved 1048576K
}

Dll operation events (3 events):
Event: 0.004 Loaded shared library C:\Program Files\Android\Android Studio1\jbr\bin\java.dll
Event: 0.007 Loaded shared library C:\Program Files\Android\Android Studio1\jbr\bin\zip.dll
Event: 0.596 Loaded shared library C:\Program Files\Android\Android Studio1\jbr\bin\verify.dll

Deoptimization events (20 events):
Event: 9.892 Thread 0x00000275a7613e80 DEOPT PACKING pc=0x00000275b17f9104 sp=0x000000e3bbef8650
Event: 9.892 Thread 0x00000275a7613e80 DEOPT UNPACKING pc=0x00000275b4034bc2 sp=0x000000e3bbef7bb8 mode 0
Event: 9.899 Thread 0x00000275a7613e80 DEOPT PACKING pc=0x00000275b0227a69 sp=0x000000e3bbef8990
Event: 9.899 Thread 0x00000275a7613e80 DEOPT UNPACKING pc=0x00000275b4034bc2 sp=0x000000e3bbef8080 mode 0
Event: 9.899 Thread 0x00000275a7613e80 DEOPT PACKING pc=0x00000275af99a7e5 sp=0x000000e3bbef8330
Event: 9.899 Thread 0x00000275a7613e80 DEOPT UNPACKING pc=0x00000275b4034bc2 sp=0x000000e3bbef78a0 mode 0
Event: 9.899 Thread 0x00000275a7613e80 DEOPT PACKING pc=0x00000275ad8e1723 sp=0x000000e3bbef8350
Event: 9.899 Thread 0x00000275a7613e80 DEOPT UNPACKING pc=0x00000275b4034bc2 sp=0x000000e3bbef7878 mode 0
Event: 9.900 Thread 0x00000275a7613e80 DEOPT PACKING pc=0x00000275ada8d467 sp=0x000000e3bbef9590
Event: 9.900 Thread 0x00000275a7613e80 DEOPT UNPACKING pc=0x00000275b4034bc2 sp=0x000000e3bbef8b08 mode 0
Event: 9.909 Thread 0x00000275a7613e80 DEOPT PACKING pc=0x00000275b17f9388 sp=0x000000e3bbefb7a0
Event: 9.909 Thread 0x00000275a7613e80 DEOPT UNPACKING pc=0x00000275b4034bc2 sp=0x000000e3bbefad08 mode 0
Event: 9.947 Thread 0x00000275a7613e80 Uncommon trap: trap_request=0xffffff45 fr.pc=0x00000275b49442f4 relative=0x0000000000002254
Event: 9.947 Thread 0x00000275a7613e80 Uncommon trap: reason=unstable_if action=reinterpret pc=0x00000275b49442f4 method=org.jetbrains.kotlin.codegen.inline.FileMapping.mapNewLineNumber(IILorg/jetbrains/kotlin/codegen/inline/SourcePosition;)I @ 84 c2
Event: 9.947 Thread 0x00000275a7613e80 DEOPT PACKING pc=0x00000275b49442f4 sp=0x000000e3bbefb6c0
Event: 9.947 Thread 0x00000275a7613e80 DEOPT UNPACKING pc=0x00000275b4034422 sp=0x000000e3bbefb5a8 mode 2
Event: 9.958 Thread 0x00000275a7613e80 Uncommon trap: trap_request=0xffffffde fr.pc=0x00000275b489e77c relative=0x0000000000000ddc
Event: 9.958 Thread 0x00000275a7613e80 Uncommon trap: reason=class_check action=maybe_recompile pc=0x00000275b489e77c method=org.jetbrains.kotlin.codegen.signature.JvmSignatureWriter.writeAsmType(Lorg/jetbrains/org/objectweb/asm/Type;)V @ 51 c2
Event: 9.958 Thread 0x00000275a7613e80 DEOPT PACKING pc=0x00000275b489e77c sp=0x000000e3bbefd970
Event: 9.958 Thread 0x00000275a7613e80 DEOPT UNPACKING pc=0x00000275b4034422 sp=0x000000e3bbefd960 mode 2

Classes loaded (20 events):
Event: 7.441 Loading class java/security/MessageDigest$Delegate
Event: 7.441 Loading class sun/security/util/MessageDigestSpi2
Event: 7.441 Loading class sun/security/util/MessageDigestSpi2 done
Event: 7.441 Loading class java/security/MessageDigest$Delegate done
Event: 7.441 Loading class java/security/MessageDigest$Delegate$CloneableDelegate
Event: 7.441 Loading class java/security/MessageDigest$Delegate$CloneableDelegate done
Event: 7.441 Loading class sun/security/provider/ByteArrayAccess$LE
Event: 7.441 Loading class sun/security/provider/ByteArrayAccess$LE done
Event: 7.441 Loading class sun/security/provider/ByteArrayAccess
Event: 7.441 Loading class sun/security/provider/ByteArrayAccess done
Event: 7.442 Loading class java/util/Base64
Event: 7.442 Loading class java/util/Base64 done
Event: 7.442 Loading class java/util/Base64$Encoder
Event: 7.442 Loading class java/util/Base64$Encoder done
Event: 8.184 Loading class java/lang/TypeNotPresentException
Event: 8.184 Loading class java/lang/TypeNotPresentException done
Event: 8.238 Loading class java/util/concurrent/ConcurrentHashMap$KeyIterator
Event: 8.238 Loading class java/util/concurrent/ConcurrentHashMap$KeyIterator done
Event: 8.245 Loading class java/util/Vector$Itr
Event: 8.245 Loading class java/util/Vector$Itr done

Classes unloaded (0 events):
No events

Classes redefined (0 events):
No events

Internal exceptions (20 events):
Event: 7.785 Thread 0x00000275a7613e80 Implicit null exception at 0x00000275b52d0ce0 to 0x00000275b52d0dcd
Event: 7.785 Thread 0x00000275a7613e80 Implicit null exception at 0x00000275b535f5dd to 0x00000275b535f698
Event: 8.082 Thread 0x00000275a7613e80 Implicit null exception at 0x00000275b4d3ba5d to 0x00000275b4d3bad8
Event: 8.091 Thread 0x00000275a7613e80 Exception <a 'java/lang/NoSuchMethodError'{0x0000000713f11c28}: 'java.lang.Object java.lang.invoke.DirectMethodHandle$Holder.invokeStatic(java.lang.Object, java.lang.Object, java.lang.Object, java.lang.Object, java.lang.Object, java.lang.Object, java.lang.Object, int, java.lang.Object, java.lang.Object)'> (0x0000000713f11c28) 
thrown [s\src\hotspot\share\interpreter\linkResolver.cpp, line 784]
Event: 8.160 Thread 0x00000275a7613e80 Implicit null exception at 0x00000275b54d34dd to 0x00000275b54d3558
Event: 8.230 Thread 0x00000275a7613e80 Exception <a 'java/lang/NoSuchMethodError'{0x00000007188cf230}: 'java.lang.Object java.lang.invoke.DirectMethodHandle$Holder.invokeStatic(java.lang.Object, int, int)'> (0x00000007188cf230) 
thrown [s\src\hotspot\share\interpreter\linkResolver.cpp, line 784]
Event: 8.288 Thread 0x00000275a7613e80 Exception <a 'java/lang/NoSuchMethodError'{0x000000071850c4e8}: 'java.lang.Object java.lang.invoke.DirectMethodHandle$Holder.newInvokeSpecial(java.lang.Object, java.lang.Object, java.lang.Object, java.lang.Object, java.lang.Object, int, java.lang.Object)'> (0x000000071850c4e8) 
thrown [s\src\hotspot\share\interpreter\linkResolver.cpp, line 784]
Event: 8.288 Thread 0x00000275a7613e80 Exception <a 'java/lang/NoSuchMethodError'{0x0000000718510698}: 'java.lang.Object java.lang.invoke.DirectMethodHandle$Holder.invokeSpecial(java.lang.Object, java.lang.Object, java.lang.Object, java.lang.Object, java.lang.Object, java.lang.Object, int, java.lang.Object)'> (0x0000000718510698) 
thrown [s\src\hotspot\share\interpreter\linkResolver.cpp, line 784]
Event: 8.289 Thread 0x00000275a7613e80 Exception <a 'java/lang/NoSuchMethodError'{0x0000000718513e08}: 'java.lang.Object java.lang.invoke.Invokers$Holder.linkToTargetMethod(java.lang.Object, java.lang.Object, java.lang.Object, java.lang.Object, int, java.lang.Object, java.lang.Object)'> (0x0000000718513e08) 
thrown [s\src\hotspot\share\interpreter\linkResolver.cpp, line 784]
Event: 8.337 Thread 0x00000275a7613e80 Exception <a 'java/lang/NoSuchMethodError'{0x0000000718053f40}: 'java.lang.Object java.lang.invoke.DirectMethodHandle$Holder.newInvokeSpecial(java.lang.Object, java.lang.Object, java.lang.Object, java.lang.Object, int, java.lang.Object)'> (0x0000000718053f40) 
thrown [s\src\hotspot\share\interpreter\linkResolver.cpp, line 784]
Event: 8.337 Thread 0x00000275a7613e80 Exception <a 'java/lang/NoSuchMethodError'{0x0000000718058730}: 'java.lang.Object java.lang.invoke.DirectMethodHandle$Holder.invokeSpecial(java.lang.Object, java.lang.Object, java.lang.Object, java.lang.Object, java.lang.Object, int, java.lang.Object)'> (0x0000000718058730) 
thrown [s\src\hotspot\share\interpreter\linkResolver.cpp, line 784]
Event: 8.337 Thread 0x00000275a7613e80 Exception <a 'java/lang/NoSuchMethodError'{0x000000071805c868}: 'java.lang.Object java.lang.invoke.Invokers$Holder.linkToTargetMethod(java.lang.Object, java.lang.Object, java.lang.Object, int, java.lang.Object, java.lang.Object)'> (0x000000071805c868) 
thrown [s\src\hotspot\share\interpreter\linkResolver.cpp, line 784]
Event: 8.391 Thread 0x00000275a7613e80 Exception <a 'java/lang/NoSuchMethodError'{0x0000000717c5c318}: 'java.lang.Object java.lang.invoke.DirectMethodHandle$Holder.invokeStatic(java.lang.Object, java.lang.Object, java.lang.Object, java.lang.Object, java.lang.Object, int)'> (0x0000000717c5c318) 
thrown [s\src\hotspot\share\interpreter\linkResolver.cpp, line 784]
Event: 8.489 Thread 0x00000275a7613e80 Exception <a 'java/lang/NoSuchMethodError'{0x00000007192d8670}: 'java.lang.Object java.lang.invoke.DirectMethodHandle$Holder.newInvokeSpecial(java.lang.Object, int, int, java.lang.Object)'> (0x00000007192d8670) 
thrown [s\src\hotspot\share\interpreter\linkResolver.cpp, line 784]
Event: 8.490 Thread 0x00000275a7613e80 Exception <a 'java/lang/NoSuchMethodError'{0x00000007192e9ac8}: 'java.lang.Object java.lang.invoke.DirectMethodHandle$Holder.invokeStatic(java.lang.Object, java.lang.Object, int, int, java.lang.Object)'> (0x00000007192e9ac8) 
thrown [s\src\hotspot\share\interpreter\linkResolver.cpp, line 784]
Event: 8.876 Thread 0x00000275a7613e80 Implicit null exception at 0x00000275b53b03bc to 0x00000275b53b05e8
Event: 8.876 Thread 0x00000275a7613e80 Implicit null exception at 0x00000275b524786c to 0x00000275b524796c
Event: 8.893 Thread 0x00000275a7613e80 Implicit null exception at 0x00000275b54401b2 to 0x00000275b5441aa8
Event: 9.805 Thread 0x00000275a7613e80 Implicit null exception at 0x00000275b55a0d58 to 0x00000275b55a1d7c
Event: 9.805 Thread 0x00000275a7613e80 Implicit null exception at 0x00000275b49391f0 to 0x00000275b4939524

ZGC Phase Switch (0 events):
No events

VM Operations (20 events):
Event: 9.146 Executing VM operation: ICBufferFull
Event: 9.146 Executing VM operation: ICBufferFull done
Event: 9.196 Executing VM operation: ICBufferFull
Event: 9.196 Executing VM operation: ICBufferFull done
Event: 9.327 Executing VM operation: G1CollectForAllocation (G1 Evacuation Pause)
Event: 9.332 Executing VM operation: G1CollectForAllocation (G1 Evacuation Pause) done
Event: 9.465 Executing VM operation: ICBufferFull
Event: 9.465 Executing VM operation: ICBufferFull done
Event: 9.617 Executing VM operation: ICBufferFull
Event: 9.617 Executing VM operation: ICBufferFull done
Event: 9.660 Executing VM operation: G1CollectForAllocation (G1 Evacuation Pause)
Event: 9.664 Executing VM operation: G1CollectForAllocation (G1 Evacuation Pause) done
Event: 9.712 Executing VM operation: G1PauseRemark
Event: 9.723 Executing VM operation: G1PauseRemark done
Event: 9.742 Executing VM operation: G1PauseCleanup
Event: 9.742 Executing VM operation: G1PauseCleanup done
Event: 9.817 Executing VM operation: HandshakeAllThreads (Deoptimize)
Event: 9.817 Executing VM operation: HandshakeAllThreads (Deoptimize) done
Event: 9.946 Executing VM operation: HandshakeAllThreads (Deoptimize)
Event: 9.946 Executing VM operation: HandshakeAllThreads (Deoptimize) done

Memory protections (0 events):
No events

Nmethod flushes (20 events):
Event: 9.720 Thread 0x00000275c3f03630 flushing  nmethod 0x00000275b0a8a910
Event: 9.720 Thread 0x00000275c3f03630 flushing  nmethod 0x00000275b0a8c310
Event: 9.720 Thread 0x00000275c3f03630 flushing  nmethod 0x00000275b0a90710
Event: 9.720 Thread 0x00000275c3f03630 flushing  nmethod 0x00000275b0a91510
Event: 9.720 Thread 0x00000275c3f03630 flushing  nmethod 0x00000275b0a92910
Event: 9.720 Thread 0x00000275c3f03630 flushing  nmethod 0x00000275b0a98810
Event: 9.720 Thread 0x00000275c3f03630 flushing  nmethod 0x00000275b0a9b010
Event: 9.720 Thread 0x00000275c3f03630 flushing  nmethod 0x00000275b0a9f710
Event: 9.720 Thread 0x00000275c3f03630 flushing  nmethod 0x00000275b0aa1190
Event: 9.720 Thread 0x00000275c3f03630 flushing  nmethod 0x00000275b0b20090
Event: 9.720 Thread 0x00000275c3f03630 flushing  nmethod 0x00000275b0b26d10
Event: 9.720 Thread 0x00000275c3f03630 flushing  nmethod 0x00000275b0b28290
Event: 9.720 Thread 0x00000275c3f03630 flushing  nmethod 0x00000275b0b32710
Event: 9.720 Thread 0x00000275c3f03630 flushing  nmethod 0x00000275b0bbc410
Event: 9.720 Thread 0x00000275c3f03630 flushing  nmethod 0x00000275b0c98090
Event: 9.720 Thread 0x00000275c3f03630 flushing  nmethod 0x00000275b12f9990
Event: 9.720 Thread 0x00000275c3f03630 flushing  nmethod 0x00000275b14f6090
Event: 9.720 Thread 0x00000275c3f03630 flushing  nmethod 0x00000275b150b690
Event: 9.720 Thread 0x00000275c3f03630 flushing  nmethod 0x00000275b1512310
Event: 9.720 Thread 0x00000275c3f03630 flushing  nmethod 0x00000275b1587410

Events (20 events):
Event: 0.054 Thread 0x00000275a7613e80 Thread added: 0x00000275c4b52570
Event: 0.060 Loaded shared library C:\Program Files\Android\Android Studio1\jbr\bin\net.dll
Event: 0.061 Loaded shared library C:\Program Files\Android\Android Studio1\jbr\bin\nio.dll
Event: 0.067 Thread 0x00000275c496fdd0 Thread added: 0x00000275c4be2df0
Event: 0.067 Thread 0x00000275c496fdd0 Thread added: 0x00000275c4be6bf0
Event: 0.073 Loaded shared library C:\Program Files\Android\Android Studio1\jbr\bin\zip.dll
Event: 0.088 Loaded shared library C:\Program Files\Android\Android Studio1\jbr\bin\jimage.dll
Event: 0.163 Thread 0x00000275c4a000b0 Thread added: 0x00000275c92390d0
Event: 0.237 Thread 0x00000275c4994ea0 Thread added: 0x00000275c950bf10
Event: 0.665 Thread 0x00000275c950bf10 Thread added: 0x00000275ca4eefb0
Event: 0.778 Thread 0x00000275c496fdd0 Thread added: 0x00000275ca5d0a20
Event: 0.783 Thread 0x00000275c4be2df0 Thread added: 0x00000275ca5cf5b0
Event: 0.927 Thread 0x00000275ca5cf5b0 Thread exited: 0x00000275ca5cf5b0
Event: 0.930 Thread 0x00000275ca5d0a20 Thread exited: 0x00000275ca5d0a20
Event: 1.231 Thread 0x00000275c92390d0 Thread added: 0x00000275cc8a7360
Event: 1.237 Thread 0x00000275c92390d0 Thread added: 0x00000275cc8a7a30
Event: 2.978 Thread 0x00000275cc8a7a30 Thread exited: 0x00000275cc8a7a30
Event: 4.481 Thread 0x00000275c92390d0 Thread added: 0x00000275cc40f400
Event: 5.630 Thread 0x00000275cc40f400 Thread exited: 0x00000275cc40f400
Event: 6.000 Thread 0x00000275cc8a7360 Thread added: 0x00000275ca13acf0


Dynamic libraries:
0x00007ff6f2dd0000 - 0x00007ff6f2dda000 	C:\Program Files\Android\Android Studio1\jbr\bin\java.exe
0x00007ff94cba0000 - 0x00007ff94ce07000 	C:\WINDOWS\SYSTEM32\ntdll.dll
0x00007ff94b4d0000 - 0x00007ff94b599000 	C:\WINDOWS\System32\KERNEL32.DLL
0x00007ff9496b0000 - 0x00007ff949aa4000 	C:\WINDOWS\System32\KERNELBASE.dll
0x00007ff949560000 - 0x00007ff9496ab000 	C:\WINDOWS\System32\ucrtbase.dll
0x00007ff9394c0000 - 0x00007ff9394db000 	C:\Program Files\Android\Android Studio1\jbr\bin\VCRUNTIME140.dll
0x00007ff939f10000 - 0x00007ff939f28000 	C:\Program Files\Android\Android Studio1\jbr\bin\jli.dll
0x00007ff94b300000 - 0x00007ff94b4c5000 	C:\WINDOWS\System32\USER32.dll
0x00007ff949470000 - 0x00007ff949497000 	C:\WINDOWS\System32\win32u.dll
0x00007ff926a50000 - 0x00007ff926ce3000 	C:\WINDOWS\WinSxS\amd64_microsoft.windows.common-controls_6595b64144ccf1df_6.0.26100.8115_none_3e075c82e3354f9c\COMCTL32.dll
0x00007ff94add0000 - 0x00007ff94adfb000 	C:\WINDOWS\System32\GDI32.dll
0x00007ff94ba80000 - 0x00007ff94bb29000 	C:\WINDOWS\System32\msvcrt.dll
0x00007ff94a800000 - 0x00007ff94a92b000 	C:\WINDOWS\System32\gdi32full.dll
0x00007ff949ab0000 - 0x00007ff949b53000 	C:\WINDOWS\System32\msvcp_win.dll
0x00007ff94b5a0000 - 0x00007ff94b5d2000 	C:\WINDOWS\System32\IMM32.DLL
0x00007ff93a040000 - 0x00007ff93a04c000 	C:\Program Files\Android\Android Studio1\jbr\bin\vcruntime140_1.dll
0x00007ff937df0000 - 0x00007ff937e7d000 	C:\Program Files\Android\Android Studio1\jbr\bin\msvcp140.dll
0x00007ff816950000 - 0x00007ff8175e6000 	C:\Program Files\Android\Android Studio1\jbr\bin\server\jvm.dll
0x00007ff94b240000 - 0x00007ff94b2f6000 	C:\WINDOWS\System32\ADVAPI32.dll
0x00007ff94bb30000 - 0x00007ff94bbd7000 	C:\WINDOWS\System32\sechost.dll
0x00007ff94acb0000 - 0x00007ff94adc8000 	C:\WINDOWS\System32\RPCRT4.dll
0x00007ff94aba0000 - 0x00007ff94ac20000 	C:\WINDOWS\System32\WS2_32.dll
0x00007ff948090000 - 0x00007ff9480ee000 	C:\WINDOWS\SYSTEM32\POWRPROF.dll
0x00007ff93ff70000 - 0x00007ff93ffa6000 	C:\WINDOWS\SYSTEM32\WINMM.dll
0x00007ff939630000 - 0x00007ff93963b000 	C:\WINDOWS\SYSTEM32\VERSION.dll
0x00007ff948070000 - 0x00007ff948084000 	C:\WINDOWS\SYSTEM32\UMPDC.dll
0x00007ff948280000 - 0x00007ff94829b000 	C:\WINDOWS\SYSTEM32\kernel.appcore.dll
0x00007ff939cc0000 - 0x00007ff939cca000 	C:\Program Files\Android\Android Studio1\jbr\bin\jimage.dll
0x00007ff946e00000 - 0x00007ff947042000 	C:\WINDOWS\SYSTEM32\DBGHELP.DLL
0x00007ff94ae00000 - 0x00007ff94b182000 	C:\WINDOWS\System32\combase.dll
0x00007ff94bf10000 - 0x00007ff94bfe8000 	C:\WINDOWS\System32\OLEAUT32.dll
0x00007ff924a70000 - 0x00007ff924aab000 	C:\WINDOWS\SYSTEM32\dbgcore.DLL
0x00007ff94a5e0000 - 0x00007ff94a685000 	C:\WINDOWS\System32\bcryptPrimitives.dll
0x00007ff9355c0000 - 0x00007ff9355e0000 	C:\Program Files\Android\Android Studio1\jbr\bin\java.dll
0x00007ff9252b0000 - 0x00007ff9252c8000 	C:\Program Files\Android\Android Studio1\jbr\bin\zip.dll
0x00007ff94c290000 - 0x00007ff94c9f7000 	C:\WINDOWS\System32\SHELL32.dll
0x00007ff94a690000 - 0x00007ff94a7fa000 	C:\WINDOWS\System32\wintypes.dll
0x00007ff949ce0000 - 0x00007ff94a548000 	C:\WINDOWS\System32\windows.storage.dll
0x00007ff94bd50000 - 0x00007ff94be48000 	C:\WINDOWS\System32\SHCORE.dll
0x00007ff94bce0000 - 0x00007ff94bd46000 	C:\WINDOWS\System32\shlwapi.dll
0x00007ff949390000 - 0x00007ff9493b9000 	C:\WINDOWS\SYSTEM32\profapi.dll
0x00007ff937e80000 - 0x00007ff937e90000 	C:\Program Files\Android\Android Studio1\jbr\bin\net.dll
0x00007ff943050000 - 0x00007ff94317d000 	C:\WINDOWS\SYSTEM32\WINHTTP.dll
0x00007ff948890000 - 0x00007ff9488fc000 	C:\WINDOWS\system32\mswsock.dll
0x00007ff924d10000 - 0x00007ff924d26000 	C:\Program Files\Android\Android Studio1\jbr\bin\nio.dll
0x00007ff9355b0000 - 0x00007ff9355c0000 	C:\Program Files\Android\Android Studio1\jbr\bin\verify.dll

JVMTI agents: none

dbghelp: loaded successfully - version: 4.0.5 - missing functions: none
symbol engine: initialized successfully - sym options: 0x614 - pdb path: .;C:\Program Files\Android\Android Studio1\jbr\bin;C:\WINDOWS\SYSTEM32;C:\WINDOWS\WinSxS\amd64_microsoft.windows.common-controls_6595b64144ccf1df_6.0.26100.8115_none_3e075c82e3354f9c;C:\Program Files\Android\Android Studio1\jbr\bin\server

VM Arguments:
java_command: org.jetbrains.kotlin.cli.jvm.K2JVMCompiler @D:\MobileApp\app\build\20260418_15658343027645862966.compiler.options
java_class_path (initial): C:\Users\PC\.gradle\caches\modules-2\files-2.1\org.jetbrains.kotlin\kotlin-compiler-embeddable\2.0.21\79346ed53db48b18312a472602eb5c057070c54d\kotlin-compiler-embeddable-2.0.21.jar;C:\Users\PC\.gradle\caches\modules-2\files-2.1\org.jetbrains.kotlin\kotlin-stdlib\2.0.21\618b539767b4899b4660a83006e052b63f1db551\kotlin-stdlib-2.0.21.jar;C:\Users\PC\.gradle\caches\modules-2\files-2.1\org.jetbrains.kotlin\kotlin-script-runtime\2.0.21\c9b044380ad41f89aa89aa896c2d32a8c0b2129d\kotlin-script-runtime-2.0.21.jar;C:\Users\PC\.gradle\caches\modules-2\files-2.1\org.jetbrains.kotlin\kotlin-reflect\1.6.10\1cbe9c92c12a94eea200d23c2bbaedaf3daf5132\kotlin-reflect-1.6.10.jar;C:\Users\PC\.gradle\caches\modules-2\files-2.1\org.jetbrains.kotlin\kotlin-daemon-embeddable\2.0.21\c9e933b23287de9b5a17e2116b4657bb91aea72c\kotlin-daemon-embeddable-2.0.21.jar;C:\Users\PC\.gradle\caches\modules-2\files-2.1\org.jetbrains.intellij.deps\trove4j\1.0.20200330\3afb14d5f9ceb459d724e907a21145e8ff394f02\trove4j-1.0.20200330.jar;C:\Users\PC\.gradle\caches\modules-2\files-2.1\org.jetbrains.kotlinx\kotlinx-coroutines-core-jvm\1.6.4\2c997cd1c0ef33f3e751d3831929aeff1390cb30\kotlinx-coroutines-core-jvm-1.6.4.jar;C:\Users\PC\.gradle\caches\modules-2\files-2.1\org.jetbrains\annotations\13.0\919f0dfe192fb4e063e7dacadee7f8bb9a2672a9\annotations-13.0.jar
Launcher Type: SUN_STANDARD

[Global flags]
     intx CICompilerCount                          = 12                                        {product} {ergonomic}
     uint ConcGCThreads                            = 4                                         {product} {ergonomic}
     uint G1ConcRefinementThreads                  = 15                                        {product} {ergonomic}
   size_t G1HeapRegionSize                         = 2097152                                   {product} {ergonomic}
    uintx GCDrainStackTargetSize                   = 64                                        {product} {ergonomic}
   size_t InitialHeapSize                          = 264241152                                 {product} {ergonomic}
   size_t MarkStackSize                            = 4194304                                   {product} {ergonomic}
   size_t MaxHeapSize                              = 4196401152                                {product} {ergonomic}
   size_t MaxNewSize                               = 2516582400                                {product} {ergonomic}
   size_t MinHeapDeltaBytes                        = 2097152                                   {product} {ergonomic}
   size_t MinHeapSize                              = 8388608                                   {product} {ergonomic}
    uintx NonNMethodCodeHeapSize                   = 7602480                                {pd product} {ergonomic}
    uintx NonProfiledCodeHeapSize                  = 122027880                              {pd product} {ergonomic}
    uintx ProfiledCodeHeapSize                     = 122027880                              {pd product} {ergonomic}
    uintx ReservedCodeCacheSize                    = 251658240                              {pd product} {ergonomic}
     bool SegmentedCodeCache                       = true                                      {product} {ergonomic}
   size_t SoftMaxHeapSize                          = 4196401152                             {manageable} {ergonomic}
     bool UseCompressedOops                        = true                           {product lp64_product} {ergonomic}
     bool UseG1GC                                  = true                                      {product} {ergonomic}
     bool UseLargePagesIndividualAllocation        = false                                  {pd product} {ergonomic}

Logging:
Log output configuration:
 #0: stdout all=warning uptime,level,tags foldmultilines=false
 #1: stderr all=off uptime,level,tags foldmultilines=false

Release file:
JAVA_VERSION="21.0.9" 
MODULES="java.base java.compiler java.datatransfer java.xml java.prefs java.desktop java.instrument java.logging java.management java.security.sasl java.naming java.rmi java.management.rmi java.net.http java.scripting java.security.jgss java.transaction.xa java.sql java.sql.rowset java.xml.crypto java.se java.smartcardio jdk.accessibility jdk.internal.jvmstat jdk.attach jdk.charsets jdk.internal.opt jdk.zipfs jdk.compiler jdk.crypto.ec jdk.crypto.cryptoki jdk.dynalink jdk.hotspot.agent jdk.httpserver jdk.internal.ed jdk.internal.le jdk.internal.vm.ci jdk.jartool jdk.javadoc jdk.jcmd jdk.jdeps jdk.jdwp.agent jdk.jdi jdk.jfr jdk.jlink jdk.jsobject jdk.localedata jdk.management jdk.management.agent jdk.management.jfr jdk.naming.dns jdk.naming.rmi jdk.net jdk.sctp jdk.security.auth jdk.security.jgss jdk.unsupported jdk.unsupported.desktop jdk.xml.dom" 
IMPLEMENTOR="JetBrains s.r.o." 
JAVA_RUNTIME_VERSION="21.0.9+-14787801-b1163.94" 
LIBC="default" 
OS_ARCH="x86_64" 
OS_NAME="Windows" 
SOURCE=".:git:0c757ddc9f2f" 

Environment Variables:
PATH=C:\Program Files\Common Files\Oracle\Java\javapath;C:\Program Files\Eclipse Adoptium\jdk-21.0.9.10-hotspot\bin;C:\Program Files\Microsoft SQL Server\MSSQL16.SQLSERVER\MSSQL\Binn;C:\Program Files\Java\jdk-17\bin;C:\Program Files\Microsoft SQL Server\MSSQL16.MSSQLSERVER\MSSQL\Binn;C:\Program Files\Microsoft SQL Server\MSSQL16.SQLEXPRESS\MSSQL\Binn;C:\Program Files\Git\cmd;C:\Program Files\MySQL\MySQL Server 8.0\bin;D:\apache-maven-3.9.11-bin\bin;D:\apache-maven-3.9.11-bin\apache-maven-3.9.11\bin;D:\Sqlite\sqlite-tools-win-x64-3500400;D:\sqlite;C:\Program Files\nodejs\;C:\Windows\System32;C:\Program Files\dotnet\;C:\Program Files\Docker\Docker\resources\bin;C:\Program Files\swipl\bin;D:\sonar-scanner-8.0.1.6346-windows-x64\bin;C:\Users\PC\AppData\Local\Microsoft\WindowsApps;C:\Users\PC\.dotnet\tools;C:\xampp\php;C:\Users\PC\.vscode\extensions\flutter\bin;C:\Users\PC\AppData\Local\Programs\Microsoft VS Code\bin;C:\Users\PC\AppData\Roaming\npm;C:\Program Files\JetBrains\PyCharm 2025.3.3\bin;C:\Users\PC\AppData\Local\Programs\Antigravity\bin
USERNAME=PC
OS=Windows_NT
PROCESSOR_IDENTIFIER=Intel64 Family 6 Model 154 Stepping 3, GenuineIntel
TMP=C:\Users\PC\AppData\Local\Temp
TEMP=C:\Users\PC\AppData\Local\Temp




Periodic native trim disabled

JNI global refs:
JNI global refs: 25, weak refs: 7

JNI global refs memory usage: 835, weak refs: 833

Process memory usage:
Resident Set Size: 728288K (4% of 16388644K total physical memory with 1204952K free physical memory)

OOME stack traces (most recent first):
Classloader memory used:
Loader jdk.internal.loader.ClassLoaders$AppClassLoader                                 : 86201K
Loader bootstrap                                                                       : 12171K
Loader java.net.URLClassLoader                                                         : 2640K

---------------  S Y S T E M  ---------------

OS:
 Windows 11 , 64 bit Build 26100 (10.0.26100.8246)
OS uptime: 0 days 5:16 hours

CPU: total 20 (initial active 20) (10 cores per cpu, 2 threads per core) family 6 model 154 stepping 3 microcode 0x429, cx8, cmov, fxsr, ht, mmx, 3dnowpref, sse, sse2, sse3, ssse3, sse4.1, sse4.2, popcnt, lzcnt, tsc, tscinvbit, avx, avx2, aes, erms, clmul, bmi1, bmi2, adx, sha, fma, vzeroupper, clflush, clflushopt, clwb, serialize, rdtscp, rdpid, fsrm, f16c, pku, cet_ibt, cet_ss
Processor Information for the first 20 processors :
  Max Mhz: 2300, Current Mhz: 2300, Mhz Limit: 2300

Memory: 4k page, system-wide physical 16004M (1176M free)
TotalPageFile size 25817M (AvailPageFile size 11M)
current process WorkingSet (physical memory assigned to process): 714M, peak: 714M
current process commit charge ("private bytes"): 755M, peak: 755M

vm_info: OpenJDK 64-Bit Server VM (21.0.9+-14787801-b1163.94) for windows-amd64 JRE (21.0.9+-14787801-b1163.94), built on 2026-01-27T21:15:44Z by "builder" with MS VC++ 16.10 / 16.11 (VS2019)

END.
